[0.013s] Invoking command in '/home/praj/Desktop/robot_learning/data_collection/data_col_ws/build/ur_moveit_config': CMAKE_PREFIX_PATH=${CMAKE_PREFIX_PATH}:/home/praj/Desktop/robot_learning/data_collection/data_col_ws/install/ur10e_data_collector:/opt/ros/humble /usr/bin/cmake /home/praj/Desktop/robot_learning/data_collection/data_col_ws/src/Universal_Robots_ROS2_Driver/ur_moveit_config -DCMAKE_INSTALL_PREFIX=/home/praj/Desktop/robot_learning/data_collection/data_col_ws/install/ur_moveit_config
[0.130s] -- The C compiler identification is GNU 11.4.0
[0.238s] -- The CXX compiler identification is GNU 11.4.0
[0.250s] -- Detecting C compiler ABI info
[0.321s] -- Detecting C compiler ABI info - done
[0.331s] -- Check for working C compiler: /usr/bin/cc - skipped
[0.332s] -- Detecting C compile features
[0.332s] -- Detecting C compile features - done
[0.336s] -- Detecting CXX compiler ABI info
[0.419s] -- Detecting CXX compiler ABI info - done
[0.430s] -- Check for working CXX compiler: /usr/bin/c++ - skipped
[0.431s] -- Detecting CXX compile features
[0.431s] -- Detecting CXX compile features - done
[0.436s] -- Found ament_cmake: 1.3.11 (/opt/ros/humble/share/ament_cmake/cmake)
[0.587s] -- Found Python3: /usr/bin/python3 (found version "3.10.12") found components: Interpreter 
[0.834s] -- Configuring done
[0.838s] -- Generating done
[0.841s] -- Build files have been written to: /home/praj/Desktop/robot_learning/data_collection/data_col_ws/build/ur_moveit_config
[0.848s] Invoked command in '/home/praj/Desktop/robot_learning/data_collection/data_col_ws/build/ur_moveit_config' returned '0': CMAKE_PREFIX_PATH=${CMAKE_PREFIX_PATH}:/home/praj/Desktop/robot_learning/data_collection/data_col_ws/install/ur10e_data_collector:/opt/ros/humble /usr/bin/cmake /home/praj/Desktop/robot_learning/data_collection/data_col_ws/src/Universal_Robots_ROS2_Driver/ur_moveit_config -DCMAKE_INSTALL_PREFIX=/home/praj/Desktop/robot_learning/data_collection/data_col_ws/install/ur_moveit_config
[0.850s] Invoking command in '/home/praj/Desktop/robot_learning/data_collection/data_col_ws/build/ur_moveit_config': CMAKE_PREFIX_PATH=${CMAKE_PREFIX_PATH}:/home/praj/Desktop/robot_learning/data_collection/data_col_ws/install/ur10e_data_collector:/opt/ros/humble /usr/bin/cmake --build /home/praj/Desktop/robot_learning/data_collection/data_col_ws/build/ur_moveit_config -- -j12 -l12
[0.895s] Built target ament_cmake_python_copy_ur_moveit_config
[1.149s] running egg_info
[1.149s] creating ur_moveit_config.egg-info
[1.149s] writing ur_moveit_config.egg-info/PKG-INFO
[1.150s] writing dependency_links to ur_moveit_config.egg-info/dependency_links.txt
[1.150s] writing top-level names to ur_moveit_config.egg-info/top_level.txt
[1.150s] writing manifest file 'ur_moveit_config.egg-info/SOURCES.txt'
[1.153s] reading manifest file 'ur_moveit_config.egg-info/SOURCES.txt'
[1.153s] writing manifest file 'ur_moveit_config.egg-info/SOURCES.txt'
[1.185s] Built target ament_cmake_python_build_ur_moveit_config_egg
[1.197s] Invoked command in '/home/praj/Desktop/robot_learning/data_collection/data_col_ws/build/ur_moveit_config' returned '0': CMAKE_PREFIX_PATH=${CMAKE_PREFIX_PATH}:/home/praj/Desktop/robot_learning/data_collection/data_col_ws/install/ur10e_data_collector:/opt/ros/humble /usr/bin/cmake --build /home/praj/Desktop/robot_learning/data_collection/data_col_ws/build/ur_moveit_config -- -j12 -l12
[1.206s] Invoking command in '/home/praj/Desktop/robot_learning/data_collection/data_col_ws/build/ur_moveit_config': CMAKE_PREFIX_PATH=${CMAKE_PREFIX_PATH}:/home/praj/Desktop/robot_learning/data_collection/data_col_ws/install/ur10e_data_collector:/opt/ros/humble /usr/bin/cmake --install /home/praj/Desktop/robot_learning/data_collection/data_col_ws/build/ur_moveit_config
[1.211s] -- Install configuration: ""
[1.212s] -- Installing: /home/praj/Desktop/robot_learning/data_collection/data_col_ws/install/ur_moveit_config/share/ur_moveit_config/config
[1.212s] -- Installing: /home/praj/Desktop/robot_learning/data_collection/data_col_ws/install/ur_moveit_config/share/ur_moveit_config/config/controllers.yaml
[1.212s] -- Installing: /home/praj/Desktop/robot_learning/data_collection/data_col_ws/install/ur_moveit_config/share/ur_moveit_config/config/ur_servo.yaml
[1.212s] -- Installing: /home/praj/Desktop/robot_learning/data_collection/data_col_ws/install/ur_moveit_config/share/ur_moveit_config/config/ompl_planning.yaml
[1.212s] -- Installing: /home/praj/Desktop/robot_learning/data_collection/data_col_ws/install/ur_moveit_config/share/ur_moveit_config/config/joint_limits.yaml
[1.212s] -- Installing: /home/praj/Desktop/robot_learning/data_collection/data_col_ws/install/ur_moveit_config/share/ur_moveit_config/config/kinematics.yaml
[1.212s] -- Installing: /home/praj/Desktop/robot_learning/data_collection/data_col_ws/install/ur_moveit_config/share/ur_moveit_config/launch
[1.212s] -- Installing: /home/praj/Desktop/robot_learning/data_collection/data_col_ws/install/ur_moveit_config/share/ur_moveit_config/launch/ur_moveit.launch.py
[1.213s] -- Installing: /home/praj/Desktop/robot_learning/data_collection/data_col_ws/install/ur_moveit_config/share/ur_moveit_config/rviz
[1.213s] -- Installing: /home/praj/Desktop/robot_learning/data_collection/data_col_ws/install/ur_moveit_config/share/ur_moveit_config/rviz/view_robot.rviz
[1.213s] -- Installing: /home/praj/Desktop/robot_learning/data_collection/data_col_ws/install/ur_moveit_config/share/ur_moveit_config/srdf
[1.213s] -- Installing: /home/praj/Desktop/robot_learning/data_collection/data_col_ws/install/ur_moveit_config/share/ur_moveit_config/srdf/ur_macro.srdf.xacro
[1.213s] -- Installing: /home/praj/Desktop/robot_learning/data_collection/data_col_ws/install/ur_moveit_config/share/ur_moveit_config/srdf/ur.srdf.xacro
[1.213s] -- Installing: /home/praj/Desktop/robot_learning/data_collection/data_col_ws/install/ur_moveit_config/share/ur_moveit_config/environment/pythonpath.sh
[1.213s] -- Installing: /home/praj/Desktop/robot_learning/data_collection/data_col_ws/install/ur_moveit_config/share/ur_moveit_config/environment/pythonpath.dsv
[1.213s] -- Installing: /home/praj/Desktop/robot_learning/data_collection/data_col_ws/install/ur_moveit_config/local/lib/python3.10/dist-packages/ur_moveit_config-2.5.2-py3.10.egg-info
[1.213s] -- Installing: /home/praj/Desktop/robot_learning/data_collection/data_col_ws/install/ur_moveit_config/local/lib/python3.10/dist-packages/ur_moveit_config-2.5.2-py3.10.egg-info/dependency_links.txt
[1.214s] -- Installing: /home/praj/Desktop/robot_learning/data_collection/data_col_ws/install/ur_moveit_config/local/lib/python3.10/dist-packages/ur_moveit_config-2.5.2-py3.10.egg-info/SOURCES.txt
[1.214s] -- Installing: /home/praj/Desktop/robot_learning/data_collection/data_col_ws/install/ur_moveit_config/local/lib/python3.10/dist-packages/ur_moveit_config-2.5.2-py3.10.egg-info/top_level.txt
[1.214s] -- Installing: /home/praj/Desktop/robot_learning/data_collection/data_col_ws/install/ur_moveit_config/local/lib/python3.10/dist-packages/ur_moveit_config-2.5.2-py3.10.egg-info/PKG-INFO
[1.214s] -- Installing: /home/praj/Desktop/robot_learning/data_collection/data_col_ws/install/ur_moveit_config/local/lib/python3.10/dist-packages/ur_moveit_config
[1.214s] -- Installing: /home/praj/Desktop/robot_learning/data_collection/data_col_ws/install/ur_moveit_config/local/lib/python3.10/dist-packages/ur_moveit_config/launch_common.py
[1.214s] -- Installing: /home/praj/Desktop/robot_learning/data_collection/data_col_ws/install/ur_moveit_config/local/lib/python3.10/dist-packages/ur_moveit_config/__init__.py
[1.245s] Listing '/home/praj/Desktop/robot_learning/data_collection/data_col_ws/install/ur_moveit_config/local/lib/python3.10/dist-packages/ur_moveit_config'...
[1.245s] Compiling '/home/praj/Desktop/robot_learning/data_collection/data_col_ws/install/ur_moveit_config/local/lib/python3.10/dist-packages/ur_moveit_config/__init__.py'...
[1.245s] Compiling '/home/praj/Desktop/robot_learning/data_collection/data_col_ws/install/ur_moveit_config/local/lib/python3.10/dist-packages/ur_moveit_config/launch_common.py'...
[1.249s] -- Installing: /home/praj/Desktop/robot_learning/data_collection/data_col_ws/install/ur_moveit_config/local/lib/python3.10/dist-packages/launch_common.py
[1.287s] Compiling '/home/praj/Desktop/robot_learning/data_collection/data_col_ws/install/ur_moveit_config/local/lib/python3.10/dist-packages/launch_common.py'...
[1.292s] -- Installing: /home/praj/Desktop/robot_learning/data_collection/data_col_ws/install/ur_moveit_config/share/ament_index/resource_index/package_run_dependencies/ur_moveit_config
[1.292s] -- Installing: /home/praj/Desktop/robot_learning/data_collection/data_col_ws/install/ur_moveit_config/share/ament_index/resource_index/parent_prefix_path/ur_moveit_config
[1.292s] -- Installing: /home/praj/Desktop/robot_learning/data_collection/data_col_ws/install/ur_moveit_config/share/ur_moveit_config/environment/ament_prefix_path.sh
[1.293s] -- Installing: /home/praj/Desktop/robot_learning/data_collection/data_col_ws/install/ur_moveit_config/share/ur_moveit_config/environment/ament_prefix_path.dsv
[1.293s] -- Installing: /home/praj/Desktop/robot_learning/data_collection/data_col_ws/install/ur_moveit_config/share/ur_moveit_config/environment/path.sh
[1.293s] -- Installing: /home/praj/Desktop/robot_learning/data_collection/data_col_ws/install/ur_moveit_config/share/ur_moveit_config/environment/path.dsv
[1.293s] -- Installing: /home/praj/Desktop/robot_learning/data_collection/data_col_ws/install/ur_moveit_config/share/ur_moveit_config/local_setup.bash
[1.294s] -- Installing: /home/praj/Desktop/robot_learning/data_collection/data_col_ws/install/ur_moveit_config/share/ur_moveit_config/local_setup.sh
[1.294s] -- Installing: /home/praj/Desktop/robot_learning/data_collection/data_col_ws/install/ur_moveit_config/share/ur_moveit_config/local_setup.zsh
[1.294s] -- Installing: /home/praj/Desktop/robot_learning/data_collection/data_col_ws/install/ur_moveit_config/share/ur_moveit_config/local_setup.dsv
[1.294s] -- Installing: /home/praj/Desktop/robot_learning/data_collection/data_col_ws/install/ur_moveit_config/share/ur_moveit_config/package.dsv
[1.294s] -- Installing: /home/praj/Desktop/robot_learning/data_collection/data_col_ws/install/ur_moveit_config/share/ament_index/resource_index/packages/ur_moveit_config
[1.294s] -- Installing: /home/praj/Desktop/robot_learning/data_collection/data_col_ws/install/ur_moveit_config/share/ur_moveit_config/cmake/ur_moveit_configConfig.cmake
[1.295s] -- Installing: /home/praj/Desktop/robot_learning/data_collection/data_col_ws/install/ur_moveit_config/share/ur_moveit_config/cmake/ur_moveit_configConfig-version.cmake
[1.295s] -- Installing: /home/praj/Desktop/robot_learning/data_collection/data_col_ws/install/ur_moveit_config/share/ur_moveit_config/package.xml
[1.297s] Invoked command in '/home/praj/Desktop/robot_learning/data_collection/data_col_ws/build/ur_moveit_config' returned '0': CMAKE_PREFIX_PATH=${CMAKE_PREFIX_PATH}:/home/praj/Desktop/robot_learning/data_collection/data_col_ws/install/ur10e_data_collector:/opt/ros/humble /usr/bin/cmake --install /home/praj/Desktop/robot_learning/data_collection/data_col_ws/build/ur_moveit_config
