[0.015s] Invoking command in '/home/praj/Desktop/robot_learning/data_collection/data_col_ws/build/ur': CMAKE_PREFIX_PATH=/home/praj/Desktop/robot_learning/data_collection/data_col_ws/install/ur_calibration:/home/praj/Desktop/robot_learning/data_collection/data_col_ws/install/ur_robot_driver:/home/praj/Desktop/robot_learning/data_collection/data_col_ws/install/ur_controllers:/home/praj/Desktop/robot_learning/data_collection/data_col_ws/install/ur_moveit_config:/home/praj/Desktop/robot_learning/data_collection/data_col_ws/install/ur_dashboard_msgs:/home/praj/Desktop/robot_learning/data_collection/data_col_ws/install/ur:/home/praj/Desktop/robot_learning/data_collection/data_col_ws/install/ur_bringup:/home/praj/Desktop/robot_learning/data_collection/data_col_ws/install/ur10e_data_collector:/opt/ros/humble LD_LIBRARY_PATH=/home/praj/Desktop/robot_learning/data_collection/data_col_ws/install/ur_robot_driver/lib:/home/praj/Desktop/robot_learning/data_collection/data_col_ws/install/ur_controllers/lib:/home/praj/Desktop/robot_learning/data_collection/data_col_ws/install/ur_dashboard_msgs/lib:/opt/ros/humble/opt/rviz_ogre_vendor/lib:/opt/ros/humble/lib/x86_64-linux-gnu:/opt/ros/humble/lib /usr/bin/cmake /home/praj/Desktop/robot_learning/data_collection/data_col_ws/src/Universal_Robots_ROS2_Driver/ur -DCMAKE_INSTALL_PREFIX=/home/praj/Desktop/robot_learning/data_collection/data_col_ws/install/ur
[0.069s] -- The C compiler identification is GNU 11.4.0
[0.130s] -- The CXX compiler identification is GNU 11.4.0
[0.139s] -- Detecting C compiler ABI info
[0.206s] -- Detecting C compiler ABI info - done
[0.217s] -- Check for working C compiler: /usr/bin/cc - skipped
[0.217s] -- Detecting C compile features
[0.218s] -- Detecting C compile features - done
[0.221s] -- Detecting CXX compiler ABI info
[0.299s] -- Detecting CXX compiler ABI info - done
[0.310s] -- Check for working CXX compiler: /usr/bin/c++ - skipped
[0.310s] -- Detecting CXX compile features
[0.311s] -- Detecting CXX compile features - done
[0.314s] -- Found ament_cmake: 1.3.11 (/opt/ros/humble/share/ament_cmake/cmake)
[0.463s] -- Found Python3: /usr/bin/python3 (found version "3.10.12") found components: Interpreter 
[0.555s] -- Found ament_lint_auto: 0.12.11 (/opt/ros/humble/share/ament_lint_auto/cmake)
[0.633s] -- Added test 'lint_cmake' to check CMake code style
[0.634s] -- Added test 'xmllint' to check XML markup files
[0.636s] -- Configuring done
[0.639s] -- Generating done
[0.641s] -- Build files have been written to: /home/praj/Desktop/robot_learning/data_collection/data_col_ws/build/ur
[0.646s] Invoked command in '/home/praj/Desktop/robot_learning/data_collection/data_col_ws/build/ur' returned '0': CMAKE_PREFIX_PATH=/home/praj/Desktop/robot_learning/data_collection/data_col_ws/install/ur_calibration:/home/praj/Desktop/robot_learning/data_collection/data_col_ws/install/ur_robot_driver:/home/praj/Desktop/robot_learning/data_collection/data_col_ws/install/ur_controllers:/home/praj/Desktop/robot_learning/data_collection/data_col_ws/install/ur_moveit_config:/home/praj/Desktop/robot_learning/data_collection/data_col_ws/install/ur_dashboard_msgs:/home/praj/Desktop/robot_learning/data_collection/data_col_ws/install/ur:/home/praj/Desktop/robot_learning/data_collection/data_col_ws/install/ur_bringup:/home/praj/Desktop/robot_learning/data_collection/data_col_ws/install/ur10e_data_collector:/opt/ros/humble LD_LIBRARY_PATH=/home/praj/Desktop/robot_learning/data_collection/data_col_ws/install/ur_robot_driver/lib:/home/praj/Desktop/robot_learning/data_collection/data_col_ws/install/ur_controllers/lib:/home/praj/Desktop/robot_learning/data_collection/data_col_ws/install/ur_dashboard_msgs/lib:/opt/ros/humble/opt/rviz_ogre_vendor/lib:/opt/ros/humble/lib/x86_64-linux-gnu:/opt/ros/humble/lib /usr/bin/cmake /home/praj/Desktop/robot_learning/data_collection/data_col_ws/src/Universal_Robots_ROS2_Driver/ur -DCMAKE_INSTALL_PREFIX=/home/praj/Desktop/robot_learning/data_collection/data_col_ws/install/ur
[0.648s] Invoking command in '/home/praj/Desktop/robot_learning/data_collection/data_col_ws/build/ur': CMAKE_PREFIX_PATH=/home/praj/Desktop/robot_learning/data_collection/data_col_ws/install/ur_calibration:/home/praj/Desktop/robot_learning/data_collection/data_col_ws/install/ur_robot_driver:/home/praj/Desktop/robot_learning/data_collection/data_col_ws/install/ur_controllers:/home/praj/Desktop/robot_learning/data_collection/data_col_ws/install/ur_moveit_config:/home/praj/Desktop/robot_learning/data_collection/data_col_ws/install/ur_dashboard_msgs:/home/praj/Desktop/robot_learning/data_collection/data_col_ws/install/ur:/home/praj/Desktop/robot_learning/data_collection/data_col_ws/install/ur_bringup:/home/praj/Desktop/robot_learning/data_collection/data_col_ws/install/ur10e_data_collector:/opt/ros/humble LD_LIBRARY_PATH=/home/praj/Desktop/robot_learning/data_collection/data_col_ws/install/ur_robot_driver/lib:/home/praj/Desktop/robot_learning/data_collection/data_col_ws/install/ur_controllers/lib:/home/praj/Desktop/robot_learning/data_collection/data_col_ws/install/ur_dashboard_msgs/lib:/opt/ros/humble/opt/rviz_ogre_vendor/lib:/opt/ros/humble/lib/x86_64-linux-gnu:/opt/ros/humble/lib /usr/bin/cmake --build /home/praj/Desktop/robot_learning/data_collection/data_col_ws/build/ur -- -j12 -l12
[0.681s] Invoked command in '/home/praj/Desktop/robot_learning/data_collection/data_col_ws/build/ur' returned '0': CMAKE_PREFIX_PATH=/home/praj/Desktop/robot_learning/data_collection/data_col_ws/install/ur_calibration:/home/praj/Desktop/robot_learning/data_collection/data_col_ws/install/ur_robot_driver:/home/praj/Desktop/robot_learning/data_collection/data_col_ws/install/ur_controllers:/home/praj/Desktop/robot_learning/data_collection/data_col_ws/install/ur_moveit_config:/home/praj/Desktop/robot_learning/data_collection/data_col_ws/install/ur_dashboard_msgs:/home/praj/Desktop/robot_learning/data_collection/data_col_ws/install/ur:/home/praj/Desktop/robot_learning/data_collection/data_col_ws/install/ur_bringup:/home/praj/Desktop/robot_learning/data_collection/data_col_ws/install/ur10e_data_collector:/opt/ros/humble LD_LIBRARY_PATH=/home/praj/Desktop/robot_learning/data_collection/data_col_ws/install/ur_robot_driver/lib:/home/praj/Desktop/robot_learning/data_collection/data_col_ws/install/ur_controllers/lib:/home/praj/Desktop/robot_learning/data_collection/data_col_ws/install/ur_dashboard_msgs/lib:/opt/ros/humble/opt/rviz_ogre_vendor/lib:/opt/ros/humble/lib/x86_64-linux-gnu:/opt/ros/humble/lib /usr/bin/cmake --build /home/praj/Desktop/robot_learning/data_collection/data_col_ws/build/ur -- -j12 -l12
[0.683s] Invoking command in '/home/praj/Desktop/robot_learning/data_collection/data_col_ws/build/ur': CMAKE_PREFIX_PATH=/home/praj/Desktop/robot_learning/data_collection/data_col_ws/install/ur_calibration:/home/praj/Desktop/robot_learning/data_collection/data_col_ws/install/ur_robot_driver:/home/praj/Desktop/robot_learning/data_collection/data_col_ws/install/ur_controllers:/home/praj/Desktop/robot_learning/data_collection/data_col_ws/install/ur_moveit_config:/home/praj/Desktop/robot_learning/data_collection/data_col_ws/install/ur_dashboard_msgs:/home/praj/Desktop/robot_learning/data_collection/data_col_ws/install/ur:/home/praj/Desktop/robot_learning/data_collection/data_col_ws/install/ur_bringup:/home/praj/Desktop/robot_learning/data_collection/data_col_ws/install/ur10e_data_collector:/opt/ros/humble LD_LIBRARY_PATH=/home/praj/Desktop/robot_learning/data_collection/data_col_ws/install/ur_robot_driver/lib:/home/praj/Desktop/robot_learning/data_collection/data_col_ws/install/ur_controllers/lib:/home/praj/Desktop/robot_learning/data_collection/data_col_ws/install/ur_dashboard_msgs/lib:/opt/ros/humble/opt/rviz_ogre_vendor/lib:/opt/ros/humble/lib/x86_64-linux-gnu:/opt/ros/humble/lib /usr/bin/cmake --install /home/praj/Desktop/robot_learning/data_collection/data_col_ws/build/ur
[0.688s] -- Install configuration: ""
[0.688s] -- Installing: /home/praj/Desktop/robot_learning/data_collection/data_col_ws/install/ur/share/ament_index/resource_index/package_run_dependencies/ur
[0.689s] -- Installing: /home/praj/Desktop/robot_learning/data_collection/data_col_ws/install/ur/share/ament_index/resource_index/parent_prefix_path/ur
[0.689s] -- Installing: /home/praj/Desktop/robot_learning/data_collection/data_col_ws/install/ur/share/ur/environment/ament_prefix_path.sh
[0.689s] -- Installing: /home/praj/Desktop/robot_learning/data_collection/data_col_ws/install/ur/share/ur/environment/ament_prefix_path.dsv
[0.689s] -- Installing: /home/praj/Desktop/robot_learning/data_collection/data_col_ws/install/ur/share/ur/environment/path.sh
[0.689s] -- Installing: /home/praj/Desktop/robot_learning/data_collection/data_col_ws/install/ur/share/ur/environment/path.dsv
[0.690s] -- Installing: /home/praj/Desktop/robot_learning/data_collection/data_col_ws/install/ur/share/ur/local_setup.bash
[0.690s] -- Installing: /home/praj/Desktop/robot_learning/data_collection/data_col_ws/install/ur/share/ur/local_setup.sh
[0.690s] -- Installing: /home/praj/Desktop/robot_learning/data_collection/data_col_ws/install/ur/share/ur/local_setup.zsh
[0.690s] -- Installing: /home/praj/Desktop/robot_learning/data_collection/data_col_ws/install/ur/share/ur/local_setup.dsv
[0.690s] -- Installing: /home/praj/Desktop/robot_learning/data_collection/data_col_ws/install/ur/share/ur/package.dsv
[0.690s] -- Installing: /home/praj/Desktop/robot_learning/data_collection/data_col_ws/install/ur/share/ament_index/resource_index/packages/ur
[0.690s] -- Installing: /home/praj/Desktop/robot_learning/data_collection/data_col_ws/install/ur/share/ur/cmake/urConfig.cmake
[0.691s] -- Installing: /home/praj/Desktop/robot_learning/data_collection/data_col_ws/install/ur/share/ur/cmake/urConfig-version.cmake
[0.691s] -- Installing: /home/praj/Desktop/robot_learning/data_collection/data_col_ws/install/ur/share/ur/package.xml
[0.693s] Invoked command in '/home/praj/Desktop/robot_learning/data_collection/data_col_ws/build/ur' returned '0': CMAKE_PREFIX_PATH=/home/praj/Desktop/robot_learning/data_collection/data_col_ws/install/ur_calibration:/home/praj/Desktop/robot_learning/data_collection/data_col_ws/install/ur_robot_driver:/home/praj/Desktop/robot_learning/data_collection/data_col_ws/install/ur_controllers:/home/praj/Desktop/robot_learning/data_collection/data_col_ws/install/ur_moveit_config:/home/praj/Desktop/robot_learning/data_collection/data_col_ws/install/ur_dashboard_msgs:/home/praj/Desktop/robot_learning/data_collection/data_col_ws/install/ur:/home/praj/Desktop/robot_learning/data_collection/data_col_ws/install/ur_bringup:/home/praj/Desktop/robot_learning/data_collection/data_col_ws/install/ur10e_data_collector:/opt/ros/humble LD_LIBRARY_PATH=/home/praj/Desktop/robot_learning/data_collection/data_col_ws/install/ur_robot_driver/lib:/home/praj/Desktop/robot_learning/data_collection/data_col_ws/install/ur_controllers/lib:/home/praj/Desktop/robot_learning/data_collection/data_col_ws/install/ur_dashboard_msgs/lib:/opt/ros/humble/opt/rviz_ogre_vendor/lib:/opt/ros/humble/lib/x86_64-linux-gnu:/opt/ros/humble/lib /usr/bin/cmake --install /home/praj/Desktop/robot_learning/data_collection/data_col_ws/build/ur
