[0.011s] Invoking command in '/home/praj/Desktop/robot_learning/data_collection/data_col_ws/build/ur_robot_driver': AMENT_PREFIX_PATH=/home/praj/Desktop/robot_learning/data_collection/data_col_ws/install/ur_controllers:/home/praj/Desktop/robot_learning/data_collection/data_col_ws/install/ur_dashboard_msgs:${AMENT_PREFIX_PATH} CMAKE_PREFIX_PATH=/home/praj/Desktop/robot_learning/data_collection/data_col_ws/install/ur_controllers:/home/praj/Desktop/robot_learning/data_collection/data_col_ws/install/ur_dashboard_msgs:/home/praj/Desktop/robot_learning/data_collection/data_col_ws/install/ur_robot_driver:/home/praj/Desktop/robot_learning/data_collection/data_col_ws/install/ur10e_data_collector:/opt/ros/humble LD_LIBRARY_PATH=/home/praj/Desktop/robot_learning/data_collection/data_col_ws/install/ur_controllers/lib:/home/praj/Desktop/robot_learning/data_collection/data_col_ws/install/ur_dashboard_msgs/lib:${LD_LIBRARY_PATH} PYTHONPATH=/home/praj/Desktop/robot_learning/data_collection/data_col_ws/install/ur_dashboard_msgs/local/lib/python3.10/dist-packages:${PYTHONPATH} /usr/bin/cmake /home/praj/Desktop/robot_learning/data_collection/data_col_ws/src/Universal_Robots_ROS2_Driver/ur_robot_driver -DCMAKE_INSTALL_PREFIX=/home/praj/Desktop/robot_learning/data_collection/data_col_ws/install/ur_robot_driver
[0.074s] -- The C compiler identification is GNU 11.4.0
[0.132s] -- The CXX compiler identification is GNU 11.4.0
[0.139s] -- Detecting C compiler ABI info
[0.207s] -- Detecting C compiler ABI info - done
[0.218s] -- Check for working C compiler: /usr/bin/cc - skipped
[0.218s] -- Detecting C compile features
[0.219s] -- Detecting C compile features - done
[0.222s] -- Detecting CXX compiler ABI info
[0.318s] -- Detecting CXX compiler ABI info - done
[0.329s] -- Check for working CXX compiler: /usr/bin/c++ - skipped
[0.329s] -- Detecting CXX compile features
[0.330s] -- Detecting CXX compile features - done
[0.331s] [0mur_robot_driver: You did not request a specific build type: selecting 'RelWithDebInfo'.[0m
[0.333s] -- Found ament_cmake: 1.3.11 (/opt/ros/humble/share/ament_cmake/cmake)
[0.523s] -- Found Python3: /usr/bin/python3 (found version "3.10.12") found components: Interpreter 
[0.625s] -- Found controller_manager: 2.48.0 (/opt/ros/humble/share/controller_manager/cmake)
[0.688s] -- Found rosidl_generator_c: 3.1.6 (/opt/ros/humble/share/rosidl_generator_c/cmake)
[0.693s] -- Found rosidl_adapter: 3.1.6 (/opt/ros/humble/share/rosidl_adapter/cmake)
[0.703s] -- Found rosidl_generator_cpp: 3.1.6 (/opt/ros/humble/share/rosidl_generator_cpp/cmake)
[0.721s] -- Using all available rosidl_typesupport_c: rosidl_typesupport_fastrtps_c;rosidl_typesupport_introspection_c
[0.739s] -- Using all available rosidl_typesupport_cpp: rosidl_typesupport_fastrtps_cpp;rosidl_typesupport_introspection_cpp
[1.029s] -- Found rmw_implementation_cmake: 6.1.2 (/opt/ros/humble/share/rmw_implementation_cmake/cmake)
[1.032s] -- Found rmw_fastrtps_cpp: 6.2.7 (/opt/ros/humble/share/rmw_fastrtps_cpp/cmake)
[1.065s] -- Found TinyXML2 via Config file: TinyXML2_DIR-NOTFOUND
[1.130s] -- Found OpenSSL: /usr/lib/x86_64-linux-gnu/libcrypto.so (found version "3.0.2")  
[1.133s] -- Found TinyXML2 via Config file: TinyXML2_DIR-NOTFOUND
[1.153s] -- Found FastRTPS: /opt/ros/humble/include  
[1.157s] -- Found TinyXML2 via Config file: TinyXML2_DIR-NOTFOUND
[1.166s] -- Found TinyXML2 via Config file: TinyXML2_DIR-NOTFOUND
[1.182s] -- Using RMW implementation 'rmw_fastrtps_cpp' as default
[1.190s] -- Looking for pthread.h
[1.349s] -- Looking for pthread.h - found
[1.349s] -- Performing Test CMAKE_HAVE_LIBC_PTHREAD
[1.466s] -- Performing Test CMAKE_HAVE_LIBC_PTHREAD - Success
[1.467s] -- Found Threads: TRUE  
[1.582s] -- Found rclpy: 3.3.15 (/opt/ros/humble/share/rclpy/cmake)
[1.584s] -- Found std_srvs: 4.2.4 (/opt/ros/humble/share/std_srvs/cmake)
[1.597s] -- Found tf2_geometry_msgs: 0.25.12 (/opt/ros/humble/share/tf2_geometry_msgs/cmake)
[1.611s] -- Found eigen3_cmake_module: 0.1.1 (/opt/ros/humble/share/eigen3_cmake_module/cmake)
[1.612s] -- Found Eigen3: TRUE (found version "3.4.0") 
[1.612s] -- Ensuring Eigen3 include directory is part of orocos-kdl CMake target
[1.688s] -- Found ur_dashboard_msgs: 2.5.2 (/home/praj/Desktop/robot_learning/data_collection/data_col_ws/install/ur_dashboard_msgs/share/ur_dashboard_msgs/cmake)
[1.712s] -- Found ur_msgs: 2.1.0 (/opt/ros/humble/share/ur_msgs/cmake)
[2.059s] -- Found ur_controllers: 2.5.2 (/home/praj/Desktop/robot_learning/data_collection/data_col_ws/install/ur_controllers/share/ur_controllers/cmake)
[2.212s] -- Found ur_description: 2.1.10 (/opt/ros/humble/share/ur_description/cmake)
[2.215s] -- Found launch_testing_ament_cmake: 1.0.7 (/opt/ros/humble/share/launch_testing_ament_cmake/cmake)
[2.217s] -- Found python_cmake_module: 0.10.0 (/opt/ros/humble/share/python_cmake_module/cmake)
[2.237s] -- Found PythonInterp: /usr/bin/python3 (found suitable version "3.10.12", minimum required is "3.6") 
[2.243s] -- Found PythonLibs: /usr/lib/x86_64-linux-gnu/libpython3.10.so (found suitable version "3.10.12", minimum required is "3.5") 
[2.243s] -- Using PYTHON_EXECUTABLE: /usr/bin/python3
[2.243s] -- Using PYTHON_INCLUDE_DIRS: /usr/include/python3.10
[2.243s] -- Using PYTHON_LIBRARIES: /usr/lib/x86_64-linux-gnu/libpython3.10.so
[2.262s] -- Found PythonExtra: .so  
[2.262s] -- Configuring done
[2.421s] -- Generating done
[2.447s] -- Build files have been written to: /home/praj/Desktop/robot_learning/data_collection/data_col_ws/build/ur_robot_driver
[2.461s] Invoked command in '/home/praj/Desktop/robot_learning/data_collection/data_col_ws/build/ur_robot_driver' returned '0': AMENT_PREFIX_PATH=/home/praj/Desktop/robot_learning/data_collection/data_col_ws/install/ur_controllers:/home/praj/Desktop/robot_learning/data_collection/data_col_ws/install/ur_dashboard_msgs:${AMENT_PREFIX_PATH} CMAKE_PREFIX_PATH=/home/praj/Desktop/robot_learning/data_collection/data_col_ws/install/ur_controllers:/home/praj/Desktop/robot_learning/data_collection/data_col_ws/install/ur_dashboard_msgs:/home/praj/Desktop/robot_learning/data_collection/data_col_ws/install/ur_robot_driver:/home/praj/Desktop/robot_learning/data_collection/data_col_ws/install/ur10e_data_collector:/opt/ros/humble LD_LIBRARY_PATH=/home/praj/Desktop/robot_learning/data_collection/data_col_ws/install/ur_controllers/lib:/home/praj/Desktop/robot_learning/data_collection/data_col_ws/install/ur_dashboard_msgs/lib:${LD_LIBRARY_PATH} PYTHONPATH=/home/praj/Desktop/robot_learning/data_collection/data_col_ws/install/ur_dashboard_msgs/local/lib/python3.10/dist-packages:${PYTHONPATH} /usr/bin/cmake /home/praj/Desktop/robot_learning/data_collection/data_col_ws/src/Universal_Robots_ROS2_Driver/ur_robot_driver -DCMAKE_INSTALL_PREFIX=/home/praj/Desktop/robot_learning/data_collection/data_col_ws/install/ur_robot_driver
[2.463s] Invoking command in '/home/praj/Desktop/robot_learning/data_collection/data_col_ws/build/ur_robot_driver': AMENT_PREFIX_PATH=/home/praj/Desktop/robot_learning/data_collection/data_col_ws/install/ur_controllers:/home/praj/Desktop/robot_learning/data_collection/data_col_ws/install/ur_dashboard_msgs:${AMENT_PREFIX_PATH} CMAKE_PREFIX_PATH=/home/praj/Desktop/robot_learning/data_collection/data_col_ws/install/ur_controllers:/home/praj/Desktop/robot_learning/data_collection/data_col_ws/install/ur_dashboard_msgs:/home/praj/Desktop/robot_learning/data_collection/data_col_ws/install/ur_robot_driver:/home/praj/Desktop/robot_learning/data_collection/data_col_ws/install/ur10e_data_collector:/opt/ros/humble LD_LIBRARY_PATH=/home/praj/Desktop/robot_learning/data_collection/data_col_ws/install/ur_controllers/lib:/home/praj/Desktop/robot_learning/data_collection/data_col_ws/install/ur_dashboard_msgs/lib:${LD_LIBRARY_PATH} PYTHONPATH=/home/praj/Desktop/robot_learning/data_collection/data_col_ws/install/ur_dashboard_msgs/local/lib/python3.10/dist-packages:${PYTHONPATH} /usr/bin/cmake --build /home/praj/Desktop/robot_learning/data_collection/data_col_ws/build/ur_robot_driver -- -j12 -l12
[2.511s] [ 10%] [32mBuilding CXX object CMakeFiles/ur_robot_driver_plugin.dir/src/dashboard_client_ros.cpp.o[0m
[2.512s] [ 10%] [32mBuilding CXX object CMakeFiles/ur_robot_driver_plugin.dir/src/urcl_log_handler.cpp.o[0m
[2.512s] [ 15%] [32mBuilding CXX object CMakeFiles/ur_robot_driver_plugin.dir/src/hardware_interface.cpp.o[0m
[2.513s] [ 21%] [32mBuilding CXX object CMakeFiles/ur_ros2_control_node.dir/src/ur_ros2_control_node.cpp.o[0m
[2.514s] [ 26%] [32mBuilding CXX object CMakeFiles/robot_state_helper.dir/src/robot_state_helper.cpp.o[0m
[2.514s] [ 31%] [32mBuilding CXX object CMakeFiles/dashboard_client.dir/src/dashboard_client_ros.cpp.o[0m
[2.516s] [ 36%] [32mBuilding CXX object CMakeFiles/urscript_interface.dir/src/urscript_interface.cpp.o[0m
[2.516s] [ 42%] [32mBuilding CXX object CMakeFiles/controller_stopper_node.dir/src/controller_stopper.cpp.o[0m
[2.516s] [ 47%] [32mBuilding CXX object CMakeFiles/robot_state_helper.dir/src/robot_state_helper_node.cpp.o[0m
[2.528s] [ 52%] [32mBuilding CXX object CMakeFiles/controller_stopper_node.dir/src/controller_stopper_node.cpp.o[0m
[2.528s] [ 57%] [32mBuilding CXX object CMakeFiles/ur_robot_driver_plugin.dir/src/robot_state_helper.cpp.o[0m
[2.531s] [ 57%] Built target ament_cmake_python_copy_ur_robot_driver
[2.543s] [ 63%] [32mBuilding CXX object CMakeFiles/dashboard_client.dir/src/dashboard_client_node.cpp.o[0m
[4.209s] [ 68%] [32mBuilding CXX object CMakeFiles/dashboard_client.dir/src/urcl_log_handler.cpp.o[0m
[6.411s] running egg_info
[6.413s] creating ur_robot_driver.egg-info
[6.417s] writing ur_robot_driver.egg-info/PKG-INFO
[6.418s] writing dependency_links to ur_robot_driver.egg-info/dependency_links.txt
[6.420s] writing top-level names to ur_robot_driver.egg-info/top_level.txt
[6.421s] writing manifest file 'ur_robot_driver.egg-info/SOURCES.txt'
[6.422s] reading manifest file 'ur_robot_driver.egg-info/SOURCES.txt'
[6.423s] writing manifest file 'ur_robot_driver.egg-info/SOURCES.txt'
[6.474s] [ 68%] Built target ament_cmake_python_build_ur_robot_driver_egg
[12.953s] [ 73%] [32m[1mLinking CXX executable ur_ros2_control_node[0m
[13.279s] [ 73%] Built target ur_ros2_control_node
[23.396s] [ 78%] [32m[1mLinking CXX executable urscript_interface[0m
[23.857s] [ 78%] Built target urscript_interface
[26.996s] [ 84%] [32m[1mLinking CXX executable controller_stopper_node[0m
[27.454s] [ 84%] Built target controller_stopper_node
[29.663s] [ 89%] [32m[1mLinking CXX executable dashboard_client[0m
[30.085s] [ 89%] Built target dashboard_client
[36.109s] [ 94%] [32m[1mLinking CXX executable robot_state_helper[0m
[36.196s] [100%] [32m[1mLinking CXX shared library libur_robot_driver_plugin.so[0m
[36.669s] [100%] Built target robot_state_helper
[37.000s] [100%] Built target ur_robot_driver_plugin
[37.011s] Invoked command in '/home/praj/Desktop/robot_learning/data_collection/data_col_ws/build/ur_robot_driver' returned '0': AMENT_PREFIX_PATH=/home/praj/Desktop/robot_learning/data_collection/data_col_ws/install/ur_controllers:/home/praj/Desktop/robot_learning/data_collection/data_col_ws/install/ur_dashboard_msgs:${AMENT_PREFIX_PATH} CMAKE_PREFIX_PATH=/home/praj/Desktop/robot_learning/data_collection/data_col_ws/install/ur_controllers:/home/praj/Desktop/robot_learning/data_collection/data_col_ws/install/ur_dashboard_msgs:/home/praj/Desktop/robot_learning/data_collection/data_col_ws/install/ur_robot_driver:/home/praj/Desktop/robot_learning/data_collection/data_col_ws/install/ur10e_data_collector:/opt/ros/humble LD_LIBRARY_PATH=/home/praj/Desktop/robot_learning/data_collection/data_col_ws/install/ur_controllers/lib:/home/praj/Desktop/robot_learning/data_collection/data_col_ws/install/ur_dashboard_msgs/lib:${LD_LIBRARY_PATH} PYTHONPATH=/home/praj/Desktop/robot_learning/data_collection/data_col_ws/install/ur_dashboard_msgs/local/lib/python3.10/dist-packages:${PYTHONPATH} /usr/bin/cmake --build /home/praj/Desktop/robot_learning/data_collection/data_col_ws/build/ur_robot_driver -- -j12 -l12
[37.013s] Invoking command in '/home/praj/Desktop/robot_learning/data_collection/data_col_ws/build/ur_robot_driver': AMENT_PREFIX_PATH=/home/praj/Desktop/robot_learning/data_collection/data_col_ws/install/ur_controllers:/home/praj/Desktop/robot_learning/data_collection/data_col_ws/install/ur_dashboard_msgs:${AMENT_PREFIX_PATH} CMAKE_PREFIX_PATH=/home/praj/Desktop/robot_learning/data_collection/data_col_ws/install/ur_controllers:/home/praj/Desktop/robot_learning/data_collection/data_col_ws/install/ur_dashboard_msgs:/home/praj/Desktop/robot_learning/data_collection/data_col_ws/install/ur_robot_driver:/home/praj/Desktop/robot_learning/data_collection/data_col_ws/install/ur10e_data_collector:/opt/ros/humble LD_LIBRARY_PATH=/home/praj/Desktop/robot_learning/data_collection/data_col_ws/install/ur_controllers/lib:/home/praj/Desktop/robot_learning/data_collection/data_col_ws/install/ur_dashboard_msgs/lib:${LD_LIBRARY_PATH} PYTHONPATH=/home/praj/Desktop/robot_learning/data_collection/data_col_ws/install/ur_dashboard_msgs/local/lib/python3.10/dist-packages:${PYTHONPATH} /usr/bin/cmake --install /home/praj/Desktop/robot_learning/data_collection/data_col_ws/build/ur_robot_driver
[37.019s] -- Install configuration: "RelWithDebInfo"
[37.019s] -- Installing: /home/praj/Desktop/robot_learning/data_collection/data_col_ws/install/ur_robot_driver/share/ur_robot_driver/hardware_interface_plugin.xml
[37.019s] -- Installing: /home/praj/Desktop/robot_learning/data_collection/data_col_ws/install/ur_robot_driver/lib/ur_robot_driver/dashboard_client
[37.034s] -- Set runtime path of "/home/praj/Desktop/robot_learning/data_collection/data_col_ws/install/ur_robot_driver/lib/ur_robot_driver/dashboard_client" to ""
[37.035s] -- Installing: /home/praj/Desktop/robot_learning/data_collection/data_col_ws/install/ur_robot_driver/lib/ur_robot_driver/ur_ros2_control_node
[37.036s] -- Set runtime path of "/home/praj/Desktop/robot_learning/data_collection/data_col_ws/install/ur_robot_driver/lib/ur_robot_driver/ur_ros2_control_node" to ""
[37.036s] -- Installing: /home/praj/Desktop/robot_learning/data_collection/data_col_ws/install/ur_robot_driver/lib/ur_robot_driver/controller_stopper_node
[37.049s] -- Set runtime path of "/home/praj/Desktop/robot_learning/data_collection/data_col_ws/install/ur_robot_driver/lib/ur_robot_driver/controller_stopper_node" to ""
[37.049s] -- Installing: /home/praj/Desktop/robot_learning/data_collection/data_col_ws/install/ur_robot_driver/lib/ur_robot_driver/urscript_interface
[37.059s] -- Set runtime path of "/home/praj/Desktop/robot_learning/data_collection/data_col_ws/install/ur_robot_driver/lib/ur_robot_driver/urscript_interface" to ""
[37.059s] -- Installing: /home/praj/Desktop/robot_learning/data_collection/data_col_ws/install/ur_robot_driver/lib/ur_robot_driver/robot_state_helper
[37.089s] -- Set runtime path of "/home/praj/Desktop/robot_learning/data_collection/data_col_ws/install/ur_robot_driver/lib/ur_robot_driver/robot_state_helper" to ""
[37.089s] -- Installing: /home/praj/Desktop/robot_learning/data_collection/data_col_ws/install/ur_robot_driver/lib/libur_robot_driver_plugin.so
[37.155s] -- Set runtime path of "/home/praj/Desktop/robot_learning/data_collection/data_col_ws/install/ur_robot_driver/lib/libur_robot_driver_plugin.so" to ""
[37.155s] -- Installing: /home/praj/Desktop/robot_learning/data_collection/data_col_ws/install/ur_robot_driver/include
[37.155s] -- Installing: /home/praj/Desktop/robot_learning/data_collection/data_col_ws/install/ur_robot_driver/include/ur_robot_driver
[37.155s] -- Installing: /home/praj/Desktop/robot_learning/data_collection/data_col_ws/install/ur_robot_driver/include/ur_robot_driver/controller_stopper.hpp
[37.155s] -- Installing: /home/praj/Desktop/robot_learning/data_collection/data_col_ws/install/ur_robot_driver/include/ur_robot_driver/robot_state_helper.hpp
[37.155s] -- Installing: /home/praj/Desktop/robot_learning/data_collection/data_col_ws/install/ur_robot_driver/include/ur_robot_driver/dashboard_client_ros.hpp
[37.155s] -- Installing: /home/praj/Desktop/robot_learning/data_collection/data_col_ws/install/ur_robot_driver/include/ur_robot_driver/hardware_interface.hpp
[37.156s] -- Installing: /home/praj/Desktop/robot_learning/data_collection/data_col_ws/install/ur_robot_driver/include/ur_robot_driver/urcl_log_handler.hpp
[37.156s] -- Installing: /home/praj/Desktop/robot_learning/data_collection/data_col_ws/install/ur_robot_driver/share/ur_robot_driver/environment/library_path.sh
[37.156s] -- Installing: /home/praj/Desktop/robot_learning/data_collection/data_col_ws/install/ur_robot_driver/share/ur_robot_driver/environment/library_path.dsv
[37.156s] -- Installing: /home/praj/Desktop/robot_learning/data_collection/data_col_ws/install/ur_robot_driver/share/ur_robot_driver/resources
[37.156s] -- Installing: /home/praj/Desktop/robot_learning/data_collection/data_col_ws/install/ur_robot_driver/share/ur_robot_driver/resources/externalcontrol-1.0.5.urcap
[37.156s] -- Installing: /home/praj/Desktop/robot_learning/data_collection/data_col_ws/install/ur_robot_driver/share/ur_robot_driver/resources/ros_control.urscript
[37.156s] -- Installing: /home/praj/Desktop/robot_learning/data_collection/data_col_ws/install/ur_robot_driver/share/ur_robot_driver/resources/rtde_input_recipe.txt
[37.156s] -- Installing: /home/praj/Desktop/robot_learning/data_collection/data_col_ws/install/ur_robot_driver/share/ur_robot_driver/resources/rs485-1.0.urcap
[37.157s] -- Installing: /home/praj/Desktop/robot_learning/data_collection/data_col_ws/install/ur_robot_driver/share/ur_robot_driver/resources/rtde_output_recipe.txt
[37.157s] -- Up-to-date: /home/praj/Desktop/robot_learning/data_collection/data_col_ws/install/ur_robot_driver/include
[37.157s] -- Up-to-date: /home/praj/Desktop/robot_learning/data_collection/data_col_ws/install/ur_robot_driver/include/ur_robot_driver
[37.157s] -- Up-to-date: /home/praj/Desktop/robot_learning/data_collection/data_col_ws/install/ur_robot_driver/include/ur_robot_driver/controller_stopper.hpp
[37.157s] -- Up-to-date: /home/praj/Desktop/robot_learning/data_collection/data_col_ws/install/ur_robot_driver/include/ur_robot_driver/robot_state_helper.hpp
[37.157s] -- Up-to-date: /home/praj/Desktop/robot_learning/data_collection/data_col_ws/install/ur_robot_driver/include/ur_robot_driver/dashboard_client_ros.hpp
[37.157s] -- Up-to-date: /home/praj/Desktop/robot_learning/data_collection/data_col_ws/install/ur_robot_driver/include/ur_robot_driver/hardware_interface.hpp
[37.157s] -- Up-to-date: /home/praj/Desktop/robot_learning/data_collection/data_col_ws/install/ur_robot_driver/include/ur_robot_driver/urcl_log_handler.hpp
[37.158s] -- Installing: /home/praj/Desktop/robot_learning/data_collection/data_col_ws/install/ur_robot_driver/share/ur_robot_driver/environment/pythonpath.sh
[37.158s] -- Installing: /home/praj/Desktop/robot_learning/data_collection/data_col_ws/install/ur_robot_driver/share/ur_robot_driver/environment/pythonpath.dsv
[37.158s] -- Installing: /home/praj/Desktop/robot_learning/data_collection/data_col_ws/install/ur_robot_driver/local/lib/python3.10/dist-packages/ur_robot_driver-2.5.2-py3.10.egg-info
[37.158s] -- Installing: /home/praj/Desktop/robot_learning/data_collection/data_col_ws/install/ur_robot_driver/local/lib/python3.10/dist-packages/ur_robot_driver-2.5.2-py3.10.egg-info/dependency_links.txt
[37.158s] -- Installing: /home/praj/Desktop/robot_learning/data_collection/data_col_ws/install/ur_robot_driver/local/lib/python3.10/dist-packages/ur_robot_driver-2.5.2-py3.10.egg-info/SOURCES.txt
[37.158s] -- Installing: /home/praj/Desktop/robot_learning/data_collection/data_col_ws/install/ur_robot_driver/local/lib/python3.10/dist-packages/ur_robot_driver-2.5.2-py3.10.egg-info/top_level.txt
[37.158s] -- Installing: /home/praj/Desktop/robot_learning/data_collection/data_col_ws/install/ur_robot_driver/local/lib/python3.10/dist-packages/ur_robot_driver-2.5.2-py3.10.egg-info/PKG-INFO
[37.158s] -- Installing: /home/praj/Desktop/robot_learning/data_collection/data_col_ws/install/ur_robot_driver/local/lib/python3.10/dist-packages/ur_robot_driver
[37.158s] -- Installing: /home/praj/Desktop/robot_learning/data_collection/data_col_ws/install/ur_robot_driver/local/lib/python3.10/dist-packages/ur_robot_driver/__init__.py
[37.188s] Listing '/home/praj/Desktop/robot_learning/data_collection/data_col_ws/install/ur_robot_driver/local/lib/python3.10/dist-packages/ur_robot_driver'...
[37.188s] Compiling '/home/praj/Desktop/robot_learning/data_collection/data_col_ws/install/ur_robot_driver/local/lib/python3.10/dist-packages/ur_robot_driver/__init__.py'...
[37.192s] -- Installing: /home/praj/Desktop/robot_learning/data_collection/data_col_ws/install/ur_robot_driver/lib/ur_robot_driver/tool_communication.py
[37.193s] -- Installing: /home/praj/Desktop/robot_learning/data_collection/data_col_ws/install/ur_robot_driver/lib/ur_robot_driver/example_move.py
[37.193s] -- Installing: /home/praj/Desktop/robot_learning/data_collection/data_col_ws/install/ur_robot_driver/lib/ur_robot_driver/start_ursim.sh
[37.193s] -- Installing: /home/praj/Desktop/robot_learning/data_collection/data_col_ws/install/ur_robot_driver/lib/ur_robot_driver/examples.py
[37.193s] -- Installing: /home/praj/Desktop/robot_learning/data_collection/data_col_ws/install/ur_robot_driver/lib/ur_robot_driver/force_mode.py
[37.193s] -- Installing: /home/praj/Desktop/robot_learning/data_collection/data_col_ws/install/ur_robot_driver/bin/wait_dashboard_server.sh
[37.194s] -- Up-to-date: /home/praj/Desktop/robot_learning/data_collection/data_col_ws/install/ur_robot_driver/lib/ur_robot_driver/start_ursim.sh
[37.194s] -- Installing: /home/praj/Desktop/robot_learning/data_collection/data_col_ws/install/ur_robot_driver/share/ur_robot_driver/config
[37.194s] -- Installing: /home/praj/Desktop/robot_learning/data_collection/data_col_ws/install/ur_robot_driver/share/ur_robot_driver/config/ur5e_update_rate.yaml
[37.194s] -- Installing: /home/praj/Desktop/robot_learning/data_collection/data_col_ws/install/ur_robot_driver/share/ur_robot_driver/config/test_goal_publishers_config.yaml
[37.194s] -- Installing: /home/praj/Desktop/robot_learning/data_collection/data_col_ws/install/ur_robot_driver/share/ur_robot_driver/config/ur3e_update_rate.yaml
[37.194s] -- Installing: /home/praj/Desktop/robot_learning/data_collection/data_col_ws/install/ur_robot_driver/share/ur_robot_driver/config/ur10e_update_rate.yaml
[37.195s] -- Installing: /home/praj/Desktop/robot_learning/data_collection/data_col_ws/install/ur_robot_driver/share/ur_robot_driver/config/ur5_update_rate.yaml
[37.195s] -- Installing: /home/praj/Desktop/robot_learning/data_collection/data_col_ws/install/ur_robot_driver/share/ur_robot_driver/config/test_velocity_goal_publishers_config.yaml
[37.195s] -- Installing: /home/praj/Desktop/robot_learning/data_collection/data_col_ws/install/ur_robot_driver/share/ur_robot_driver/config/ur_controllers.yaml
[37.195s] -- Installing: /home/praj/Desktop/robot_learning/data_collection/data_col_ws/install/ur_robot_driver/share/ur_robot_driver/config/ur10_update_rate.yaml
[37.195s] -- Installing: /home/praj/Desktop/robot_learning/data_collection/data_col_ws/install/ur_robot_driver/share/ur_robot_driver/config/ur16e_update_rate.yaml
[37.195s] -- Installing: /home/praj/Desktop/robot_learning/data_collection/data_col_ws/install/ur_robot_driver/share/ur_robot_driver/config/ur3_update_rate.yaml
[37.195s] -- Installing: /home/praj/Desktop/robot_learning/data_collection/data_col_ws/install/ur_robot_driver/share/ur_robot_driver/config/ur30_update_rate.yaml
[37.195s] -- Installing: /home/praj/Desktop/robot_learning/data_collection/data_col_ws/install/ur_robot_driver/share/ur_robot_driver/config/ur20_update_rate.yaml
[37.195s] -- Installing: /home/praj/Desktop/robot_learning/data_collection/data_col_ws/install/ur_robot_driver/share/ur_robot_driver/launch
[37.196s] -- Installing: /home/praj/Desktop/robot_learning/data_collection/data_col_ws/install/ur_robot_driver/share/ur_robot_driver/launch/ur5e.launch.py
[37.196s] -- Installing: /home/praj/Desktop/robot_learning/data_collection/data_col_ws/install/ur_robot_driver/share/ur_robot_driver/launch/ur3.launch.py
[37.196s] -- Installing: /home/praj/Desktop/robot_learning/data_collection/data_col_ws/install/ur_robot_driver/share/ur_robot_driver/launch/ur10.launch.py
[37.196s] -- Installing: /home/praj/Desktop/robot_learning/data_collection/data_col_ws/install/ur_robot_driver/share/ur_robot_driver/launch/test_scaled_joint_trajectory_controller.launch.py
[37.196s] -- Installing: /home/praj/Desktop/robot_learning/data_collection/data_col_ws/install/ur_robot_driver/share/ur_robot_driver/launch/ur5.launch.py
[37.196s] -- Installing: /home/praj/Desktop/robot_learning/data_collection/data_col_ws/install/ur_robot_driver/share/ur_robot_driver/launch/ur20.launch.py
[37.196s] -- Installing: /home/praj/Desktop/robot_learning/data_collection/data_col_ws/install/ur_robot_driver/share/ur_robot_driver/launch/ur30.launch.py
[37.196s] -- Installing: /home/praj/Desktop/robot_learning/data_collection/data_col_ws/install/ur_robot_driver/share/ur_robot_driver/launch/ur16e.launch.py
[37.197s] -- Installing: /home/praj/Desktop/robot_learning/data_collection/data_col_ws/install/ur_robot_driver/share/ur_robot_driver/launch/ur_dashboard_client.launch.py
[37.197s] -- Installing: /home/praj/Desktop/robot_learning/data_collection/data_col_ws/install/ur_robot_driver/share/ur_robot_driver/launch/test_forward_velocity_controller.launch.py
[37.197s] -- Installing: /home/praj/Desktop/robot_learning/data_collection/data_col_ws/install/ur_robot_driver/share/ur_robot_driver/launch/ur_control.launch.py
[37.197s] -- Installing: /home/praj/Desktop/robot_learning/data_collection/data_col_ws/install/ur_robot_driver/share/ur_robot_driver/launch/ur10e.launch.py
[37.197s] -- Installing: /home/praj/Desktop/robot_learning/data_collection/data_col_ws/install/ur_robot_driver/share/ur_robot_driver/launch/ur3e.launch.py
[37.197s] -- Installing: /home/praj/Desktop/robot_learning/data_collection/data_col_ws/install/ur_robot_driver/share/ur_robot_driver/launch/test_joint_trajectory_controller.launch.py
[37.197s] -- Installing: /home/praj/Desktop/robot_learning/data_collection/data_col_ws/install/ur_robot_driver/share/ament_index/resource_index/package_run_dependencies/ur_robot_driver
[37.198s] -- Installing: /home/praj/Desktop/robot_learning/data_collection/data_col_ws/install/ur_robot_driver/share/ament_index/resource_index/parent_prefix_path/ur_robot_driver
[37.198s] -- Installing: /home/praj/Desktop/robot_learning/data_collection/data_col_ws/install/ur_robot_driver/share/ur_robot_driver/environment/ament_prefix_path.sh
[37.198s] -- Installing: /home/praj/Desktop/robot_learning/data_collection/data_col_ws/install/ur_robot_driver/share/ur_robot_driver/environment/ament_prefix_path.dsv
[37.198s] -- Installing: /home/praj/Desktop/robot_learning/data_collection/data_col_ws/install/ur_robot_driver/share/ur_robot_driver/environment/path.sh
[37.198s] -- Installing: /home/praj/Desktop/robot_learning/data_collection/data_col_ws/install/ur_robot_driver/share/ur_robot_driver/environment/path.dsv
[37.198s] -- Installing: /home/praj/Desktop/robot_learning/data_collection/data_col_ws/install/ur_robot_driver/share/ur_robot_driver/local_setup.bash
[37.199s] -- Installing: /home/praj/Desktop/robot_learning/data_collection/data_col_ws/install/ur_robot_driver/share/ur_robot_driver/local_setup.sh
[37.199s] -- Installing: /home/praj/Desktop/robot_learning/data_collection/data_col_ws/install/ur_robot_driver/share/ur_robot_driver/local_setup.zsh
[37.199s] -- Installing: /home/praj/Desktop/robot_learning/data_collection/data_col_ws/install/ur_robot_driver/share/ur_robot_driver/local_setup.dsv
[37.199s] -- Installing: /home/praj/Desktop/robot_learning/data_collection/data_col_ws/install/ur_robot_driver/share/ur_robot_driver/package.dsv
[37.199s] -- Installing: /home/praj/Desktop/robot_learning/data_collection/data_col_ws/install/ur_robot_driver/share/ament_index/resource_index/packages/ur_robot_driver
[37.200s] -- Installing: /home/praj/Desktop/robot_learning/data_collection/data_col_ws/install/ur_robot_driver/share/ament_index/resource_index/hardware_interface__pluginlib__plugin/ur_robot_driver
[37.200s] -- Installing: /home/praj/Desktop/robot_learning/data_collection/data_col_ws/install/ur_robot_driver/share/ur_robot_driver/cmake/ament_cmake_export_include_directories-extras.cmake
[37.200s] -- Installing: /home/praj/Desktop/robot_learning/data_collection/data_col_ws/install/ur_robot_driver/share/ur_robot_driver/cmake/ament_cmake_export_libraries-extras.cmake
[37.200s] -- Installing: /home/praj/Desktop/robot_learning/data_collection/data_col_ws/install/ur_robot_driver/share/ur_robot_driver/cmake/ament_cmake_export_dependencies-extras.cmake
[37.200s] -- Installing: /home/praj/Desktop/robot_learning/data_collection/data_col_ws/install/ur_robot_driver/share/ur_robot_driver/cmake/ur_robot_driverConfig.cmake
[37.201s] -- Installing: /home/praj/Desktop/robot_learning/data_collection/data_col_ws/install/ur_robot_driver/share/ur_robot_driver/cmake/ur_robot_driverConfig-version.cmake
[37.201s] -- Installing: /home/praj/Desktop/robot_learning/data_collection/data_col_ws/install/ur_robot_driver/share/ur_robot_driver/package.xml
[37.203s] Invoked command in '/home/praj/Desktop/robot_learning/data_collection/data_col_ws/build/ur_robot_driver' returned '0': AMENT_PREFIX_PATH=/home/praj/Desktop/robot_learning/data_collection/data_col_ws/install/ur_controllers:/home/praj/Desktop/robot_learning/data_collection/data_col_ws/install/ur_dashboard_msgs:${AMENT_PREFIX_PATH} CMAKE_PREFIX_PATH=/home/praj/Desktop/robot_learning/data_collection/data_col_ws/install/ur_controllers:/home/praj/Desktop/robot_learning/data_collection/data_col_ws/install/ur_dashboard_msgs:/home/praj/Desktop/robot_learning/data_collection/data_col_ws/install/ur_robot_driver:/home/praj/Desktop/robot_learning/data_collection/data_col_ws/install/ur10e_data_collector:/opt/ros/humble LD_LIBRARY_PATH=/home/praj/Desktop/robot_learning/data_collection/data_col_ws/install/ur_controllers/lib:/home/praj/Desktop/robot_learning/data_collection/data_col_ws/install/ur_dashboard_msgs/lib:${LD_LIBRARY_PATH} PYTHONPATH=/home/praj/Desktop/robot_learning/data_collection/data_col_ws/install/ur_dashboard_msgs/local/lib/python3.10/dist-packages:${PYTHONPATH} /usr/bin/cmake --install /home/praj/Desktop/robot_learning/data_collection/data_col_ws/build/ur_robot_driver
