[0.011s] Invoking command in '/home/praj/Desktop/robot_learning/data_collection/data_col_ws/build/ur_robot_driver': CMAKE_PREFIX_PATH=/home/praj/Desktop/robot_learning/data_collection/data_col_ws/install/ur10e_data_collector:/opt/ros/humble /usr/bin/cmake /home/praj/Desktop/robot_learning/data_collection/data_col_ws/src/Universal_Robots_ROS2_Driver/ur_robot_driver -DCMAKE_INSTALL_PREFIX=/home/praj/Desktop/robot_learning/data_collection/data_col_ws/install/ur_robot_driver
[0.112s] -- The C compiler identification is GNU 11.4.0
[0.197s] -- The CXX compiler identification is GNU 11.4.0
[0.208s] -- Detecting C compiler ABI info
[0.271s] -- Detecting C compiler ABI info - done
[0.281s] -- Check for working C compiler: /usr/bin/cc - skipped
[0.282s] -- Detecting C compile features
[0.282s] -- Detecting C compile features - done
[0.286s] -- Detecting CXX compiler ABI info
[0.355s] -- Detecting CXX compiler ABI info - done
[0.365s] -- Check for working CXX compiler: /usr/bin/c++ - skipped
[0.366s] -- Detecting CXX compile features
[0.366s] -- Detecting CXX compile features - done
[0.367s] [0mur_robot_driver: You did not request a specific build type: selecting 'RelWithDebInfo'.[0m
[0.370s] -- Found ament_cmake: 1.3.11 (/opt/ros/humble/share/ament_cmake/cmake)
[0.507s] -- Found Python3: /usr/bin/python3 (found version "3.10.12") found components: Interpreter 
[0.613s] -- Found controller_manager: 2.48.0 (/opt/ros/humble/share/controller_manager/cmake)
[0.671s] -- Found rosidl_generator_c: 3.1.6 (/opt/ros/humble/share/rosidl_generator_c/cmake)
[0.677s] -- Found rosidl_adapter: 3.1.6 (/opt/ros/humble/share/rosidl_adapter/cmake)
[0.689s] -- Found rosidl_generator_cpp: 3.1.6 (/opt/ros/humble/share/rosidl_generator_cpp/cmake)
[0.706s] -- Using all available rosidl_typesupport_c: rosidl_typesupport_fastrtps_c;rosidl_typesupport_introspection_c
[0.730s] -- Using all available rosidl_typesupport_cpp: rosidl_typesupport_fastrtps_cpp;rosidl_typesupport_introspection_cpp
[1.020s] -- Found rmw_implementation_cmake: 6.1.2 (/opt/ros/humble/share/rmw_implementation_cmake/cmake)
[1.023s] -- Found rmw_fastrtps_cpp: 6.2.7 (/opt/ros/humble/share/rmw_fastrtps_cpp/cmake)
[1.059s] -- Found TinyXML2 via Config file: TinyXML2_DIR-NOTFOUND
[1.113s] -- Found OpenSSL: /usr/lib/x86_64-linux-gnu/libcrypto.so (found version "3.0.2")  
[1.117s] -- Found TinyXML2 via Config file: TinyXML2_DIR-NOTFOUND
[1.132s] -- Found FastRTPS: /opt/ros/humble/include  
[1.136s] -- Found TinyXML2 via Config file: TinyXML2_DIR-NOTFOUND
[1.145s] -- Found TinyXML2 via Config file: TinyXML2_DIR-NOTFOUND
[1.155s] -- Using RMW implementation 'rmw_fastrtps_cpp' as default
[1.169s] -- Looking for pthread.h
[1.269s] -- Looking for pthread.h - found
[1.269s] -- Performing Test CMAKE_HAVE_LIBC_PTHREAD
[1.363s] -- Performing Test CMAKE_HAVE_LIBC_PTHREAD - Success
[1.364s] -- Found Threads: TRUE  
[1.501s] -- Found rclpy: 3.3.15 (/opt/ros/humble/share/rclpy/cmake)
[1.503s] -- Found std_srvs: 4.2.4 (/opt/ros/humble/share/std_srvs/cmake)
[1.518s] -- Found tf2_geometry_msgs: 0.25.12 (/opt/ros/humble/share/tf2_geometry_msgs/cmake)
[1.534s] -- Found eigen3_cmake_module: 0.1.1 (/opt/ros/humble/share/eigen3_cmake_module/cmake)
[1.536s] -- Found Eigen3: TRUE (found version "3.4.0") 
[1.536s] -- Ensuring Eigen3 include directory is part of orocos-kdl CMake target
[1.636s] -- Found ur_dashboard_msgs: 2.5.2 (/opt/ros/humble/share/ur_dashboard_msgs/cmake)
[1.661s] -- Found ur_msgs: 2.1.0 (/opt/ros/humble/share/ur_msgs/cmake)
[1.963s] -- Found ur_controllers: 2.5.2 (/opt/ros/humble/share/ur_controllers/cmake)
[2.101s] -- Found ur_description: 2.1.10 (/opt/ros/humble/share/ur_description/cmake)
[2.103s] -- Found launch_testing_ament_cmake: 1.0.7 (/opt/ros/humble/share/launch_testing_ament_cmake/cmake)
[2.105s] -- Found python_cmake_module: 0.10.0 (/opt/ros/humble/share/python_cmake_module/cmake)
[2.125s] -- Found PythonInterp: /usr/bin/python3 (found suitable version "3.10.12", minimum required is "3.6") 
[2.133s] -- Found PythonLibs: /usr/lib/x86_64-linux-gnu/libpython3.10.so (found suitable version "3.10.12", minimum required is "3.5") 
[2.133s] -- Using PYTHON_EXECUTABLE: /usr/bin/python3
[2.133s] -- Using PYTHON_INCLUDE_DIRS: /usr/include/python3.10
[2.133s] -- Using PYTHON_LIBRARIES: /usr/lib/x86_64-linux-gnu/libpython3.10.so
[2.151s] -- Found PythonExtra: .so  
[2.152s] -- Configuring done
[2.349s] -- Generating done
[2.379s] -- Build files have been written to: /home/praj/Desktop/robot_learning/data_collection/data_col_ws/build/ur_robot_driver
[2.390s] Invoked command in '/home/praj/Desktop/robot_learning/data_collection/data_col_ws/build/ur_robot_driver' returned '0': CMAKE_PREFIX_PATH=/home/praj/Desktop/robot_learning/data_collection/data_col_ws/install/ur10e_data_collector:/opt/ros/humble /usr/bin/cmake /home/praj/Desktop/robot_learning/data_collection/data_col_ws/src/Universal_Robots_ROS2_Driver/ur_robot_driver -DCMAKE_INSTALL_PREFIX=/home/praj/Desktop/robot_learning/data_collection/data_col_ws/install/ur_robot_driver
[2.392s] Invoking command in '/home/praj/Desktop/robot_learning/data_collection/data_col_ws/build/ur_robot_driver': CMAKE_PREFIX_PATH=/home/praj/Desktop/robot_learning/data_collection/data_col_ws/install/ur10e_data_collector:/opt/ros/humble /usr/bin/cmake --build /home/praj/Desktop/robot_learning/data_collection/data_col_ws/build/ur_robot_driver -- -j12 -l12
[2.442s] [  5%] [32mBuilding CXX object CMakeFiles/dashboard_client.dir/src/dashboard_client_ros.cpp.o[0m
[2.443s] [ 10%] [32mBuilding CXX object CMakeFiles/controller_stopper_node.dir/src/controller_stopper_node.cpp.o[0m
[2.443s] [ 15%] [32mBuilding CXX object CMakeFiles/ur_robot_driver_plugin.dir/src/dashboard_client_ros.cpp.o[0m
[2.443s] [ 21%] [32mBuilding CXX object CMakeFiles/controller_stopper_node.dir/src/controller_stopper.cpp.o[0m
[2.443s] [ 26%] [32mBuilding CXX object CMakeFiles/ur_robot_driver_plugin.dir/src/urcl_log_handler.cpp.o[0m
[2.443s] [ 31%] [32mBuilding CXX object CMakeFiles/robot_state_helper.dir/src/robot_state_helper.cpp.o[0m
[2.443s] [ 36%] [32mBuilding CXX object CMakeFiles/robot_state_helper.dir/src/robot_state_helper_node.cpp.o[0m
[2.444s] [ 47%] [32mBuilding CXX object CMakeFiles/urscript_interface.dir/src/urscript_interface.cpp.o[0m
[2.444s] [ 47%] [32mBuilding CXX object CMakeFiles/ur_ros2_control_node.dir/src/ur_ros2_control_node.cpp.o[0m
[2.446s] [ 52%] [32mBuilding CXX object CMakeFiles/ur_robot_driver_plugin.dir/src/hardware_interface.cpp.o[0m
[2.446s] [ 57%] [32mBuilding CXX object CMakeFiles/ur_robot_driver_plugin.dir/src/robot_state_helper.cpp.o[0m
[2.455s] [ 57%] Built target ament_cmake_python_copy_ur_robot_driver
[2.464s] [ 63%] [32mBuilding CXX object CMakeFiles/dashboard_client.dir/src/dashboard_client_node.cpp.o[0m
[4.041s] running egg_info
[4.042s] creating ur_robot_driver.egg-info
[4.044s] writing ur_robot_driver.egg-info/PKG-INFO
[4.045s] writing dependency_links to ur_robot_driver.egg-info/dependency_links.txt
[4.047s] writing top-level names to ur_robot_driver.egg-info/top_level.txt
[4.049s] writing manifest file 'ur_robot_driver.egg-info/SOURCES.txt'
[4.049s] reading manifest file 'ur_robot_driver.egg-info/SOURCES.txt'
[4.049s] writing manifest file 'ur_robot_driver.egg-info/SOURCES.txt'
[4.095s] [ 63%] Built target ament_cmake_python_build_ur_robot_driver_egg
[4.110s] [ 68%] [32mBuilding CXX object CMakeFiles/dashboard_client.dir/src/urcl_log_handler.cpp.o[0m
[9.742s] [ 73%] [32m[1mLinking CXX executable ur_ros2_control_node[0m
[10.049s] [ 73%] Built target ur_ros2_control_node
[19.102s] [ 78%] [32m[1mLinking CXX executable urscript_interface[0m
[19.541s] [ 78%] Built target urscript_interface
[22.359s] [ 84%] [32m[1mLinking CXX executable controller_stopper_node[0m
[22.827s] [ 84%] Built target controller_stopper_node
[25.077s] [ 89%] [32m[1mLinking CXX executable dashboard_client[0m
[25.480s] [ 89%] Built target dashboard_client
[31.149s] [ 94%] [32m[1mLinking CXX executable robot_state_helper[0m
[31.351s] [100%] [32m[1mLinking CXX shared library libur_robot_driver_plugin.so[0m
[31.691s] [100%] Built target robot_state_helper
[32.124s] [100%] Built target ur_robot_driver_plugin
[32.134s] Invoked command in '/home/praj/Desktop/robot_learning/data_collection/data_col_ws/build/ur_robot_driver' returned '0': CMAKE_PREFIX_PATH=/home/praj/Desktop/robot_learning/data_collection/data_col_ws/install/ur10e_data_collector:/opt/ros/humble /usr/bin/cmake --build /home/praj/Desktop/robot_learning/data_collection/data_col_ws/build/ur_robot_driver -- -j12 -l12
[32.142s] Invoking command in '/home/praj/Desktop/robot_learning/data_collection/data_col_ws/build/ur_robot_driver': CMAKE_PREFIX_PATH=/home/praj/Desktop/robot_learning/data_collection/data_col_ws/install/ur10e_data_collector:/opt/ros/humble /usr/bin/cmake --install /home/praj/Desktop/robot_learning/data_collection/data_col_ws/build/ur_robot_driver
[32.148s] -- Install configuration: "RelWithDebInfo"
[32.148s] -- Installing: /home/praj/Desktop/robot_learning/data_collection/data_col_ws/install/ur_robot_driver/share/ur_robot_driver/hardware_interface_plugin.xml
[32.149s] -- Installing: /home/praj/Desktop/robot_learning/data_collection/data_col_ws/install/ur_robot_driver/lib/ur_robot_driver/dashboard_client
[32.163s] -- Set runtime path of "/home/praj/Desktop/robot_learning/data_collection/data_col_ws/install/ur_robot_driver/lib/ur_robot_driver/dashboard_client" to ""
[32.164s] -- Installing: /home/praj/Desktop/robot_learning/data_collection/data_col_ws/install/ur_robot_driver/lib/ur_robot_driver/ur_ros2_control_node
[32.165s] -- Set runtime path of "/home/praj/Desktop/robot_learning/data_collection/data_col_ws/install/ur_robot_driver/lib/ur_robot_driver/ur_ros2_control_node" to ""
[32.165s] -- Installing: /home/praj/Desktop/robot_learning/data_collection/data_col_ws/install/ur_robot_driver/lib/ur_robot_driver/controller_stopper_node
[32.178s] -- Set runtime path of "/home/praj/Desktop/robot_learning/data_collection/data_col_ws/install/ur_robot_driver/lib/ur_robot_driver/controller_stopper_node" to ""
[32.178s] -- Installing: /home/praj/Desktop/robot_learning/data_collection/data_col_ws/install/ur_robot_driver/lib/ur_robot_driver/urscript_interface
[32.187s] -- Set runtime path of "/home/praj/Desktop/robot_learning/data_collection/data_col_ws/install/ur_robot_driver/lib/ur_robot_driver/urscript_interface" to ""
[32.188s] -- Installing: /home/praj/Desktop/robot_learning/data_collection/data_col_ws/install/ur_robot_driver/lib/ur_robot_driver/robot_state_helper
[32.211s] -- Set runtime path of "/home/praj/Desktop/robot_learning/data_collection/data_col_ws/install/ur_robot_driver/lib/ur_robot_driver/robot_state_helper" to ""
[32.211s] -- Installing: /home/praj/Desktop/robot_learning/data_collection/data_col_ws/install/ur_robot_driver/lib/libur_robot_driver_plugin.so
[32.276s] -- Set runtime path of "/home/praj/Desktop/robot_learning/data_collection/data_col_ws/install/ur_robot_driver/lib/libur_robot_driver_plugin.so" to ""
[32.276s] -- Installing: /home/praj/Desktop/robot_learning/data_collection/data_col_ws/install/ur_robot_driver/include
[32.276s] -- Installing: /home/praj/Desktop/robot_learning/data_collection/data_col_ws/install/ur_robot_driver/include/ur_robot_driver
[32.276s] -- Installing: /home/praj/Desktop/robot_learning/data_collection/data_col_ws/install/ur_robot_driver/include/ur_robot_driver/controller_stopper.hpp
[32.276s] -- Installing: /home/praj/Desktop/robot_learning/data_collection/data_col_ws/install/ur_robot_driver/include/ur_robot_driver/robot_state_helper.hpp
[32.276s] -- Installing: /home/praj/Desktop/robot_learning/data_collection/data_col_ws/install/ur_robot_driver/include/ur_robot_driver/dashboard_client_ros.hpp
[32.276s] -- Installing: /home/praj/Desktop/robot_learning/data_collection/data_col_ws/install/ur_robot_driver/include/ur_robot_driver/hardware_interface.hpp
[32.276s] -- Installing: /home/praj/Desktop/robot_learning/data_collection/data_col_ws/install/ur_robot_driver/include/ur_robot_driver/urcl_log_handler.hpp
[32.277s] -- Installing: /home/praj/Desktop/robot_learning/data_collection/data_col_ws/install/ur_robot_driver/share/ur_robot_driver/environment/library_path.sh
[32.277s] -- Installing: /home/praj/Desktop/robot_learning/data_collection/data_col_ws/install/ur_robot_driver/share/ur_robot_driver/environment/library_path.dsv
[32.277s] -- Installing: /home/praj/Desktop/robot_learning/data_collection/data_col_ws/install/ur_robot_driver/share/ur_robot_driver/resources
[32.277s] -- Installing: /home/praj/Desktop/robot_learning/data_collection/data_col_ws/install/ur_robot_driver/share/ur_robot_driver/resources/externalcontrol-1.0.5.urcap
[32.277s] -- Installing: /home/praj/Desktop/robot_learning/data_collection/data_col_ws/install/ur_robot_driver/share/ur_robot_driver/resources/ros_control.urscript
[32.277s] -- Installing: /home/praj/Desktop/robot_learning/data_collection/data_col_ws/install/ur_robot_driver/share/ur_robot_driver/resources/rtde_input_recipe.txt
[32.277s] -- Installing: /home/praj/Desktop/robot_learning/data_collection/data_col_ws/install/ur_robot_driver/share/ur_robot_driver/resources/rs485-1.0.urcap
[32.277s] -- Installing: /home/praj/Desktop/robot_learning/data_collection/data_col_ws/install/ur_robot_driver/share/ur_robot_driver/resources/rtde_output_recipe.txt
[32.277s] -- Up-to-date: /home/praj/Desktop/robot_learning/data_collection/data_col_ws/install/ur_robot_driver/include
[32.278s] -- Up-to-date: /home/praj/Desktop/robot_learning/data_collection/data_col_ws/install/ur_robot_driver/include/ur_robot_driver
[32.278s] -- Up-to-date: /home/praj/Desktop/robot_learning/data_collection/data_col_ws/install/ur_robot_driver/include/ur_robot_driver/controller_stopper.hpp
[32.278s] -- Up-to-date: /home/praj/Desktop/robot_learning/data_collection/data_col_ws/install/ur_robot_driver/include/ur_robot_driver/robot_state_helper.hpp
[32.278s] -- Up-to-date: /home/praj/Desktop/robot_learning/data_collection/data_col_ws/install/ur_robot_driver/include/ur_robot_driver/dashboard_client_ros.hpp
[32.278s] -- Up-to-date: /home/praj/Desktop/robot_learning/data_collection/data_col_ws/install/ur_robot_driver/include/ur_robot_driver/hardware_interface.hpp
[32.278s] -- Up-to-date: /home/praj/Desktop/robot_learning/data_collection/data_col_ws/install/ur_robot_driver/include/ur_robot_driver/urcl_log_handler.hpp
[32.278s] -- Installing: /home/praj/Desktop/robot_learning/data_collection/data_col_ws/install/ur_robot_driver/share/ur_robot_driver/environment/pythonpath.sh
[32.278s] -- Installing: /home/praj/Desktop/robot_learning/data_collection/data_col_ws/install/ur_robot_driver/share/ur_robot_driver/environment/pythonpath.dsv
[32.278s] -- Installing: /home/praj/Desktop/robot_learning/data_collection/data_col_ws/install/ur_robot_driver/local/lib/python3.10/dist-packages/ur_robot_driver-2.5.2-py3.10.egg-info
[32.278s] -- Installing: /home/praj/Desktop/robot_learning/data_collection/data_col_ws/install/ur_robot_driver/local/lib/python3.10/dist-packages/ur_robot_driver-2.5.2-py3.10.egg-info/dependency_links.txt
[32.278s] -- Installing: /home/praj/Desktop/robot_learning/data_collection/data_col_ws/install/ur_robot_driver/local/lib/python3.10/dist-packages/ur_robot_driver-2.5.2-py3.10.egg-info/SOURCES.txt
[32.279s] -- Installing: /home/praj/Desktop/robot_learning/data_collection/data_col_ws/install/ur_robot_driver/local/lib/python3.10/dist-packages/ur_robot_driver-2.5.2-py3.10.egg-info/top_level.txt
[32.279s] -- Installing: /home/praj/Desktop/robot_learning/data_collection/data_col_ws/install/ur_robot_driver/local/lib/python3.10/dist-packages/ur_robot_driver-2.5.2-py3.10.egg-info/PKG-INFO
[32.279s] -- Installing: /home/praj/Desktop/robot_learning/data_collection/data_col_ws/install/ur_robot_driver/local/lib/python3.10/dist-packages/ur_robot_driver
[32.279s] -- Installing: /home/praj/Desktop/robot_learning/data_collection/data_col_ws/install/ur_robot_driver/local/lib/python3.10/dist-packages/ur_robot_driver/__init__.py
[32.309s] Listing '/home/praj/Desktop/robot_learning/data_collection/data_col_ws/install/ur_robot_driver/local/lib/python3.10/dist-packages/ur_robot_driver'...
[32.309s] Compiling '/home/praj/Desktop/robot_learning/data_collection/data_col_ws/install/ur_robot_driver/local/lib/python3.10/dist-packages/ur_robot_driver/__init__.py'...
[32.313s] -- Installing: /home/praj/Desktop/robot_learning/data_collection/data_col_ws/install/ur_robot_driver/lib/ur_robot_driver/tool_communication.py
[32.313s] -- Installing: /home/praj/Desktop/robot_learning/data_collection/data_col_ws/install/ur_robot_driver/lib/ur_robot_driver/example_move.py
[32.313s] -- Installing: /home/praj/Desktop/robot_learning/data_collection/data_col_ws/install/ur_robot_driver/lib/ur_robot_driver/start_ursim.sh
[32.313s] -- Installing: /home/praj/Desktop/robot_learning/data_collection/data_col_ws/install/ur_robot_driver/lib/ur_robot_driver/examples.py
[32.313s] -- Installing: /home/praj/Desktop/robot_learning/data_collection/data_col_ws/install/ur_robot_driver/lib/ur_robot_driver/force_mode.py
[32.314s] -- Installing: /home/praj/Desktop/robot_learning/data_collection/data_col_ws/install/ur_robot_driver/bin/wait_dashboard_server.sh
[32.314s] -- Up-to-date: /home/praj/Desktop/robot_learning/data_collection/data_col_ws/install/ur_robot_driver/lib/ur_robot_driver/start_ursim.sh
[32.314s] -- Installing: /home/praj/Desktop/robot_learning/data_collection/data_col_ws/install/ur_robot_driver/share/ur_robot_driver/config
[32.314s] -- Installing: /home/praj/Desktop/robot_learning/data_collection/data_col_ws/install/ur_robot_driver/share/ur_robot_driver/config/ur5e_update_rate.yaml
[32.314s] -- Installing: /home/praj/Desktop/robot_learning/data_collection/data_col_ws/install/ur_robot_driver/share/ur_robot_driver/config/test_goal_publishers_config.yaml
[32.314s] -- Installing: /home/praj/Desktop/robot_learning/data_collection/data_col_ws/install/ur_robot_driver/share/ur_robot_driver/config/ur3e_update_rate.yaml
[32.314s] -- Installing: /home/praj/Desktop/robot_learning/data_collection/data_col_ws/install/ur_robot_driver/share/ur_robot_driver/config/ur10e_update_rate.yaml
[32.314s] -- Installing: /home/praj/Desktop/robot_learning/data_collection/data_col_ws/install/ur_robot_driver/share/ur_robot_driver/config/ur5_update_rate.yaml
[32.314s] -- Installing: /home/praj/Desktop/robot_learning/data_collection/data_col_ws/install/ur_robot_driver/share/ur_robot_driver/config/test_velocity_goal_publishers_config.yaml
[32.315s] -- Installing: /home/praj/Desktop/robot_learning/data_collection/data_col_ws/install/ur_robot_driver/share/ur_robot_driver/config/ur_controllers.yaml
[32.315s] -- Installing: /home/praj/Desktop/robot_learning/data_collection/data_col_ws/install/ur_robot_driver/share/ur_robot_driver/config/ur10_update_rate.yaml
[32.315s] -- Installing: /home/praj/Desktop/robot_learning/data_collection/data_col_ws/install/ur_robot_driver/share/ur_robot_driver/config/ur16e_update_rate.yaml
[32.315s] -- Installing: /home/praj/Desktop/robot_learning/data_collection/data_col_ws/install/ur_robot_driver/share/ur_robot_driver/config/ur3_update_rate.yaml
[32.315s] -- Installing: /home/praj/Desktop/robot_learning/data_collection/data_col_ws/install/ur_robot_driver/share/ur_robot_driver/config/ur30_update_rate.yaml
[32.315s] -- Installing: /home/praj/Desktop/robot_learning/data_collection/data_col_ws/install/ur_robot_driver/share/ur_robot_driver/config/ur20_update_rate.yaml
[32.315s] -- Installing: /home/praj/Desktop/robot_learning/data_collection/data_col_ws/install/ur_robot_driver/share/ur_robot_driver/launch
[32.315s] -- Installing: /home/praj/Desktop/robot_learning/data_collection/data_col_ws/install/ur_robot_driver/share/ur_robot_driver/launch/ur5e.launch.py
[32.316s] -- Installing: /home/praj/Desktop/robot_learning/data_collection/data_col_ws/install/ur_robot_driver/share/ur_robot_driver/launch/ur3.launch.py
[32.316s] -- Installing: /home/praj/Desktop/robot_learning/data_collection/data_col_ws/install/ur_robot_driver/share/ur_robot_driver/launch/ur10.launch.py
[32.316s] -- Installing: /home/praj/Desktop/robot_learning/data_collection/data_col_ws/install/ur_robot_driver/share/ur_robot_driver/launch/test_scaled_joint_trajectory_controller.launch.py
[32.316s] -- Installing: /home/praj/Desktop/robot_learning/data_collection/data_col_ws/install/ur_robot_driver/share/ur_robot_driver/launch/ur5.launch.py
[32.316s] -- Installing: /home/praj/Desktop/robot_learning/data_collection/data_col_ws/install/ur_robot_driver/share/ur_robot_driver/launch/ur20.launch.py
[32.316s] -- Installing: /home/praj/Desktop/robot_learning/data_collection/data_col_ws/install/ur_robot_driver/share/ur_robot_driver/launch/ur30.launch.py
[32.316s] -- Installing: /home/praj/Desktop/robot_learning/data_collection/data_col_ws/install/ur_robot_driver/share/ur_robot_driver/launch/ur16e.launch.py
[32.316s] -- Installing: /home/praj/Desktop/robot_learning/data_collection/data_col_ws/install/ur_robot_driver/share/ur_robot_driver/launch/ur_dashboard_client.launch.py
[32.316s] -- Installing: /home/praj/Desktop/robot_learning/data_collection/data_col_ws/install/ur_robot_driver/share/ur_robot_driver/launch/test_forward_velocity_controller.launch.py
[32.317s] -- Installing: /home/praj/Desktop/robot_learning/data_collection/data_col_ws/install/ur_robot_driver/share/ur_robot_driver/launch/ur_control.launch.py
[32.317s] -- Installing: /home/praj/Desktop/robot_learning/data_collection/data_col_ws/install/ur_robot_driver/share/ur_robot_driver/launch/ur10e.launch.py
[32.317s] -- Installing: /home/praj/Desktop/robot_learning/data_collection/data_col_ws/install/ur_robot_driver/share/ur_robot_driver/launch/ur3e.launch.py
[32.317s] -- Installing: /home/praj/Desktop/robot_learning/data_collection/data_col_ws/install/ur_robot_driver/share/ur_robot_driver/launch/test_joint_trajectory_controller.launch.py
[32.317s] -- Installing: /home/praj/Desktop/robot_learning/data_collection/data_col_ws/install/ur_robot_driver/share/ament_index/resource_index/package_run_dependencies/ur_robot_driver
[32.317s] -- Installing: /home/praj/Desktop/robot_learning/data_collection/data_col_ws/install/ur_robot_driver/share/ament_index/resource_index/parent_prefix_path/ur_robot_driver
[32.317s] -- Installing: /home/praj/Desktop/robot_learning/data_collection/data_col_ws/install/ur_robot_driver/share/ur_robot_driver/environment/ament_prefix_path.sh
[32.318s] -- Installing: /home/praj/Desktop/robot_learning/data_collection/data_col_ws/install/ur_robot_driver/share/ur_robot_driver/environment/ament_prefix_path.dsv
[32.318s] -- Installing: /home/praj/Desktop/robot_learning/data_collection/data_col_ws/install/ur_robot_driver/share/ur_robot_driver/environment/path.sh
[32.318s] -- Installing: /home/praj/Desktop/robot_learning/data_collection/data_col_ws/install/ur_robot_driver/share/ur_robot_driver/environment/path.dsv
[32.318s] -- Installing: /home/praj/Desktop/robot_learning/data_collection/data_col_ws/install/ur_robot_driver/share/ur_robot_driver/local_setup.bash
[32.318s] -- Installing: /home/praj/Desktop/robot_learning/data_collection/data_col_ws/install/ur_robot_driver/share/ur_robot_driver/local_setup.sh
[32.318s] -- Installing: /home/praj/Desktop/robot_learning/data_collection/data_col_ws/install/ur_robot_driver/share/ur_robot_driver/local_setup.zsh
[32.319s] -- Installing: /home/praj/Desktop/robot_learning/data_collection/data_col_ws/install/ur_robot_driver/share/ur_robot_driver/local_setup.dsv
[32.319s] -- Installing: /home/praj/Desktop/robot_learning/data_collection/data_col_ws/install/ur_robot_driver/share/ur_robot_driver/package.dsv
[32.319s] -- Installing: /home/praj/Desktop/robot_learning/data_collection/data_col_ws/install/ur_robot_driver/share/ament_index/resource_index/packages/ur_robot_driver
[32.319s] -- Installing: /home/praj/Desktop/robot_learning/data_collection/data_col_ws/install/ur_robot_driver/share/ament_index/resource_index/hardware_interface__pluginlib__plugin/ur_robot_driver
[32.320s] -- Installing: /home/praj/Desktop/robot_learning/data_collection/data_col_ws/install/ur_robot_driver/share/ur_robot_driver/cmake/ament_cmake_export_include_directories-extras.cmake
[32.320s] -- Installing: /home/praj/Desktop/robot_learning/data_collection/data_col_ws/install/ur_robot_driver/share/ur_robot_driver/cmake/ament_cmake_export_libraries-extras.cmake
[32.320s] -- Installing: /home/praj/Desktop/robot_learning/data_collection/data_col_ws/install/ur_robot_driver/share/ur_robot_driver/cmake/ament_cmake_export_dependencies-extras.cmake
[32.320s] -- Installing: /home/praj/Desktop/robot_learning/data_collection/data_col_ws/install/ur_robot_driver/share/ur_robot_driver/cmake/ur_robot_driverConfig.cmake
[32.320s] -- Installing: /home/praj/Desktop/robot_learning/data_collection/data_col_ws/install/ur_robot_driver/share/ur_robot_driver/cmake/ur_robot_driverConfig-version.cmake
[32.321s] -- Installing: /home/praj/Desktop/robot_learning/data_collection/data_col_ws/install/ur_robot_driver/share/ur_robot_driver/package.xml
[32.323s] Invoked command in '/home/praj/Desktop/robot_learning/data_collection/data_col_ws/build/ur_robot_driver' returned '0': CMAKE_PREFIX_PATH=/home/praj/Desktop/robot_learning/data_collection/data_col_ws/install/ur10e_data_collector:/opt/ros/humble /usr/bin/cmake --install /home/praj/Desktop/robot_learning/data_collection/data_col_ws/build/ur_robot_driver
