[0.010s] Invoking command in '/home/praj/Desktop/robot_learning/data_collection/data_col_ws/build/ur_controllers': AMENT_PREFIX_PATH=/home/praj/Desktop/robot_learning/data_collection/data_col_ws/install/ur_dashboard_msgs:${AMENT_PREFIX_PATH} CMAKE_PREFIX_PATH=/home/praj/Desktop/robot_learning/data_collection/data_col_ws/install/ur_dashboard_msgs:/home/praj/Desktop/robot_learning/data_collection/data_col_ws/install/ur_robot_driver:/home/praj/Desktop/robot_learning/data_collection/data_col_ws/install/ur10e_data_collector:/opt/ros/humble LD_LIBRARY_PATH=/home/praj/Desktop/robot_learning/data_collection/data_col_ws/install/ur_dashboard_msgs/lib:${LD_LIBRARY_PATH} PYTHONPATH=/home/praj/Desktop/robot_learning/data_collection/data_col_ws/install/ur_dashboard_msgs/local/lib/python3.10/dist-packages:${PYTHONPATH} /usr/bin/cmake /home/praj/Desktop/robot_learning/data_collection/data_col_ws/src/Universal_Robots_ROS2_Driver/ur_controllers -DCMAKE_INSTALL_PREFIX=/home/praj/Desktop/robot_learning/data_collection/data_col_ws/install/ur_controllers
[0.067s] -- The C compiler identification is GNU 11.4.0
[0.130s] -- The CXX compiler identification is GNU 11.4.0
[0.138s] -- Detecting C compiler ABI info
[0.206s] -- Detecting C compiler ABI info - done
[0.217s] -- Check for working C compiler: /usr/bin/cc - skipped
[0.217s] -- Detecting C compile features
[0.217s] -- Detecting C compile features - done
[0.221s] -- Detecting CXX compiler ABI info
[0.301s] -- Detecting CXX compiler ABI info - done
[0.312s] -- Check for working CXX compiler: /usr/bin/c++ - skipped
[0.313s] -- Detecting CXX compile features
[0.313s] -- Detecting CXX compile features - done
[0.315s] -- Found ament_cmake: 1.3.11 (/opt/ros/humble/share/ament_cmake/cmake)
[0.456s] -- Found Python3: /usr/bin/python3 (found version "3.10.12") found components: Interpreter 
[0.546s] -- Found angles: 1.15.0 (/opt/ros/humble/share/angles/cmake)
[0.550s] -- Found controller_interface: 2.48.0 (/opt/ros/humble/share/controller_interface/cmake)
[0.597s] -- Found rosidl_generator_c: 3.1.6 (/opt/ros/humble/share/rosidl_generator_c/cmake)
[0.601s] -- Found rosidl_adapter: 3.1.6 (/opt/ros/humble/share/rosidl_adapter/cmake)
[0.612s] -- Found rosidl_generator_cpp: 3.1.6 (/opt/ros/humble/share/rosidl_generator_cpp/cmake)
[0.624s] -- Using all available rosidl_typesupport_c: rosidl_typesupport_fastrtps_c;rosidl_typesupport_introspection_c
[0.641s] -- Using all available rosidl_typesupport_cpp: rosidl_typesupport_fastrtps_cpp;rosidl_typesupport_introspection_cpp
[0.933s] -- Found rmw_implementation_cmake: 6.1.2 (/opt/ros/humble/share/rmw_implementation_cmake/cmake)
[0.936s] -- Found rmw_fastrtps_cpp: 6.2.7 (/opt/ros/humble/share/rmw_fastrtps_cpp/cmake)
[0.974s] -- Found TinyXML2 via Config file: TinyXML2_DIR-NOTFOUND
[1.028s] -- Found OpenSSL: /usr/lib/x86_64-linux-gnu/libcrypto.so (found version "3.0.2")  
[1.033s] -- Found TinyXML2 via Config file: TinyXML2_DIR-NOTFOUND
[1.049s] -- Found FastRTPS: /opt/ros/humble/include  
[1.053s] -- Found TinyXML2 via Config file: TinyXML2_DIR-NOTFOUND
[1.061s] -- Found TinyXML2 via Config file: TinyXML2_DIR-NOTFOUND
[1.072s] -- Using RMW implementation 'rmw_fastrtps_cpp' as default
[1.084s] -- Looking for pthread.h
[1.166s] -- Looking for pthread.h - found
[1.166s] -- Performing Test CMAKE_HAVE_LIBC_PTHREAD
[1.249s] -- Performing Test CMAKE_HAVE_LIBC_PTHREAD - Success
[1.251s] -- Found Threads: TRUE  
[1.339s] -- Found joint_trajectory_controller: 2.41.0 (/opt/ros/humble/share/joint_trajectory_controller/cmake)
[1.438s] -- Found std_srvs: 4.2.4 (/opt/ros/humble/share/std_srvs/cmake)
[1.456s] -- Found tf2_geometry_msgs: 0.25.12 (/opt/ros/humble/share/tf2_geometry_msgs/cmake)
[1.466s] -- Found eigen3_cmake_module: 0.1.1 (/opt/ros/humble/share/eigen3_cmake_module/cmake)
[1.468s] -- Found Eigen3: TRUE (found version "3.4.0") 
[1.468s] -- Ensuring Eigen3 include directory is part of orocos-kdl CMake target
[1.561s] -- Found ur_dashboard_msgs: 2.5.2 (/home/praj/Desktop/robot_learning/data_collection/data_col_ws/install/ur_dashboard_msgs/share/ur_dashboard_msgs/cmake)
[1.586s] -- Found ur_msgs: 2.1.0 (/opt/ros/humble/share/ur_msgs/cmake)
[1.630s] -- Found ament_cmake_gmock: 1.3.11 (/opt/ros/humble/share/ament_cmake_gmock/cmake)
[1.633s] -- Found controller_manager: 2.48.0 (/opt/ros/humble/share/controller_manager/cmake)
[1.674s] -- Found ros2_control_test_assets: 2.48.0 (/opt/ros/humble/share/ros2_control_test_assets/cmake)
[1.677s] -- Found gmock sources under '/opt/ros/humble/src/gmock_vendor': C++ tests using 'Google Mock' will be built
[1.683s] -- Found ament_cmake_gtest: 1.3.11 (/opt/ros/humble/share/ament_cmake_gtest/cmake)
[1.684s] -- Found gtest sources under '/opt/ros/humble/src/gtest_vendor': C++ tests using 'Google Test' will be built
[1.798s] -- Configuring done
[2.002s] -- Generating done
[2.034s] -- Build files have been written to: /home/praj/Desktop/robot_learning/data_collection/data_col_ws/build/ur_controllers
[2.062s] Invoked command in '/home/praj/Desktop/robot_learning/data_collection/data_col_ws/build/ur_controllers' returned '0': AMENT_PREFIX_PATH=/home/praj/Desktop/robot_learning/data_collection/data_col_ws/install/ur_dashboard_msgs:${AMENT_PREFIX_PATH} CMAKE_PREFIX_PATH=/home/praj/Desktop/robot_learning/data_collection/data_col_ws/install/ur_dashboard_msgs:/home/praj/Desktop/robot_learning/data_collection/data_col_ws/install/ur_robot_driver:/home/praj/Desktop/robot_learning/data_collection/data_col_ws/install/ur10e_data_collector:/opt/ros/humble LD_LIBRARY_PATH=/home/praj/Desktop/robot_learning/data_collection/data_col_ws/install/ur_dashboard_msgs/lib:${LD_LIBRARY_PATH} PYTHONPATH=/home/praj/Desktop/robot_learning/data_collection/data_col_ws/install/ur_dashboard_msgs/local/lib/python3.10/dist-packages:${PYTHONPATH} /usr/bin/cmake /home/praj/Desktop/robot_learning/data_collection/data_col_ws/src/Universal_Robots_ROS2_Driver/ur_controllers -DCMAKE_INSTALL_PREFIX=/home/praj/Desktop/robot_learning/data_collection/data_col_ws/install/ur_controllers
[2.064s] Invoking command in '/home/praj/Desktop/robot_learning/data_collection/data_col_ws/build/ur_controllers': AMENT_PREFIX_PATH=/home/praj/Desktop/robot_learning/data_collection/data_col_ws/install/ur_dashboard_msgs:${AMENT_PREFIX_PATH} CMAKE_PREFIX_PATH=/home/praj/Desktop/robot_learning/data_collection/data_col_ws/install/ur_dashboard_msgs:/home/praj/Desktop/robot_learning/data_collection/data_col_ws/install/ur_robot_driver:/home/praj/Desktop/robot_learning/data_collection/data_col_ws/install/ur10e_data_collector:/opt/ros/humble LD_LIBRARY_PATH=/home/praj/Desktop/robot_learning/data_collection/data_col_ws/install/ur_dashboard_msgs/lib:${LD_LIBRARY_PATH} PYTHONPATH=/home/praj/Desktop/robot_learning/data_collection/data_col_ws/install/ur_dashboard_msgs/local/lib/python3.10/dist-packages:${PYTHONPATH} /usr/bin/cmake --build /home/praj/Desktop/robot_learning/data_collection/data_col_ws/build/ur_controllers -- -j12 -l12
[2.133s] [  6%] [34m[1mRunning `/opt/ros/humble/bin/generate_parameter_library_cpp /home/praj/Desktop/robot_learning/data_collection/data_col_ws/build/ur_controllers/include/ur_controllers/freedrive_mode_controller_parameters.hpp /home/praj/Desktop/robot_learning/data_collection/data_col_ws/src/Universal_Robots_ROS2_Driver/ur_controllers/src/freedrive_mode_controller_parameters.yaml `[0m
[2.133s] [  3%] [34m[1mRunning `/opt/ros/humble/bin/generate_parameter_library_cpp /home/praj/Desktop/robot_learning/data_collection/data_col_ws/build/ur_controllers/include/ur_controllers/scaled_joint_trajectory_controller_parameters.hpp /home/praj/Desktop/robot_learning/data_collection/data_col_ws/src/Universal_Robots_ROS2_Driver/ur_controllers/src/scaled_joint_trajectory_controller_parameters.yaml `[0m
[2.133s] [  9%] [34m[1mRunning `/opt/ros/humble/bin/generate_parameter_library_cpp /home/praj/Desktop/robot_learning/data_collection/data_col_ws/build/ur_controllers/include/ur_controllers/speed_scaling_state_broadcaster_parameters.hpp /home/praj/Desktop/robot_learning/data_collection/data_col_ws/src/Universal_Robots_ROS2_Driver/ur_controllers/src/speed_scaling_state_broadcaster_parameters.yaml `[0m
[2.133s] [ 16%] [34m[1mRunning `/opt/ros/humble/bin/generate_parameter_library_cpp /home/praj/Desktop/robot_learning/data_collection/data_col_ws/build/ur_controllers/include/ur_controllers/force_mode_controller_parameters.hpp /home/praj/Desktop/robot_learning/data_collection/data_col_ws/src/Universal_Robots_ROS2_Driver/ur_controllers/src/force_mode_controller_parameters.yaml `[0m
[2.133s] [ 16%] [34m[1mRunning `/opt/ros/humble/bin/generate_parameter_library_cpp /home/praj/Desktop/robot_learning/data_collection/data_col_ws/build/ur_controllers/include/ur_controllers/ur_configuration_controller_parameters.hpp /home/praj/Desktop/robot_learning/data_collection/data_col_ws/src/Universal_Robots_ROS2_Driver/ur_controllers/src/ur_configuration_controller_parameters.yaml `[0m
[2.139s] [ 19%] [34m[1mRunning `/opt/ros/humble/bin/generate_parameter_library_cpp /home/praj/Desktop/robot_learning/data_collection/data_col_ws/build/ur_controllers/include/ur_controllers/passthrough_trajectory_controller_parameters.hpp /home/praj/Desktop/robot_learning/data_collection/data_col_ws/src/Universal_Robots_ROS2_Driver/ur_controllers/src/passthrough_trajectory_controller_parameters.yaml `[0m
[2.139s] [ 22%] [32mBuilding CXX object gmock/CMakeFiles/gmock_main.dir/src/gmock_main.cc.o[0m
[2.139s] [ 25%] [34m[1mRunning `/opt/ros/humble/bin/generate_parameter_library_cpp /home/praj/Desktop/robot_learning/data_collection/data_col_ws/build/ur_controllers/include/ur_controllers/gpio_controller_parameters.hpp /home/praj/Desktop/robot_learning/data_collection/data_col_ws/src/Universal_Robots_ROS2_Driver/ur_controllers/src/gpio_controller_parameters.yaml `[0m
[2.139s] [ 29%] [32mBuilding CXX object gmock/CMakeFiles/gmock.dir/opt/ros/humble/src/gtest_vendor/src/gtest-all.cc.o[0m
[2.139s] [ 32%] [32mBuilding CXX object gmock/CMakeFiles/gmock.dir/src/gmock-all.cc.o[0m
[2.385s] [ 35%] [34m[1mCreating deprecated header file /home/praj/Desktop/robot_learning/data_collection/data_col_ws/build/ur_controllers/include/scaled_joint_trajectory_controller_parameters.hpp[0m
[2.401s] [ 38%] [34m[1mCreating deprecated header file /home/praj/Desktop/robot_learning/data_collection/data_col_ws/build/ur_controllers/include/ur_configuration_controller_parameters.hpp[0m
[2.438s] [ 41%] [34m[1mCreating deprecated header file /home/praj/Desktop/robot_learning/data_collection/data_col_ws/build/ur_controllers/include/force_mode_controller_parameters.hpp[0m
[2.454s] [ 41%] Built target scaled_joint_trajectory_controller_parameters
[2.456s] [ 45%] [34m[1mCreating deprecated header file /home/praj/Desktop/robot_learning/data_collection/data_col_ws/build/ur_controllers/include/speed_scaling_state_broadcaster_parameters.hpp[0m
[2.461s] [ 48%] [34m[1mCreating deprecated header file /home/praj/Desktop/robot_learning/data_collection/data_col_ws/build/ur_controllers/include/gpio_controller_parameters.hpp[0m
[2.481s] [ 48%] Built target ur_configuration_controller_parameters
[2.488s] [ 51%] [34m[1mCreating deprecated header file /home/praj/Desktop/robot_learning/data_collection/data_col_ws/build/ur_controllers/include/freedrive_mode_controller_parameters.hpp[0m
[2.512s] [ 51%] Built target force_mode_controller_parameters
[2.521s] [ 51%] Built target speed_scaling_state_broadcaster_parameters
[2.522s] [ 51%] Built target gpio_controller_parameters
[2.537s] [ 54%] [34m[1mCreating deprecated header file /home/praj/Desktop/robot_learning/data_collection/data_col_ws/build/ur_controllers/include/passthrough_trajectory_controller_parameters.hpp[0m
[2.546s] [ 54%] Built target freedrive_mode_controller_parameters
[2.596s] [ 54%] Built target passthrough_trajectory_controller_parameters
[2.622s] [ 61%] [32mBuilding CXX object CMakeFiles/ur_controllers.dir/src/passthrough_trajectory_controller.cpp.o[0m
[2.624s] [ 61%] [32mBuilding CXX object CMakeFiles/ur_controllers.dir/src/speed_scaling_state_broadcaster.cpp.o[0m
[2.624s] [ 64%] [32mBuilding CXX object CMakeFiles/ur_controllers.dir/src/force_mode_controller.cpp.o[0m
[2.625s] [ 67%] [32mBuilding CXX object CMakeFiles/ur_controllers.dir/src/scaled_joint_trajectory_controller.cpp.o[0m
[2.625s] [ 70%] [32mBuilding CXX object CMakeFiles/ur_controllers.dir/src/gpio_controller.cpp.o[0m
[2.625s] [ 74%] [32mBuilding CXX object CMakeFiles/ur_controllers.dir/src/ur_configuration_controller.cpp.o[0m
[2.625s] [ 77%] [32mBuilding CXX object CMakeFiles/ur_controllers.dir/src/freedrive_mode_controller.cpp.o[0m
[3.810s] [ 80%] [32m[1mLinking CXX static library libgmock_main.a[0m
[3.865s] [ 80%] Built target gmock_main
[6.401s] [ 83%] [32m[1mLinking CXX static library libgmock.a[0m
[6.498s] [ 83%] Built target gmock
[13.041s] [ 87%] [32m[1mLinking CXX shared library libur_controllers.so[0m
[14.618s] [ 87%] Built target ur_controllers
[14.637s] [ 90%] [32mBuilding CXX object CMakeFiles/test_load_force_mode_controller.dir/test/test_load_force_mode_controller.cpp.o[0m
[14.637s] [ 93%] [32mBuilding CXX object CMakeFiles/test_load_freedrive_mode_controller.dir/test/test_load_freedrive_mode_controller.cpp.o[0m
[19.744s] [ 96%] [32m[1mLinking CXX executable test_load_freedrive_mode_controller[0m
[19.762s] [100%] [32m[1mLinking CXX executable test_load_force_mode_controller[0m
[20.162s] [100%] Built target test_load_freedrive_mode_controller
[20.195s] [100%] Built target test_load_force_mode_controller
[20.207s] Invoked command in '/home/praj/Desktop/robot_learning/data_collection/data_col_ws/build/ur_controllers' returned '0': AMENT_PREFIX_PATH=/home/praj/Desktop/robot_learning/data_collection/data_col_ws/install/ur_dashboard_msgs:${AMENT_PREFIX_PATH} CMAKE_PREFIX_PATH=/home/praj/Desktop/robot_learning/data_collection/data_col_ws/install/ur_dashboard_msgs:/home/praj/Desktop/robot_learning/data_collection/data_col_ws/install/ur_robot_driver:/home/praj/Desktop/robot_learning/data_collection/data_col_ws/install/ur10e_data_collector:/opt/ros/humble LD_LIBRARY_PATH=/home/praj/Desktop/robot_learning/data_collection/data_col_ws/install/ur_dashboard_msgs/lib:${LD_LIBRARY_PATH} PYTHONPATH=/home/praj/Desktop/robot_learning/data_collection/data_col_ws/install/ur_dashboard_msgs/local/lib/python3.10/dist-packages:${PYTHONPATH} /usr/bin/cmake --build /home/praj/Desktop/robot_learning/data_collection/data_col_ws/build/ur_controllers -- -j12 -l12
[20.209s] Invoking command in '/home/praj/Desktop/robot_learning/data_collection/data_col_ws/build/ur_controllers': AMENT_PREFIX_PATH=/home/praj/Desktop/robot_learning/data_collection/data_col_ws/install/ur_dashboard_msgs:${AMENT_PREFIX_PATH} CMAKE_PREFIX_PATH=/home/praj/Desktop/robot_learning/data_collection/data_col_ws/install/ur_dashboard_msgs:/home/praj/Desktop/robot_learning/data_collection/data_col_ws/install/ur_robot_driver:/home/praj/Desktop/robot_learning/data_collection/data_col_ws/install/ur10e_data_collector:/opt/ros/humble LD_LIBRARY_PATH=/home/praj/Desktop/robot_learning/data_collection/data_col_ws/install/ur_dashboard_msgs/lib:${LD_LIBRARY_PATH} PYTHONPATH=/home/praj/Desktop/robot_learning/data_collection/data_col_ws/install/ur_dashboard_msgs/local/lib/python3.10/dist-packages:${PYTHONPATH} /usr/bin/cmake --install /home/praj/Desktop/robot_learning/data_collection/data_col_ws/build/ur_controllers
[20.215s] -- Install configuration: ""
[20.215s] -- Installing: /home/praj/Desktop/robot_learning/data_collection/data_col_ws/install/ur_controllers/include/ur_controllers
[20.215s] -- Installing: /home/praj/Desktop/robot_learning/data_collection/data_col_ws/install/ur_controllers/include/ur_controllers/force_mode_controller_parameters.hpp
[20.215s] -- Installing: /home/praj/Desktop/robot_learning/data_collection/data_col_ws/install/ur_controllers/include/ur_controllers/speed_scaling_state_broadcaster_parameters.hpp
[20.215s] -- Installing: /home/praj/Desktop/robot_learning/data_collection/data_col_ws/install/ur_controllers/include/ur_controllers/ur_configuration_controller_parameters.hpp
[20.216s] -- Installing: /home/praj/Desktop/robot_learning/data_collection/data_col_ws/install/ur_controllers/include/ur_controllers/passthrough_trajectory_controller_parameters.hpp
[20.216s] -- Installing: /home/praj/Desktop/robot_learning/data_collection/data_col_ws/install/ur_controllers/include/ur_controllers/freedrive_mode_controller_parameters.hpp
[20.216s] -- Installing: /home/praj/Desktop/robot_learning/data_collection/data_col_ws/install/ur_controllers/include/ur_controllers/scaled_joint_trajectory_controller_parameters.hpp
[20.216s] -- Installing: /home/praj/Desktop/robot_learning/data_collection/data_col_ws/install/ur_controllers/include/ur_controllers/gpio_controller_parameters.hpp
[20.216s] -- Up-to-date: /home/praj/Desktop/robot_learning/data_collection/data_col_ws/install/ur_controllers/include/ur_controllers
[20.216s] -- Up-to-date: /home/praj/Desktop/robot_learning/data_collection/data_col_ws/install/ur_controllers/include/ur_controllers/force_mode_controller_parameters.hpp
[20.216s] -- Up-to-date: /home/praj/Desktop/robot_learning/data_collection/data_col_ws/install/ur_controllers/include/ur_controllers/speed_scaling_state_broadcaster_parameters.hpp
[20.217s] -- Up-to-date: /home/praj/Desktop/robot_learning/data_collection/data_col_ws/install/ur_controllers/include/ur_controllers/ur_configuration_controller_parameters.hpp
[20.217s] -- Up-to-date: /home/praj/Desktop/robot_learning/data_collection/data_col_ws/install/ur_controllers/include/ur_controllers/passthrough_trajectory_controller_parameters.hpp
[20.217s] -- Up-to-date: /home/praj/Desktop/robot_learning/data_collection/data_col_ws/install/ur_controllers/include/ur_controllers/freedrive_mode_controller_parameters.hpp
[20.217s] -- Up-to-date: /home/praj/Desktop/robot_learning/data_collection/data_col_ws/install/ur_controllers/include/ur_controllers/scaled_joint_trajectory_controller_parameters.hpp
[20.217s] -- Up-to-date: /home/praj/Desktop/robot_learning/data_collection/data_col_ws/install/ur_controllers/include/ur_controllers/gpio_controller_parameters.hpp
[20.217s] -- Up-to-date: /home/praj/Desktop/robot_learning/data_collection/data_col_ws/install/ur_controllers/include/ur_controllers
[20.217s] -- Up-to-date: /home/praj/Desktop/robot_learning/data_collection/data_col_ws/install/ur_controllers/include/ur_controllers/force_mode_controller_parameters.hpp
[20.217s] -- Up-to-date: /home/praj/Desktop/robot_learning/data_collection/data_col_ws/install/ur_controllers/include/ur_controllers/speed_scaling_state_broadcaster_parameters.hpp
[20.218s] -- Up-to-date: /home/praj/Desktop/robot_learning/data_collection/data_col_ws/install/ur_controllers/include/ur_controllers/ur_configuration_controller_parameters.hpp
[20.218s] -- Up-to-date: /home/praj/Desktop/robot_learning/data_collection/data_col_ws/install/ur_controllers/include/ur_controllers/passthrough_trajectory_controller_parameters.hpp
[20.218s] -- Up-to-date: /home/praj/Desktop/robot_learning/data_collection/data_col_ws/install/ur_controllers/include/ur_controllers/freedrive_mode_controller_parameters.hpp
[20.218s] -- Up-to-date: /home/praj/Desktop/robot_learning/data_collection/data_col_ws/install/ur_controllers/include/ur_controllers/scaled_joint_trajectory_controller_parameters.hpp
[20.218s] -- Up-to-date: /home/praj/Desktop/robot_learning/data_collection/data_col_ws/install/ur_controllers/include/ur_controllers/gpio_controller_parameters.hpp
[20.218s] -- Up-to-date: /home/praj/Desktop/robot_learning/data_collection/data_col_ws/install/ur_controllers/include/ur_controllers
[20.218s] -- Up-to-date: /home/praj/Desktop/robot_learning/data_collection/data_col_ws/install/ur_controllers/include/ur_controllers/force_mode_controller_parameters.hpp
[20.218s] -- Up-to-date: /home/praj/Desktop/robot_learning/data_collection/data_col_ws/install/ur_controllers/include/ur_controllers/speed_scaling_state_broadcaster_parameters.hpp
[20.218s] -- Up-to-date: /home/praj/Desktop/robot_learning/data_collection/data_col_ws/install/ur_controllers/include/ur_controllers/ur_configuration_controller_parameters.hpp
[20.218s] -- Up-to-date: /home/praj/Desktop/robot_learning/data_collection/data_col_ws/install/ur_controllers/include/ur_controllers/passthrough_trajectory_controller_parameters.hpp
[20.218s] -- Up-to-date: /home/praj/Desktop/robot_learning/data_collection/data_col_ws/install/ur_controllers/include/ur_controllers/freedrive_mode_controller_parameters.hpp
[20.218s] -- Up-to-date: /home/praj/Desktop/robot_learning/data_collection/data_col_ws/install/ur_controllers/include/ur_controllers/scaled_joint_trajectory_controller_parameters.hpp
[20.218s] -- Up-to-date: /home/praj/Desktop/robot_learning/data_collection/data_col_ws/install/ur_controllers/include/ur_controllers/gpio_controller_parameters.hpp
[20.219s] -- Up-to-date: /home/praj/Desktop/robot_learning/data_collection/data_col_ws/install/ur_controllers/include/ur_controllers
[20.219s] -- Up-to-date: /home/praj/Desktop/robot_learning/data_collection/data_col_ws/install/ur_controllers/include/ur_controllers/force_mode_controller_parameters.hpp
[20.219s] -- Up-to-date: /home/praj/Desktop/robot_learning/data_collection/data_col_ws/install/ur_controllers/include/ur_controllers/speed_scaling_state_broadcaster_parameters.hpp
[20.219s] -- Up-to-date: /home/praj/Desktop/robot_learning/data_collection/data_col_ws/install/ur_controllers/include/ur_controllers/ur_configuration_controller_parameters.hpp
[20.219s] -- Up-to-date: /home/praj/Desktop/robot_learning/data_collection/data_col_ws/install/ur_controllers/include/ur_controllers/passthrough_trajectory_controller_parameters.hpp
[20.219s] -- Up-to-date: /home/praj/Desktop/robot_learning/data_collection/data_col_ws/install/ur_controllers/include/ur_controllers/freedrive_mode_controller_parameters.hpp
[20.219s] -- Up-to-date: /home/praj/Desktop/robot_learning/data_collection/data_col_ws/install/ur_controllers/include/ur_controllers/scaled_joint_trajectory_controller_parameters.hpp
[20.219s] -- Up-to-date: /home/praj/Desktop/robot_learning/data_collection/data_col_ws/install/ur_controllers/include/ur_controllers/gpio_controller_parameters.hpp
[20.219s] -- Up-to-date: /home/praj/Desktop/robot_learning/data_collection/data_col_ws/install/ur_controllers/include/ur_controllers
[20.219s] -- Up-to-date: /home/praj/Desktop/robot_learning/data_collection/data_col_ws/install/ur_controllers/include/ur_controllers/force_mode_controller_parameters.hpp
[20.219s] -- Up-to-date: /home/praj/Desktop/robot_learning/data_collection/data_col_ws/install/ur_controllers/include/ur_controllers/speed_scaling_state_broadcaster_parameters.hpp
[20.220s] -- Up-to-date: /home/praj/Desktop/robot_learning/data_collection/data_col_ws/install/ur_controllers/include/ur_controllers/ur_configuration_controller_parameters.hpp
[20.220s] -- Up-to-date: /home/praj/Desktop/robot_learning/data_collection/data_col_ws/install/ur_controllers/include/ur_controllers/passthrough_trajectory_controller_parameters.hpp
[20.220s] -- Up-to-date: /home/praj/Desktop/robot_learning/data_collection/data_col_ws/install/ur_controllers/include/ur_controllers/freedrive_mode_controller_parameters.hpp
[20.220s] -- Up-to-date: /home/praj/Desktop/robot_learning/data_collection/data_col_ws/install/ur_controllers/include/ur_controllers/scaled_joint_trajectory_controller_parameters.hpp
[20.220s] -- Up-to-date: /home/praj/Desktop/robot_learning/data_collection/data_col_ws/install/ur_controllers/include/ur_controllers/gpio_controller_parameters.hpp
[20.220s] -- Up-to-date: /home/praj/Desktop/robot_learning/data_collection/data_col_ws/install/ur_controllers/include/ur_controllers
[20.220s] -- Up-to-date: /home/praj/Desktop/robot_learning/data_collection/data_col_ws/install/ur_controllers/include/ur_controllers/force_mode_controller_parameters.hpp
[20.220s] -- Up-to-date: /home/praj/Desktop/robot_learning/data_collection/data_col_ws/install/ur_controllers/include/ur_controllers/speed_scaling_state_broadcaster_parameters.hpp
[20.220s] -- Up-to-date: /home/praj/Desktop/robot_learning/data_collection/data_col_ws/install/ur_controllers/include/ur_controllers/ur_configuration_controller_parameters.hpp
[20.220s] -- Up-to-date: /home/praj/Desktop/robot_learning/data_collection/data_col_ws/install/ur_controllers/include/ur_controllers/passthrough_trajectory_controller_parameters.hpp
[20.220s] -- Up-to-date: /home/praj/Desktop/robot_learning/data_collection/data_col_ws/install/ur_controllers/include/ur_controllers/freedrive_mode_controller_parameters.hpp
[20.220s] -- Up-to-date: /home/praj/Desktop/robot_learning/data_collection/data_col_ws/install/ur_controllers/include/ur_controllers/scaled_joint_trajectory_controller_parameters.hpp
[20.221s] -- Up-to-date: /home/praj/Desktop/robot_learning/data_collection/data_col_ws/install/ur_controllers/include/ur_controllers/gpio_controller_parameters.hpp
[20.221s] -- Installing: /home/praj/Desktop/robot_learning/data_collection/data_col_ws/install/ur_controllers/share/ur_controllers/controller_plugins.xml
[20.221s] -- Installing: /home/praj/Desktop/robot_learning/data_collection/data_col_ws/install/ur_controllers/lib/libur_controllers.so
[20.235s] -- Set runtime path of "/home/praj/Desktop/robot_learning/data_collection/data_col_ws/install/ur_controllers/lib/libur_controllers.so" to ""
[20.235s] -- Up-to-date: /home/praj/Desktop/robot_learning/data_collection/data_col_ws/install/ur_controllers/include
[20.235s] -- Up-to-date: /home/praj/Desktop/robot_learning/data_collection/data_col_ws/install/ur_controllers/include/ur_controllers
[20.235s] -- Installing: /home/praj/Desktop/robot_learning/data_collection/data_col_ws/install/ur_controllers/include/ur_controllers/force_mode_controller.hpp
[20.235s] -- Installing: /home/praj/Desktop/robot_learning/data_collection/data_col_ws/install/ur_controllers/include/ur_controllers/speed_scaling_state_broadcaster.hpp
[20.236s] -- Installing: /home/praj/Desktop/robot_learning/data_collection/data_col_ws/install/ur_controllers/include/ur_controllers/scaled_joint_trajectory_controller.hpp
[20.236s] -- Installing: /home/praj/Desktop/robot_learning/data_collection/data_col_ws/install/ur_controllers/include/ur_controllers/freedrive_mode_controller.hpp
[20.236s] -- Installing: /home/praj/Desktop/robot_learning/data_collection/data_col_ws/install/ur_controllers/include/ur_controllers/passthrough_trajectory_controller.hpp
[20.236s] -- Installing: /home/praj/Desktop/robot_learning/data_collection/data_col_ws/install/ur_controllers/include/ur_controllers/gpio_controller.hpp
[20.236s] -- Installing: /home/praj/Desktop/robot_learning/data_collection/data_col_ws/install/ur_controllers/include/ur_controllers/ur_configuration_controller.hpp
[20.236s] -- Up-to-date: /home/praj/Desktop/robot_learning/data_collection/data_col_ws/install/ur_controllers/share/ur_controllers/controller_plugins.xml
[20.236s] -- Installing: /home/praj/Desktop/robot_learning/data_collection/data_col_ws/install/ur_controllers/share/ur_controllers/environment/library_path.sh
[20.236s] -- Installing: /home/praj/Desktop/robot_learning/data_collection/data_col_ws/install/ur_controllers/share/ur_controllers/environment/library_path.dsv
[20.236s] -- Installing: /home/praj/Desktop/robot_learning/data_collection/data_col_ws/install/ur_controllers/share/ament_index/resource_index/package_run_dependencies/ur_controllers
[20.236s] -- Installing: /home/praj/Desktop/robot_learning/data_collection/data_col_ws/install/ur_controllers/share/ament_index/resource_index/parent_prefix_path/ur_controllers
[20.237s] -- Installing: /home/praj/Desktop/robot_learning/data_collection/data_col_ws/install/ur_controllers/share/ur_controllers/environment/ament_prefix_path.sh
[20.237s] -- Installing: /home/praj/Desktop/robot_learning/data_collection/data_col_ws/install/ur_controllers/share/ur_controllers/environment/ament_prefix_path.dsv
[20.237s] -- Installing: /home/praj/Desktop/robot_learning/data_collection/data_col_ws/install/ur_controllers/share/ur_controllers/environment/path.sh
[20.237s] -- Installing: /home/praj/Desktop/robot_learning/data_collection/data_col_ws/install/ur_controllers/share/ur_controllers/environment/path.dsv
[20.237s] -- Installing: /home/praj/Desktop/robot_learning/data_collection/data_col_ws/install/ur_controllers/share/ur_controllers/local_setup.bash
[20.237s] -- Installing: /home/praj/Desktop/robot_learning/data_collection/data_col_ws/install/ur_controllers/share/ur_controllers/local_setup.sh
[20.237s] -- Installing: /home/praj/Desktop/robot_learning/data_collection/data_col_ws/install/ur_controllers/share/ur_controllers/local_setup.zsh
[20.238s] -- Installing: /home/praj/Desktop/robot_learning/data_collection/data_col_ws/install/ur_controllers/share/ur_controllers/local_setup.dsv
[20.238s] -- Installing: /home/praj/Desktop/robot_learning/data_collection/data_col_ws/install/ur_controllers/share/ur_controllers/package.dsv
[20.238s] -- Installing: /home/praj/Desktop/robot_learning/data_collection/data_col_ws/install/ur_controllers/share/ament_index/resource_index/packages/ur_controllers
[20.238s] -- Installing: /home/praj/Desktop/robot_learning/data_collection/data_col_ws/install/ur_controllers/share/ament_index/resource_index/controller_interface__pluginlib__plugin/ur_controllers
[20.238s] -- Installing: /home/praj/Desktop/robot_learning/data_collection/data_col_ws/install/ur_controllers/share/ur_controllers/cmake/ament_cmake_export_dependencies-extras.cmake
[20.238s] -- Installing: /home/praj/Desktop/robot_learning/data_collection/data_col_ws/install/ur_controllers/share/ur_controllers/cmake/ament_cmake_export_include_directories-extras.cmake
[20.239s] -- Installing: /home/praj/Desktop/robot_learning/data_collection/data_col_ws/install/ur_controllers/share/ur_controllers/cmake/ament_cmake_export_libraries-extras.cmake
[20.239s] -- Installing: /home/praj/Desktop/robot_learning/data_collection/data_col_ws/install/ur_controllers/share/ur_controllers/cmake/ur_controllersConfig.cmake
[20.239s] -- Installing: /home/praj/Desktop/robot_learning/data_collection/data_col_ws/install/ur_controllers/share/ur_controllers/cmake/ur_controllersConfig-version.cmake
[20.239s] -- Installing: /home/praj/Desktop/robot_learning/data_collection/data_col_ws/install/ur_controllers/share/ur_controllers/package.xml
[20.241s] Invoked command in '/home/praj/Desktop/robot_learning/data_collection/data_col_ws/build/ur_controllers' returned '0': AMENT_PREFIX_PATH=/home/praj/Desktop/robot_learning/data_collection/data_col_ws/install/ur_dashboard_msgs:${AMENT_PREFIX_PATH} CMAKE_PREFIX_PATH=/home/praj/Desktop/robot_learning/data_collection/data_col_ws/install/ur_dashboard_msgs:/home/praj/Desktop/robot_learning/data_collection/data_col_ws/install/ur_robot_driver:/home/praj/Desktop/robot_learning/data_collection/data_col_ws/install/ur10e_data_collector:/opt/ros/humble LD_LIBRARY_PATH=/home/praj/Desktop/robot_learning/data_collection/data_col_ws/install/ur_dashboard_msgs/lib:${LD_LIBRARY_PATH} PYTHONPATH=/home/praj/Desktop/robot_learning/data_collection/data_col_ws/install/ur_dashboard_msgs/local/lib/python3.10/dist-packages:${PYTHONPATH} /usr/bin/cmake --install /home/praj/Desktop/robot_learning/data_collection/data_col_ws/build/ur_controllers
