[0.013s] Invoking command in '/home/praj/Desktop/robot_learning/data_collection/data_col_ws/build/ur_calibration': AMENT_PREFIX_PATH=/home/praj/Desktop/robot_learning/data_collection/data_col_ws/install/ur_controllers:/home/praj/Desktop/robot_learning/data_collection/data_col_ws/install/ur_dashboard_msgs:${AMENT_PREFIX_PATH} CMAKE_PREFIX_PATH=${CMAKE_PREFIX_PATH}:/home/praj/Desktop/robot_learning/data_collection/data_col_ws/install/ur_controllers:/home/praj/Desktop/robot_learning/data_collection/data_col_ws/install/ur_dashboard_msgs:/home/praj/Desktop/robot_learning/data_collection/data_col_ws/install/ur10e_data_collector:/opt/ros/humble LD_LIBRARY_PATH=/home/praj/Desktop/robot_learning/data_collection/data_col_ws/install/ur_robot_driver/lib:/home/praj/Desktop/robot_learning/data_collection/data_col_ws/install/ur_controllers/lib:/home/praj/Desktop/robot_learning/data_collection/data_col_ws/install/ur_dashboard_msgs/lib:/opt/ros/humble/opt/rviz_ogre_vendor/lib:/opt/ros/humble/lib/x86_64-linux-gnu:/opt/ros/humble/lib PYTHONPATH=/home/praj/Desktop/robot_learning/data_collection/data_col_ws/install/ur_dashboard_msgs/local/lib/python3.10/dist-packages:${PYTHONPATH} /usr/bin/cmake /home/praj/Desktop/robot_learning/data_collection/data_col_ws/src/Universal_Robots_ROS2_Driver/ur_calibration -DCMAKE_INSTALL_PREFIX=/home/praj/Desktop/robot_learning/data_collection/data_col_ws/install/ur_calibration
[0.069s] -- The C compiler identification is GNU 11.4.0
[0.128s] -- The CXX compiler identification is GNU 11.4.0
[0.136s] -- Detecting C compiler ABI info
[0.208s] -- Detecting C compiler ABI info - done
[0.219s] -- Check for working C compiler: /usr/bin/cc - skipped
[0.219s] -- Detecting C compile features
[0.220s] -- Detecting C compile features - done
[0.223s] -- Detecting CXX compiler ABI info
[0.303s] -- Detecting CXX compiler ABI info - done
[0.314s] -- Check for working CXX compiler: /usr/bin/c++ - skipped
[0.315s] -- Detecting CXX compile features
[0.316s] -- Detecting CXX compile features - done
[0.316s] [0mur_calibration: You did not request a specific build type: selecting 'RelWithDebInfo'.[0m
[0.318s] -- Found ament_cmake: 1.3.11 (/opt/ros/humble/share/ament_cmake/cmake)
[0.462s] -- Found Python3: /usr/bin/python3 (found version "3.10.12") found components: Interpreter 
[0.551s] -- Found rclcpp: 16.0.11 (/opt/ros/humble/share/rclcpp/cmake)
[0.597s] -- Found rosidl_generator_c: 3.1.6 (/opt/ros/humble/share/rosidl_generator_c/cmake)
[0.603s] -- Found rosidl_adapter: 3.1.6 (/opt/ros/humble/share/rosidl_adapter/cmake)
[0.612s] -- Found rosidl_generator_cpp: 3.1.6 (/opt/ros/humble/share/rosidl_generator_cpp/cmake)
[0.625s] -- Using all available rosidl_typesupport_c: rosidl_typesupport_fastrtps_c;rosidl_typesupport_introspection_c
[0.643s] -- Using all available rosidl_typesupport_cpp: rosidl_typesupport_fastrtps_cpp;rosidl_typesupport_introspection_cpp
[0.693s] -- Found rmw_implementation_cmake: 6.1.2 (/opt/ros/humble/share/rmw_implementation_cmake/cmake)
[0.696s] -- Found rmw_fastrtps_cpp: 6.2.7 (/opt/ros/humble/share/rmw_fastrtps_cpp/cmake)
[0.783s] -- Found OpenSSL: /usr/lib/x86_64-linux-gnu/libcrypto.so (found version "3.0.2")  
[0.812s] -- Found FastRTPS: /opt/ros/humble/include  
[0.851s] -- Using RMW implementation 'rmw_fastrtps_cpp' as default
[0.860s] -- Looking for pthread.h
[0.934s] -- Looking for pthread.h - found
[0.935s] -- Performing Test CMAKE_HAVE_LIBC_PTHREAD
[1.010s] -- Performing Test CMAKE_HAVE_LIBC_PTHREAD - Success
[1.011s] -- Found Threads: TRUE  
[1.082s] -- Found ur_robot_driver: 2.5.2 (/home/praj/Desktop/robot_learning/data_collection/data_col_ws/install/ur_robot_driver/share/ur_robot_driver/cmake)
[1.396s] -- Found eigen3_cmake_module: 0.1.1 (/opt/ros/humble/share/eigen3_cmake_module/cmake)
[1.397s] -- Found Eigen3: TRUE (found version "3.4.0") 
[1.397s] -- Ensuring Eigen3 include directory is part of orocos-kdl CMake target
[1.576s] -- Found ament_cmake_gmock: 1.3.11 (/opt/ros/humble/share/ament_cmake_gmock/cmake)
[1.578s] -- Found gmock sources under '/opt/ros/humble/src/gmock_vendor': C++ tests using 'Google Mock' will be built
[1.583s] -- Found ament_cmake_gtest: 1.3.11 (/opt/ros/humble/share/ament_cmake_gtest/cmake)
[1.584s] -- Found gtest sources under '/opt/ros/humble/src/gtest_vendor': C++ tests using 'Google Test' will be built
[1.648s] -- Configuring done
[1.754s] -- Generating done
[1.768s] -- Build files have been written to: /home/praj/Desktop/robot_learning/data_collection/data_col_ws/build/ur_calibration
[1.781s] Invoked command in '/home/praj/Desktop/robot_learning/data_collection/data_col_ws/build/ur_calibration' returned '0': AMENT_PREFIX_PATH=/home/praj/Desktop/robot_learning/data_collection/data_col_ws/install/ur_controllers:/home/praj/Desktop/robot_learning/data_collection/data_col_ws/install/ur_dashboard_msgs:${AMENT_PREFIX_PATH} CMAKE_PREFIX_PATH=${CMAKE_PREFIX_PATH}:/home/praj/Desktop/robot_learning/data_collection/data_col_ws/install/ur_controllers:/home/praj/Desktop/robot_learning/data_collection/data_col_ws/install/ur_dashboard_msgs:/home/praj/Desktop/robot_learning/data_collection/data_col_ws/install/ur10e_data_collector:/opt/ros/humble LD_LIBRARY_PATH=/home/praj/Desktop/robot_learning/data_collection/data_col_ws/install/ur_robot_driver/lib:/home/praj/Desktop/robot_learning/data_collection/data_col_ws/install/ur_controllers/lib:/home/praj/Desktop/robot_learning/data_collection/data_col_ws/install/ur_dashboard_msgs/lib:/opt/ros/humble/opt/rviz_ogre_vendor/lib:/opt/ros/humble/lib/x86_64-linux-gnu:/opt/ros/humble/lib PYTHONPATH=/home/praj/Desktop/robot_learning/data_collection/data_col_ws/install/ur_dashboard_msgs/local/lib/python3.10/dist-packages:${PYTHONPATH} /usr/bin/cmake /home/praj/Desktop/robot_learning/data_collection/data_col_ws/src/Universal_Robots_ROS2_Driver/ur_calibration -DCMAKE_INSTALL_PREFIX=/home/praj/Desktop/robot_learning/data_collection/data_col_ws/install/ur_calibration
[1.784s] Invoking command in '/home/praj/Desktop/robot_learning/data_collection/data_col_ws/build/ur_calibration': AMENT_PREFIX_PATH=/home/praj/Desktop/robot_learning/data_collection/data_col_ws/install/ur_controllers:/home/praj/Desktop/robot_learning/data_collection/data_col_ws/install/ur_dashboard_msgs:${AMENT_PREFIX_PATH} CMAKE_PREFIX_PATH=${CMAKE_PREFIX_PATH}:/home/praj/Desktop/robot_learning/data_collection/data_col_ws/install/ur_controllers:/home/praj/Desktop/robot_learning/data_collection/data_col_ws/install/ur_dashboard_msgs:/home/praj/Desktop/robot_learning/data_collection/data_col_ws/install/ur10e_data_collector:/opt/ros/humble LD_LIBRARY_PATH=/home/praj/Desktop/robot_learning/data_collection/data_col_ws/install/ur_robot_driver/lib:/home/praj/Desktop/robot_learning/data_collection/data_col_ws/install/ur_controllers/lib:/home/praj/Desktop/robot_learning/data_collection/data_col_ws/install/ur_dashboard_msgs/lib:/opt/ros/humble/opt/rviz_ogre_vendor/lib:/opt/ros/humble/lib/x86_64-linux-gnu:/opt/ros/humble/lib PYTHONPATH=/home/praj/Desktop/robot_learning/data_collection/data_col_ws/install/ur_dashboard_msgs/local/lib/python3.10/dist-packages:${PYTHONPATH} /usr/bin/cmake --build /home/praj/Desktop/robot_learning/data_collection/data_col_ws/build/ur_calibration -- -j12 -l12
[1.832s] [ 16%] [32mBuilding CXX object gmock/CMakeFiles/gmock.dir/opt/ros/humble/src/gtest_vendor/src/gtest-all.cc.o[0m
[1.832s] [ 16%] [32mBuilding CXX object CMakeFiles/calibration.dir/src/calibration.cpp.o[0m
[1.832s] [ 25%] [32mBuilding CXX object CMakeFiles/calibration.dir/src/calibration_consumer.cpp.o[0m
[1.832s] [ 33%] [32mBuilding CXX object gmock/CMakeFiles/gmock.dir/src/gmock-all.cc.o[0m
[1.832s] [ 41%] [32mBuilding CXX object gmock/CMakeFiles/gmock_main.dir/src/gmock_main.cc.o[0m
[3.110s] [ 50%] [32m[1mLinking CXX static library libgmock_main.a[0m
[3.146s] [ 50%] Built target gmock_main
[9.732s] [ 58%] [32m[1mLinking CXX static library libgmock.a[0m
[9.809s] [ 66%] [32m[1mLinking CXX static library libcalibration.a[0m
[9.846s] [ 66%] Built target gmock
[9.906s] [ 66%] Built target calibration
[9.925s] [ 83%] [32mBuilding CXX object CMakeFiles/calibration_test.dir/test/calibration_test.cpp.o[0m
[9.925s] [ 83%] [32mBuilding CXX object CMakeFiles/calibration_correction.dir/src/calibration_correction.cpp.o[0m
[15.714s] [ 91%] [32m[1mLinking CXX executable calibration_correction[0m
[16.102s] [ 91%] Built target calibration_correction
[17.453s] [100%] [32m[1mLinking CXX executable calibration_test[0m
[17.830s] [100%] Built target calibration_test
[17.842s] Invoked command in '/home/praj/Desktop/robot_learning/data_collection/data_col_ws/build/ur_calibration' returned '0': AMENT_PREFIX_PATH=/home/praj/Desktop/robot_learning/data_collection/data_col_ws/install/ur_controllers:/home/praj/Desktop/robot_learning/data_collection/data_col_ws/install/ur_dashboard_msgs:${AMENT_PREFIX_PATH} CMAKE_PREFIX_PATH=${CMAKE_PREFIX_PATH}:/home/praj/Desktop/robot_learning/data_collection/data_col_ws/install/ur_controllers:/home/praj/Desktop/robot_learning/data_collection/data_col_ws/install/ur_dashboard_msgs:/home/praj/Desktop/robot_learning/data_collection/data_col_ws/install/ur10e_data_collector:/opt/ros/humble LD_LIBRARY_PATH=/home/praj/Desktop/robot_learning/data_collection/data_col_ws/install/ur_robot_driver/lib:/home/praj/Desktop/robot_learning/data_collection/data_col_ws/install/ur_controllers/lib:/home/praj/Desktop/robot_learning/data_collection/data_col_ws/install/ur_dashboard_msgs/lib:/opt/ros/humble/opt/rviz_ogre_vendor/lib:/opt/ros/humble/lib/x86_64-linux-gnu:/opt/ros/humble/lib PYTHONPATH=/home/praj/Desktop/robot_learning/data_collection/data_col_ws/install/ur_dashboard_msgs/local/lib/python3.10/dist-packages:${PYTHONPATH} /usr/bin/cmake --build /home/praj/Desktop/robot_learning/data_collection/data_col_ws/build/ur_calibration -- -j12 -l12
[17.844s] Invoking command in '/home/praj/Desktop/robot_learning/data_collection/data_col_ws/build/ur_calibration': AMENT_PREFIX_PATH=/home/praj/Desktop/robot_learning/data_collection/data_col_ws/install/ur_controllers:/home/praj/Desktop/robot_learning/data_collection/data_col_ws/install/ur_dashboard_msgs:${AMENT_PREFIX_PATH} CMAKE_PREFIX_PATH=${CMAKE_PREFIX_PATH}:/home/praj/Desktop/robot_learning/data_collection/data_col_ws/install/ur_controllers:/home/praj/Desktop/robot_learning/data_collection/data_col_ws/install/ur_dashboard_msgs:/home/praj/Desktop/robot_learning/data_collection/data_col_ws/install/ur10e_data_collector:/opt/ros/humble LD_LIBRARY_PATH=/home/praj/Desktop/robot_learning/data_collection/data_col_ws/install/ur_robot_driver/lib:/home/praj/Desktop/robot_learning/data_collection/data_col_ws/install/ur_controllers/lib:/home/praj/Desktop/robot_learning/data_collection/data_col_ws/install/ur_dashboard_msgs/lib:/opt/ros/humble/opt/rviz_ogre_vendor/lib:/opt/ros/humble/lib/x86_64-linux-gnu:/opt/ros/humble/lib PYTHONPATH=/home/praj/Desktop/robot_learning/data_collection/data_col_ws/install/ur_dashboard_msgs/local/lib/python3.10/dist-packages:${PYTHONPATH} /usr/bin/cmake --install /home/praj/Desktop/robot_learning/data_collection/data_col_ws/build/ur_calibration
[17.850s] -- Install configuration: "RelWithDebInfo"
[17.851s] -- Installing: /home/praj/Desktop/robot_learning/data_collection/data_col_ws/install/ur_calibration/lib/ur_calibration/calibration_correction
[17.858s] -- Set runtime path of "/home/praj/Desktop/robot_learning/data_collection/data_col_ws/install/ur_calibration/lib/ur_calibration/calibration_correction" to ""
[17.858s] -- Installing: /home/praj/Desktop/robot_learning/data_collection/data_col_ws/install/ur_calibration/include
[17.858s] -- Installing: /home/praj/Desktop/robot_learning/data_collection/data_col_ws/install/ur_calibration/include/ur_calibration
[17.858s] -- Installing: /home/praj/Desktop/robot_learning/data_collection/data_col_ws/install/ur_calibration/include/ur_calibration/calibration_consumer.hpp
[17.858s] -- Installing: /home/praj/Desktop/robot_learning/data_collection/data_col_ws/install/ur_calibration/include/ur_calibration/calibration.hpp
[17.858s] -- Installing: /home/praj/Desktop/robot_learning/data_collection/data_col_ws/install/ur_calibration/share/ur_calibration/launch
[17.859s] -- Installing: /home/praj/Desktop/robot_learning/data_collection/data_col_ws/install/ur_calibration/share/ur_calibration/launch/calibration_correction.launch.py
[17.859s] -- Installing: /home/praj/Desktop/robot_learning/data_collection/data_col_ws/install/ur_calibration/share/ament_index/resource_index/package_run_dependencies/ur_calibration
[17.859s] -- Installing: /home/praj/Desktop/robot_learning/data_collection/data_col_ws/install/ur_calibration/share/ament_index/resource_index/parent_prefix_path/ur_calibration
[17.859s] -- Installing: /home/praj/Desktop/robot_learning/data_collection/data_col_ws/install/ur_calibration/share/ur_calibration/environment/ament_prefix_path.sh
[17.859s] -- Installing: /home/praj/Desktop/robot_learning/data_collection/data_col_ws/install/ur_calibration/share/ur_calibration/environment/ament_prefix_path.dsv
[17.859s] -- Installing: /home/praj/Desktop/robot_learning/data_collection/data_col_ws/install/ur_calibration/share/ur_calibration/environment/path.sh
[17.859s] -- Installing: /home/praj/Desktop/robot_learning/data_collection/data_col_ws/install/ur_calibration/share/ur_calibration/environment/path.dsv
[17.859s] -- Installing: /home/praj/Desktop/robot_learning/data_collection/data_col_ws/install/ur_calibration/share/ur_calibration/local_setup.bash
[17.860s] -- Installing: /home/praj/Desktop/robot_learning/data_collection/data_col_ws/install/ur_calibration/share/ur_calibration/local_setup.sh
[17.860s] -- Installing: /home/praj/Desktop/robot_learning/data_collection/data_col_ws/install/ur_calibration/share/ur_calibration/local_setup.zsh
[17.860s] -- Installing: /home/praj/Desktop/robot_learning/data_collection/data_col_ws/install/ur_calibration/share/ur_calibration/local_setup.dsv
[17.860s] -- Installing: /home/praj/Desktop/robot_learning/data_collection/data_col_ws/install/ur_calibration/share/ur_calibration/package.dsv
[17.860s] -- Installing: /home/praj/Desktop/robot_learning/data_collection/data_col_ws/install/ur_calibration/share/ament_index/resource_index/packages/ur_calibration
[17.860s] -- Installing: /home/praj/Desktop/robot_learning/data_collection/data_col_ws/install/ur_calibration/share/ur_calibration/cmake/ament_cmake_export_include_directories-extras.cmake
[17.861s] -- Installing: /home/praj/Desktop/robot_learning/data_collection/data_col_ws/install/ur_calibration/share/ur_calibration/cmake/ament_cmake_export_dependencies-extras.cmake
[17.861s] -- Installing: /home/praj/Desktop/robot_learning/data_collection/data_col_ws/install/ur_calibration/share/ur_calibration/cmake/ur_calibrationConfig.cmake
[17.861s] -- Installing: /home/praj/Desktop/robot_learning/data_collection/data_col_ws/install/ur_calibration/share/ur_calibration/cmake/ur_calibrationConfig-version.cmake
[17.861s] -- Installing: /home/praj/Desktop/robot_learning/data_collection/data_col_ws/install/ur_calibration/share/ur_calibration/package.xml
[17.863s] Invoked command in '/home/praj/Desktop/robot_learning/data_collection/data_col_ws/build/ur_calibration' returned '0': AMENT_PREFIX_PATH=/home/praj/Desktop/robot_learning/data_collection/data_col_ws/install/ur_controllers:/home/praj/Desktop/robot_learning/data_collection/data_col_ws/install/ur_dashboard_msgs:${AMENT_PREFIX_PATH} CMAKE_PREFIX_PATH=${CMAKE_PREFIX_PATH}:/home/praj/Desktop/robot_learning/data_collection/data_col_ws/install/ur_controllers:/home/praj/Desktop/robot_learning/data_collection/data_col_ws/install/ur_dashboard_msgs:/home/praj/Desktop/robot_learning/data_collection/data_col_ws/install/ur10e_data_collector:/opt/ros/humble LD_LIBRARY_PATH=/home/praj/Desktop/robot_learning/data_collection/data_col_ws/install/ur_robot_driver/lib:/home/praj/Desktop/robot_learning/data_collection/data_col_ws/install/ur_controllers/lib:/home/praj/Desktop/robot_learning/data_collection/data_col_ws/install/ur_dashboard_msgs/lib:/opt/ros/humble/opt/rviz_ogre_vendor/lib:/opt/ros/humble/lib/x86_64-linux-gnu:/opt/ros/humble/lib PYTHONPATH=/home/praj/Desktop/robot_learning/data_collection/data_col_ws/install/ur_dashboard_msgs/local/lib/python3.10/dist-packages:${PYTHONPATH} /usr/bin/cmake --install /home/praj/Desktop/robot_learning/data_collection/data_col_ws/build/ur_calibration
