[0.015s] Invoking command in '/home/praj/Desktop/robot_learning/data_collection/data_col_ws/build/ur_calibration': CMAKE_PREFIX_PATH=/home/praj/Desktop/robot_learning/data_collection/data_col_ws/install/ur_robot_driver:/home/praj/Desktop/robot_learning/data_collection/data_col_ws/install/ur_controllers:/home/praj/Desktop/robot_learning/data_collection/data_col_ws/install/ur_dashboard_msgs:/home/praj/Desktop/robot_learning/data_collection/data_col_ws/install/ur:/home/praj/Desktop/robot_learning/data_collection/data_col_ws/install/ur_calibration:/home/praj/Desktop/robot_learning/data_collection/data_col_ws/install/ur_moveit_config:/home/praj/Desktop/robot_learning/data_collection/data_col_ws/install/ur_bringup:/home/praj/Desktop/robot_learning/data_collection/data_col_ws/install/ur10e_data_collector:/opt/ros/humble LD_LIBRARY_PATH=/home/praj/Desktop/robot_learning/data_collection/data_col_ws/install/ur_robot_driver/lib:/home/praj/Desktop/robot_learning/data_collection/data_col_ws/install/ur_controllers/lib:/home/praj/Desktop/robot_learning/data_collection/data_col_ws/install/ur_dashboard_msgs/lib:/opt/ros/humble/opt/rviz_ogre_vendor/lib:/opt/ros/humble/lib/x86_64-linux-gnu:/opt/ros/humble/lib /usr/bin/cmake /home/praj/Desktop/robot_learning/data_collection/data_col_ws/src/Universal_Robots_ROS2_Driver/ur_calibration -DCMAKE_INSTALL_PREFIX=/home/praj/Desktop/robot_learning/data_collection/data_col_ws/install/ur_calibration
[0.072s] -- The C compiler identification is GNU 11.4.0
[0.131s] -- The CXX compiler identification is GNU 11.4.0
[0.139s] -- Detecting C compiler ABI info
[0.211s] -- Detecting C compiler ABI info - done
[0.222s] -- Check for working C compiler: /usr/bin/cc - skipped
[0.222s] -- Detecting C compile features
[0.222s] -- Detecting C compile features - done
[0.226s] -- Detecting CXX compiler ABI info
[0.303s] -- Detecting CXX compiler ABI info - done
[0.314s] -- Check for working CXX compiler: /usr/bin/c++ - skipped
[0.314s] -- Detecting CXX compile features
[0.315s] -- Detecting CXX compile features - done
[0.316s] [0mur_calibration: You did not request a specific build type: selecting 'RelWithDebInfo'.[0m
[0.318s] -- Found ament_cmake: 1.3.11 (/opt/ros/humble/share/ament_cmake/cmake)
[0.472s] -- Found Python3: /usr/bin/python3 (found version "3.10.12") found components: Interpreter 
[0.565s] -- Found rclcpp: 16.0.11 (/opt/ros/humble/share/rclcpp/cmake)
[0.612s] -- Found rosidl_generator_c: 3.1.6 (/opt/ros/humble/share/rosidl_generator_c/cmake)
[0.618s] -- Found rosidl_adapter: 3.1.6 (/opt/ros/humble/share/rosidl_adapter/cmake)
[0.627s] -- Found rosidl_generator_cpp: 3.1.6 (/opt/ros/humble/share/rosidl_generator_cpp/cmake)
[0.641s] -- Using all available rosidl_typesupport_c: rosidl_typesupport_fastrtps_c;rosidl_typesupport_introspection_c
[0.660s] -- Using all available rosidl_typesupport_cpp: rosidl_typesupport_fastrtps_cpp;rosidl_typesupport_introspection_cpp
[0.714s] -- Found rmw_implementation_cmake: 6.1.2 (/opt/ros/humble/share/rmw_implementation_cmake/cmake)
[0.717s] -- Found rmw_fastrtps_cpp: 6.2.7 (/opt/ros/humble/share/rmw_fastrtps_cpp/cmake)
[0.802s] -- Found OpenSSL: /usr/lib/x86_64-linux-gnu/libcrypto.so (found version "3.0.2")  
[0.831s] -- Found FastRTPS: /opt/ros/humble/include  
[0.870s] -- Using RMW implementation 'rmw_fastrtps_cpp' as default
[0.880s] -- Looking for pthread.h
[0.952s] -- Looking for pthread.h - found
[0.952s] -- Performing Test CMAKE_HAVE_LIBC_PTHREAD
[1.025s] -- Performing Test CMAKE_HAVE_LIBC_PTHREAD - Success
[1.026s] -- Found Threads: TRUE  
[1.092s] -- Found ur_robot_driver: 2.5.2 (/home/praj/Desktop/robot_learning/data_collection/data_col_ws/install/ur_robot_driver/share/ur_robot_driver/cmake)
[1.401s] -- Found eigen3_cmake_module: 0.1.1 (/opt/ros/humble/share/eigen3_cmake_module/cmake)
[1.402s] -- Found Eigen3: TRUE (found version "3.4.0") 
[1.403s] -- Ensuring Eigen3 include directory is part of orocos-kdl CMake target
[1.631s] -- Found ament_cmake_gmock: 1.3.11 (/opt/ros/humble/share/ament_cmake_gmock/cmake)
[1.634s] -- Found gmock sources under '/opt/ros/humble/src/gmock_vendor': C++ tests using 'Google Mock' will be built
[1.640s] -- Found ament_cmake_gtest: 1.3.11 (/opt/ros/humble/share/ament_cmake_gtest/cmake)
[1.641s] -- Found gtest sources under '/opt/ros/humble/src/gtest_vendor': C++ tests using 'Google Test' will be built
[1.709s] -- Configuring done
[1.814s] -- Generating done
[1.827s] -- Build files have been written to: /home/praj/Desktop/robot_learning/data_collection/data_col_ws/build/ur_calibration
[1.841s] Invoked command in '/home/praj/Desktop/robot_learning/data_collection/data_col_ws/build/ur_calibration' returned '0': CMAKE_PREFIX_PATH=/home/praj/Desktop/robot_learning/data_collection/data_col_ws/install/ur_robot_driver:/home/praj/Desktop/robot_learning/data_collection/data_col_ws/install/ur_controllers:/home/praj/Desktop/robot_learning/data_collection/data_col_ws/install/ur_dashboard_msgs:/home/praj/Desktop/robot_learning/data_collection/data_col_ws/install/ur:/home/praj/Desktop/robot_learning/data_collection/data_col_ws/install/ur_calibration:/home/praj/Desktop/robot_learning/data_collection/data_col_ws/install/ur_moveit_config:/home/praj/Desktop/robot_learning/data_collection/data_col_ws/install/ur_bringup:/home/praj/Desktop/robot_learning/data_collection/data_col_ws/install/ur10e_data_collector:/opt/ros/humble LD_LIBRARY_PATH=/home/praj/Desktop/robot_learning/data_collection/data_col_ws/install/ur_robot_driver/lib:/home/praj/Desktop/robot_learning/data_collection/data_col_ws/install/ur_controllers/lib:/home/praj/Desktop/robot_learning/data_collection/data_col_ws/install/ur_dashboard_msgs/lib:/opt/ros/humble/opt/rviz_ogre_vendor/lib:/opt/ros/humble/lib/x86_64-linux-gnu:/opt/ros/humble/lib /usr/bin/cmake /home/praj/Desktop/robot_learning/data_collection/data_col_ws/src/Universal_Robots_ROS2_Driver/ur_calibration -DCMAKE_INSTALL_PREFIX=/home/praj/Desktop/robot_learning/data_collection/data_col_ws/install/ur_calibration
[1.843s] Invoking command in '/home/praj/Desktop/robot_learning/data_collection/data_col_ws/build/ur_calibration': CMAKE_PREFIX_PATH=/home/praj/Desktop/robot_learning/data_collection/data_col_ws/install/ur_robot_driver:/home/praj/Desktop/robot_learning/data_collection/data_col_ws/install/ur_controllers:/home/praj/Desktop/robot_learning/data_collection/data_col_ws/install/ur_dashboard_msgs:/home/praj/Desktop/robot_learning/data_collection/data_col_ws/install/ur:/home/praj/Desktop/robot_learning/data_collection/data_col_ws/install/ur_calibration:/home/praj/Desktop/robot_learning/data_collection/data_col_ws/install/ur_moveit_config:/home/praj/Desktop/robot_learning/data_collection/data_col_ws/install/ur_bringup:/home/praj/Desktop/robot_learning/data_collection/data_col_ws/install/ur10e_data_collector:/opt/ros/humble LD_LIBRARY_PATH=/home/praj/Desktop/robot_learning/data_collection/data_col_ws/install/ur_robot_driver/lib:/home/praj/Desktop/robot_learning/data_collection/data_col_ws/install/ur_controllers/lib:/home/praj/Desktop/robot_learning/data_collection/data_col_ws/install/ur_dashboard_msgs/lib:/opt/ros/humble/opt/rviz_ogre_vendor/lib:/opt/ros/humble/lib/x86_64-linux-gnu:/opt/ros/humble/lib /usr/bin/cmake --build /home/praj/Desktop/robot_learning/data_collection/data_col_ws/build/ur_calibration -- -j12 -l12
[1.894s] [  8%] [32mBuilding CXX object gmock/CMakeFiles/gmock_main.dir/src/gmock_main.cc.o[0m
[1.894s] [ 16%] [32mBuilding CXX object gmock/CMakeFiles/gmock.dir/src/gmock-all.cc.o[0m
[1.894s] [ 25%] [32mBuilding CXX object gmock/CMakeFiles/gmock.dir/opt/ros/humble/src/gtest_vendor/src/gtest-all.cc.o[0m
[1.894s] [ 33%] [32mBuilding CXX object CMakeFiles/calibration.dir/src/calibration_consumer.cpp.o[0m
[1.894s] [ 41%] [32mBuilding CXX object CMakeFiles/calibration.dir/src/calibration.cpp.o[0m
[3.212s] [ 50%] [32m[1mLinking CXX static library libgmock_main.a[0m
[3.247s] [ 50%] Built target gmock_main
[10.052s] [ 58%] [32m[1mLinking CXX static library libgmock.a[0m
[10.131s] [ 66%] [32m[1mLinking CXX static library libcalibration.a[0m
[10.174s] [ 66%] Built target gmock
[10.232s] [ 66%] Built target calibration
[10.251s] [ 75%] [32mBuilding CXX object CMakeFiles/calibration_correction.dir/src/calibration_correction.cpp.o[0m
[10.251s] [ 83%] [32mBuilding CXX object CMakeFiles/calibration_test.dir/test/calibration_test.cpp.o[0m
[16.092s] [ 91%] [32m[1mLinking CXX executable calibration_correction[0m
[16.457s] [ 91%] Built target calibration_correction
[18.013s] [100%] [32m[1mLinking CXX executable calibration_test[0m
[18.399s] [100%] Built target calibration_test
[18.411s] Invoked command in '/home/praj/Desktop/robot_learning/data_collection/data_col_ws/build/ur_calibration' returned '0': CMAKE_PREFIX_PATH=/home/praj/Desktop/robot_learning/data_collection/data_col_ws/install/ur_robot_driver:/home/praj/Desktop/robot_learning/data_collection/data_col_ws/install/ur_controllers:/home/praj/Desktop/robot_learning/data_collection/data_col_ws/install/ur_dashboard_msgs:/home/praj/Desktop/robot_learning/data_collection/data_col_ws/install/ur:/home/praj/Desktop/robot_learning/data_collection/data_col_ws/install/ur_calibration:/home/praj/Desktop/robot_learning/data_collection/data_col_ws/install/ur_moveit_config:/home/praj/Desktop/robot_learning/data_collection/data_col_ws/install/ur_bringup:/home/praj/Desktop/robot_learning/data_collection/data_col_ws/install/ur10e_data_collector:/opt/ros/humble LD_LIBRARY_PATH=/home/praj/Desktop/robot_learning/data_collection/data_col_ws/install/ur_robot_driver/lib:/home/praj/Desktop/robot_learning/data_collection/data_col_ws/install/ur_controllers/lib:/home/praj/Desktop/robot_learning/data_collection/data_col_ws/install/ur_dashboard_msgs/lib:/opt/ros/humble/opt/rviz_ogre_vendor/lib:/opt/ros/humble/lib/x86_64-linux-gnu:/opt/ros/humble/lib /usr/bin/cmake --build /home/praj/Desktop/robot_learning/data_collection/data_col_ws/build/ur_calibration -- -j12 -l12
[18.413s] Invoking command in '/home/praj/Desktop/robot_learning/data_collection/data_col_ws/build/ur_calibration': CMAKE_PREFIX_PATH=/home/praj/Desktop/robot_learning/data_collection/data_col_ws/install/ur_robot_driver:/home/praj/Desktop/robot_learning/data_collection/data_col_ws/install/ur_controllers:/home/praj/Desktop/robot_learning/data_collection/data_col_ws/install/ur_dashboard_msgs:/home/praj/Desktop/robot_learning/data_collection/data_col_ws/install/ur:/home/praj/Desktop/robot_learning/data_collection/data_col_ws/install/ur_calibration:/home/praj/Desktop/robot_learning/data_collection/data_col_ws/install/ur_moveit_config:/home/praj/Desktop/robot_learning/data_collection/data_col_ws/install/ur_bringup:/home/praj/Desktop/robot_learning/data_collection/data_col_ws/install/ur10e_data_collector:/opt/ros/humble LD_LIBRARY_PATH=/home/praj/Desktop/robot_learning/data_collection/data_col_ws/install/ur_robot_driver/lib:/home/praj/Desktop/robot_learning/data_collection/data_col_ws/install/ur_controllers/lib:/home/praj/Desktop/robot_learning/data_collection/data_col_ws/install/ur_dashboard_msgs/lib:/opt/ros/humble/opt/rviz_ogre_vendor/lib:/opt/ros/humble/lib/x86_64-linux-gnu:/opt/ros/humble/lib /usr/bin/cmake --install /home/praj/Desktop/robot_learning/data_collection/data_col_ws/build/ur_calibration
[18.419s] -- Install configuration: "RelWithDebInfo"
[18.419s] -- Installing: /home/praj/Desktop/robot_learning/data_collection/data_col_ws/install/ur_calibration/lib/ur_calibration/calibration_correction
[18.427s] -- Set runtime path of "/home/praj/Desktop/robot_learning/data_collection/data_col_ws/install/ur_calibration/lib/ur_calibration/calibration_correction" to ""
[18.427s] -- Installing: /home/praj/Desktop/robot_learning/data_collection/data_col_ws/install/ur_calibration/include
[18.427s] -- Installing: /home/praj/Desktop/robot_learning/data_collection/data_col_ws/install/ur_calibration/include/ur_calibration
[18.427s] -- Installing: /home/praj/Desktop/robot_learning/data_collection/data_col_ws/install/ur_calibration/include/ur_calibration/calibration_consumer.hpp
[18.427s] -- Installing: /home/praj/Desktop/robot_learning/data_collection/data_col_ws/install/ur_calibration/include/ur_calibration/calibration.hpp
[18.427s] -- Installing: /home/praj/Desktop/robot_learning/data_collection/data_col_ws/install/ur_calibration/share/ur_calibration/launch
[18.427s] -- Installing: /home/praj/Desktop/robot_learning/data_collection/data_col_ws/install/ur_calibration/share/ur_calibration/launch/calibration_correction.launch.py
[18.428s] -- Installing: /home/praj/Desktop/robot_learning/data_collection/data_col_ws/install/ur_calibration/share/ament_index/resource_index/package_run_dependencies/ur_calibration
[18.428s] -- Installing: /home/praj/Desktop/robot_learning/data_collection/data_col_ws/install/ur_calibration/share/ament_index/resource_index/parent_prefix_path/ur_calibration
[18.428s] -- Installing: /home/praj/Desktop/robot_learning/data_collection/data_col_ws/install/ur_calibration/share/ur_calibration/environment/ament_prefix_path.sh
[18.428s] -- Installing: /home/praj/Desktop/robot_learning/data_collection/data_col_ws/install/ur_calibration/share/ur_calibration/environment/ament_prefix_path.dsv
[18.428s] -- Installing: /home/praj/Desktop/robot_learning/data_collection/data_col_ws/install/ur_calibration/share/ur_calibration/environment/path.sh
[18.428s] -- Installing: /home/praj/Desktop/robot_learning/data_collection/data_col_ws/install/ur_calibration/share/ur_calibration/environment/path.dsv
[18.429s] -- Installing: /home/praj/Desktop/robot_learning/data_collection/data_col_ws/install/ur_calibration/share/ur_calibration/local_setup.bash
[18.429s] -- Installing: /home/praj/Desktop/robot_learning/data_collection/data_col_ws/install/ur_calibration/share/ur_calibration/local_setup.sh
[18.429s] -- Installing: /home/praj/Desktop/robot_learning/data_collection/data_col_ws/install/ur_calibration/share/ur_calibration/local_setup.zsh
[18.429s] -- Installing: /home/praj/Desktop/robot_learning/data_collection/data_col_ws/install/ur_calibration/share/ur_calibration/local_setup.dsv
[18.429s] -- Installing: /home/praj/Desktop/robot_learning/data_collection/data_col_ws/install/ur_calibration/share/ur_calibration/package.dsv
[18.430s] -- Installing: /home/praj/Desktop/robot_learning/data_collection/data_col_ws/install/ur_calibration/share/ament_index/resource_index/packages/ur_calibration
[18.430s] -- Installing: /home/praj/Desktop/robot_learning/data_collection/data_col_ws/install/ur_calibration/share/ur_calibration/cmake/ament_cmake_export_include_directories-extras.cmake
[18.430s] -- Installing: /home/praj/Desktop/robot_learning/data_collection/data_col_ws/install/ur_calibration/share/ur_calibration/cmake/ament_cmake_export_dependencies-extras.cmake
[18.430s] -- Installing: /home/praj/Desktop/robot_learning/data_collection/data_col_ws/install/ur_calibration/share/ur_calibration/cmake/ur_calibrationConfig.cmake
[18.430s] -- Installing: /home/praj/Desktop/robot_learning/data_collection/data_col_ws/install/ur_calibration/share/ur_calibration/cmake/ur_calibrationConfig-version.cmake
[18.430s] -- Installing: /home/praj/Desktop/robot_learning/data_collection/data_col_ws/install/ur_calibration/share/ur_calibration/package.xml
[18.433s] Invoked command in '/home/praj/Desktop/robot_learning/data_collection/data_col_ws/build/ur_calibration' returned '0': CMAKE_PREFIX_PATH=/home/praj/Desktop/robot_learning/data_collection/data_col_ws/install/ur_robot_driver:/home/praj/Desktop/robot_learning/data_collection/data_col_ws/install/ur_controllers:/home/praj/Desktop/robot_learning/data_collection/data_col_ws/install/ur_dashboard_msgs:/home/praj/Desktop/robot_learning/data_collection/data_col_ws/install/ur:/home/praj/Desktop/robot_learning/data_collection/data_col_ws/install/ur_calibration:/home/praj/Desktop/robot_learning/data_collection/data_col_ws/install/ur_moveit_config:/home/praj/Desktop/robot_learning/data_collection/data_col_ws/install/ur_bringup:/home/praj/Desktop/robot_learning/data_collection/data_col_ws/install/ur10e_data_collector:/opt/ros/humble LD_LIBRARY_PATH=/home/praj/Desktop/robot_learning/data_collection/data_col_ws/install/ur_robot_driver/lib:/home/praj/Desktop/robot_learning/data_collection/data_col_ws/install/ur_controllers/lib:/home/praj/Desktop/robot_learning/data_collection/data_col_ws/install/ur_dashboard_msgs/lib:/opt/ros/humble/opt/rviz_ogre_vendor/lib:/opt/ros/humble/lib/x86_64-linux-gnu:/opt/ros/humble/lib /usr/bin/cmake --install /home/praj/Desktop/robot_learning/data_collection/data_col_ws/build/ur_calibration
