[0.013s] Invoking command in '/home/praj/Desktop/robot_learning/data_collection/data_col_ws/build/ur_robot_driver': CMAKE_PREFIX_PATH=/home/praj/Desktop/robot_learning/data_collection/data_col_ws/install/ur_controllers:/home/praj/Desktop/robot_learning/data_collection/data_col_ws/install/ur_dashboard_msgs:/home/praj/Desktop/robot_learning/data_collection/data_col_ws/install/ur:/home/praj/Desktop/robot_learning/data_collection/data_col_ws/install/ur_calibration:/home/praj/Desktop/robot_learning/data_collection/data_col_ws/install/ur_moveit_config:/home/praj/Desktop/robot_learning/data_collection/data_col_ws/install/ur_bringup:/home/praj/Desktop/robot_learning/data_collection/data_col_ws/install/ur_robot_driver:/home/praj/Desktop/robot_learning/data_collection/data_col_ws/install/ur10e_data_collector:/opt/ros/humble /usr/bin/cmake /home/praj/Desktop/robot_learning/data_collection/data_col_ws/src/Universal_Robots_ROS2_Driver/ur_robot_driver -DCMAKE_INSTALL_PREFIX=/home/praj/Desktop/robot_learning/data_collection/data_col_ws/install/ur_robot_driver
[0.071s] -- The C compiler identification is GNU 11.4.0
[0.130s] -- The CXX compiler identification is GNU 11.4.0
[0.137s] -- Detecting C compiler ABI info
[0.206s] -- Detecting C compiler ABI info - done
[0.218s] -- Check for working C compiler: /usr/bin/cc - skipped
[0.218s] -- Detecting C compile features
[0.218s] -- Detecting C compile features - done
[0.221s] -- Detecting CXX compiler ABI info
[0.306s] -- Detecting CXX compiler ABI info - done
[0.317s] -- Check for working CXX compiler: /usr/bin/c++ - skipped
[0.317s] -- Detecting CXX compile features
[0.318s] -- Detecting CXX compile features - done
[0.319s] [0mur_robot_driver: You did not request a specific build type: selecting 'RelWithDebInfo'.[0m
[0.321s] -- Found ament_cmake: 1.3.11 (/opt/ros/humble/share/ament_cmake/cmake)
[0.470s] -- Found Python3: /usr/bin/python3 (found version "3.10.12") found components: Interpreter 
[0.562s] -- Found controller_manager: 2.48.0 (/opt/ros/humble/share/controller_manager/cmake)
[0.614s] -- Found rosidl_generator_c: 3.1.6 (/opt/ros/humble/share/rosidl_generator_c/cmake)
[0.619s] -- Found rosidl_adapter: 3.1.6 (/opt/ros/humble/share/rosidl_adapter/cmake)
[0.628s] -- Found rosidl_generator_cpp: 3.1.6 (/opt/ros/humble/share/rosidl_generator_cpp/cmake)
[0.643s] -- Using all available rosidl_typesupport_c: rosidl_typesupport_fastrtps_c;rosidl_typesupport_introspection_c
[0.662s] -- Using all available rosidl_typesupport_cpp: rosidl_typesupport_fastrtps_cpp;rosidl_typesupport_introspection_cpp
[0.930s] -- Found rmw_implementation_cmake: 6.1.2 (/opt/ros/humble/share/rmw_implementation_cmake/cmake)
[0.933s] -- Found rmw_fastrtps_cpp: 6.2.7 (/opt/ros/humble/share/rmw_fastrtps_cpp/cmake)
[0.962s] -- Found TinyXML2 via Config file: TinyXML2_DIR-NOTFOUND
[1.017s] -- Found OpenSSL: /usr/lib/x86_64-linux-gnu/libcrypto.so (found version "3.0.2")  
[1.020s] -- Found TinyXML2 via Config file: TinyXML2_DIR-NOTFOUND
[1.037s] -- Found FastRTPS: /opt/ros/humble/include  
[1.041s] -- Found TinyXML2 via Config file: TinyXML2_DIR-NOTFOUND
[1.049s] -- Found TinyXML2 via Config file: TinyXML2_DIR-NOTFOUND
[1.060s] -- Using RMW implementation 'rmw_fastrtps_cpp' as default
[1.069s] -- Looking for pthread.h
[1.167s] -- Looking for pthread.h - found
[1.168s] -- Performing Test CMAKE_HAVE_LIBC_PTHREAD
[1.265s] -- Performing Test CMAKE_HAVE_LIBC_PTHREAD - Success
[1.267s] -- Found Threads: TRUE  
[1.385s] -- Found rclpy: 3.3.15 (/opt/ros/humble/share/rclpy/cmake)
[1.387s] -- Found std_srvs: 4.2.4 (/opt/ros/humble/share/std_srvs/cmake)
[1.400s] -- Found tf2_geometry_msgs: 0.25.12 (/opt/ros/humble/share/tf2_geometry_msgs/cmake)
[1.416s] -- Found eigen3_cmake_module: 0.1.1 (/opt/ros/humble/share/eigen3_cmake_module/cmake)
[1.417s] -- Found Eigen3: TRUE (found version "3.4.0") 
[1.417s] -- Ensuring Eigen3 include directory is part of orocos-kdl CMake target
[1.496s] -- Found ur_dashboard_msgs: 2.5.2 (/home/praj/Desktop/robot_learning/data_collection/data_col_ws/install/ur_dashboard_msgs/share/ur_dashboard_msgs/cmake)
[1.519s] -- Found ur_msgs: 2.1.0 (/opt/ros/humble/share/ur_msgs/cmake)
[1.832s] -- Found ur_controllers: 2.5.2 (/home/praj/Desktop/robot_learning/data_collection/data_col_ws/install/ur_controllers/share/ur_controllers/cmake)
[1.971s] -- Found ur_description: 2.1.10 (/opt/ros/humble/share/ur_description/cmake)
[1.974s] -- Found launch_testing_ament_cmake: 1.0.7 (/opt/ros/humble/share/launch_testing_ament_cmake/cmake)
[1.975s] -- Found python_cmake_module: 0.10.0 (/opt/ros/humble/share/python_cmake_module/cmake)
[1.997s] -- Found PythonInterp: /usr/bin/python3 (found suitable version "3.10.12", minimum required is "3.6") 
[2.004s] -- Found PythonLibs: /usr/lib/x86_64-linux-gnu/libpython3.10.so (found suitable version "3.10.12", minimum required is "3.5") 
[2.004s] -- Using PYTHON_EXECUTABLE: /usr/bin/python3
[2.004s] -- Using PYTHON_INCLUDE_DIRS: /usr/include/python3.10
[2.004s] -- Using PYTHON_LIBRARIES: /usr/lib/x86_64-linux-gnu/libpython3.10.so
[2.028s] -- Found PythonExtra: .so  
[2.029s] -- Configuring done
[2.187s] -- Generating done
[2.214s] -- Build files have been written to: /home/praj/Desktop/robot_learning/data_collection/data_col_ws/build/ur_robot_driver
[2.228s] Invoked command in '/home/praj/Desktop/robot_learning/data_collection/data_col_ws/build/ur_robot_driver' returned '0': CMAKE_PREFIX_PATH=/home/praj/Desktop/robot_learning/data_collection/data_col_ws/install/ur_controllers:/home/praj/Desktop/robot_learning/data_collection/data_col_ws/install/ur_dashboard_msgs:/home/praj/Desktop/robot_learning/data_collection/data_col_ws/install/ur:/home/praj/Desktop/robot_learning/data_collection/data_col_ws/install/ur_calibration:/home/praj/Desktop/robot_learning/data_collection/data_col_ws/install/ur_moveit_config:/home/praj/Desktop/robot_learning/data_collection/data_col_ws/install/ur_bringup:/home/praj/Desktop/robot_learning/data_collection/data_col_ws/install/ur_robot_driver:/home/praj/Desktop/robot_learning/data_collection/data_col_ws/install/ur10e_data_collector:/opt/ros/humble /usr/bin/cmake /home/praj/Desktop/robot_learning/data_collection/data_col_ws/src/Universal_Robots_ROS2_Driver/ur_robot_driver -DCMAKE_INSTALL_PREFIX=/home/praj/Desktop/robot_learning/data_collection/data_col_ws/install/ur_robot_driver
[2.230s] Invoking command in '/home/praj/Desktop/robot_learning/data_collection/data_col_ws/build/ur_robot_driver': CMAKE_PREFIX_PATH=/home/praj/Desktop/robot_learning/data_collection/data_col_ws/install/ur_controllers:/home/praj/Desktop/robot_learning/data_collection/data_col_ws/install/ur_dashboard_msgs:/home/praj/Desktop/robot_learning/data_collection/data_col_ws/install/ur:/home/praj/Desktop/robot_learning/data_collection/data_col_ws/install/ur_calibration:/home/praj/Desktop/robot_learning/data_collection/data_col_ws/install/ur_moveit_config:/home/praj/Desktop/robot_learning/data_collection/data_col_ws/install/ur_bringup:/home/praj/Desktop/robot_learning/data_collection/data_col_ws/install/ur_robot_driver:/home/praj/Desktop/robot_learning/data_collection/data_col_ws/install/ur10e_data_collector:/opt/ros/humble /usr/bin/cmake --build /home/praj/Desktop/robot_learning/data_collection/data_col_ws/build/ur_robot_driver -- -j12 -l12
[2.283s] [  5%] [32mBuilding CXX object CMakeFiles/ur_ros2_control_node.dir/src/ur_ros2_control_node.cpp.o[0m
[2.283s] [ 10%] [32mBuilding CXX object CMakeFiles/robot_state_helper.dir/src/robot_state_helper.cpp.o[0m
[2.283s] [ 21%] [32mBuilding CXX object CMakeFiles/ur_robot_driver_plugin.dir/src/hardware_interface.cpp.o[0m
[2.283s] [ 21%] [32mBuilding CXX object CMakeFiles/ur_robot_driver_plugin.dir/src/dashboard_client_ros.cpp.o[0m
[2.286s] [ 31%] [32mBuilding CXX object CMakeFiles/robot_state_helper.dir/src/robot_state_helper_node.cpp.o[0m
[2.286s] [ 42%] [32mBuilding CXX object CMakeFiles/controller_stopper_node.dir/src/controller_stopper.cpp.o[0m
[2.286s] [ 52%] [32mBuilding CXX object CMakeFiles/urscript_interface.dir/src/urscript_interface.cpp.o[0m
[2.286s] [ 52%] [32mBuilding CXX object CMakeFiles/ur_robot_driver_plugin.dir/src/robot_state_helper.cpp.o[0m
[2.286s] [ 52%] [32mBuilding CXX object CMakeFiles/ur_robot_driver_plugin.dir/src/urcl_log_handler.cpp.o[0m
[2.287s] [ 52%] [32mBuilding CXX object CMakeFiles/dashboard_client.dir/src/dashboard_client_ros.cpp.o[0m
[2.288s] [ 57%] [32mBuilding CXX object CMakeFiles/dashboard_client.dir/src/dashboard_client_node.cpp.o[0m
[2.301s] [ 57%] Built target ament_cmake_python_copy_ur_robot_driver
[2.318s] [ 63%] [32mBuilding CXX object CMakeFiles/dashboard_client.dir/src/urcl_log_handler.cpp.o[0m
[3.493s] [ 68%] [32mBuilding CXX object CMakeFiles/controller_stopper_node.dir/src/controller_stopper_node.cpp.o[0m
[3.844s] running egg_info
[3.846s] creating ur_robot_driver.egg-info
[3.848s] writing ur_robot_driver.egg-info/PKG-INFO
[3.850s] writing dependency_links to ur_robot_driver.egg-info/dependency_links.txt
[3.851s] writing top-level names to ur_robot_driver.egg-info/top_level.txt
[3.852s] writing manifest file 'ur_robot_driver.egg-info/SOURCES.txt'
[3.853s] reading manifest file 'ur_robot_driver.egg-info/SOURCES.txt'
[3.854s] writing manifest file 'ur_robot_driver.egg-info/SOURCES.txt'
[3.899s] [ 68%] Built target ament_cmake_python_build_ur_robot_driver_egg
[9.748s] [ 73%] [32m[1mLinking CXX executable ur_ros2_control_node[0m
[10.055s] [ 73%] Built target ur_ros2_control_node
[19.860s] [ 78%] [32m[1mLinking CXX executable urscript_interface[0m
[20.336s] [ 78%] Built target urscript_interface
[23.269s] [ 84%] [32m[1mLinking CXX executable controller_stopper_node[0m
[23.730s] [ 84%] Built target controller_stopper_node
[25.974s] [ 89%] [32m[1mLinking CXX executable dashboard_client[0m
[26.399s] [ 89%] Built target dashboard_client
[32.762s] [ 94%] [32m[1mLinking CXX executable robot_state_helper[0m
[32.854s] [100%] [32m[1mLinking CXX shared library libur_robot_driver_plugin.so[0m
[33.335s] [100%] Built target robot_state_helper
[33.669s] [100%] Built target ur_robot_driver_plugin
[33.681s] Invoked command in '/home/praj/Desktop/robot_learning/data_collection/data_col_ws/build/ur_robot_driver' returned '0': CMAKE_PREFIX_PATH=/home/praj/Desktop/robot_learning/data_collection/data_col_ws/install/ur_controllers:/home/praj/Desktop/robot_learning/data_collection/data_col_ws/install/ur_dashboard_msgs:/home/praj/Desktop/robot_learning/data_collection/data_col_ws/install/ur:/home/praj/Desktop/robot_learning/data_collection/data_col_ws/install/ur_calibration:/home/praj/Desktop/robot_learning/data_collection/data_col_ws/install/ur_moveit_config:/home/praj/Desktop/robot_learning/data_collection/data_col_ws/install/ur_bringup:/home/praj/Desktop/robot_learning/data_collection/data_col_ws/install/ur_robot_driver:/home/praj/Desktop/robot_learning/data_collection/data_col_ws/install/ur10e_data_collector:/opt/ros/humble /usr/bin/cmake --build /home/praj/Desktop/robot_learning/data_collection/data_col_ws/build/ur_robot_driver -- -j12 -l12
[33.683s] Invoking command in '/home/praj/Desktop/robot_learning/data_collection/data_col_ws/build/ur_robot_driver': CMAKE_PREFIX_PATH=/home/praj/Desktop/robot_learning/data_collection/data_col_ws/install/ur_controllers:/home/praj/Desktop/robot_learning/data_collection/data_col_ws/install/ur_dashboard_msgs:/home/praj/Desktop/robot_learning/data_collection/data_col_ws/install/ur:/home/praj/Desktop/robot_learning/data_collection/data_col_ws/install/ur_calibration:/home/praj/Desktop/robot_learning/data_collection/data_col_ws/install/ur_moveit_config:/home/praj/Desktop/robot_learning/data_collection/data_col_ws/install/ur_bringup:/home/praj/Desktop/robot_learning/data_collection/data_col_ws/install/ur_robot_driver:/home/praj/Desktop/robot_learning/data_collection/data_col_ws/install/ur10e_data_collector:/opt/ros/humble /usr/bin/cmake --install /home/praj/Desktop/robot_learning/data_collection/data_col_ws/build/ur_robot_driver
[33.690s] -- Install configuration: "RelWithDebInfo"
[33.690s] -- Installing: /home/praj/Desktop/robot_learning/data_collection/data_col_ws/install/ur_robot_driver/share/ur_robot_driver/hardware_interface_plugin.xml
[33.691s] -- Installing: /home/praj/Desktop/robot_learning/data_collection/data_col_ws/install/ur_robot_driver/lib/ur_robot_driver/dashboard_client
[33.704s] -- Set runtime path of "/home/praj/Desktop/robot_learning/data_collection/data_col_ws/install/ur_robot_driver/lib/ur_robot_driver/dashboard_client" to ""
[33.705s] -- Installing: /home/praj/Desktop/robot_learning/data_collection/data_col_ws/install/ur_robot_driver/lib/ur_robot_driver/ur_ros2_control_node
[33.706s] -- Set runtime path of "/home/praj/Desktop/robot_learning/data_collection/data_col_ws/install/ur_robot_driver/lib/ur_robot_driver/ur_ros2_control_node" to ""
[33.706s] -- Installing: /home/praj/Desktop/robot_learning/data_collection/data_col_ws/install/ur_robot_driver/lib/ur_robot_driver/controller_stopper_node
[33.719s] -- Set runtime path of "/home/praj/Desktop/robot_learning/data_collection/data_col_ws/install/ur_robot_driver/lib/ur_robot_driver/controller_stopper_node" to ""
[33.719s] -- Installing: /home/praj/Desktop/robot_learning/data_collection/data_col_ws/install/ur_robot_driver/lib/ur_robot_driver/urscript_interface
[33.729s] -- Set runtime path of "/home/praj/Desktop/robot_learning/data_collection/data_col_ws/install/ur_robot_driver/lib/ur_robot_driver/urscript_interface" to ""
[33.729s] -- Installing: /home/praj/Desktop/robot_learning/data_collection/data_col_ws/install/ur_robot_driver/lib/ur_robot_driver/robot_state_helper
[33.754s] -- Set runtime path of "/home/praj/Desktop/robot_learning/data_collection/data_col_ws/install/ur_robot_driver/lib/ur_robot_driver/robot_state_helper" to ""
[33.754s] -- Installing: /home/praj/Desktop/robot_learning/data_collection/data_col_ws/install/ur_robot_driver/lib/libur_robot_driver_plugin.so
[33.821s] -- Set runtime path of "/home/praj/Desktop/robot_learning/data_collection/data_col_ws/install/ur_robot_driver/lib/libur_robot_driver_plugin.so" to ""
[33.821s] -- Installing: /home/praj/Desktop/robot_learning/data_collection/data_col_ws/install/ur_robot_driver/include
[33.822s] -- Installing: /home/praj/Desktop/robot_learning/data_collection/data_col_ws/install/ur_robot_driver/include/ur_robot_driver
[33.822s] -- Installing: /home/praj/Desktop/robot_learning/data_collection/data_col_ws/install/ur_robot_driver/include/ur_robot_driver/controller_stopper.hpp
[33.822s] -- Installing: /home/praj/Desktop/robot_learning/data_collection/data_col_ws/install/ur_robot_driver/include/ur_robot_driver/robot_state_helper.hpp
[33.822s] -- Installing: /home/praj/Desktop/robot_learning/data_collection/data_col_ws/install/ur_robot_driver/include/ur_robot_driver/dashboard_client_ros.hpp
[33.822s] -- Installing: /home/praj/Desktop/robot_learning/data_collection/data_col_ws/install/ur_robot_driver/include/ur_robot_driver/hardware_interface.hpp
[33.822s] -- Installing: /home/praj/Desktop/robot_learning/data_collection/data_col_ws/install/ur_robot_driver/include/ur_robot_driver/urcl_log_handler.hpp
[33.822s] -- Installing: /home/praj/Desktop/robot_learning/data_collection/data_col_ws/install/ur_robot_driver/share/ur_robot_driver/environment/library_path.sh
[33.822s] -- Installing: /home/praj/Desktop/robot_learning/data_collection/data_col_ws/install/ur_robot_driver/share/ur_robot_driver/environment/library_path.dsv
[33.822s] -- Installing: /home/praj/Desktop/robot_learning/data_collection/data_col_ws/install/ur_robot_driver/share/ur_robot_driver/resources
[33.822s] -- Installing: /home/praj/Desktop/robot_learning/data_collection/data_col_ws/install/ur_robot_driver/share/ur_robot_driver/resources/externalcontrol-1.0.5.urcap
[33.823s] -- Installing: /home/praj/Desktop/robot_learning/data_collection/data_col_ws/install/ur_robot_driver/share/ur_robot_driver/resources/ros_control.urscript
[33.823s] -- Installing: /home/praj/Desktop/robot_learning/data_collection/data_col_ws/install/ur_robot_driver/share/ur_robot_driver/resources/rtde_input_recipe.txt
[33.823s] -- Installing: /home/praj/Desktop/robot_learning/data_collection/data_col_ws/install/ur_robot_driver/share/ur_robot_driver/resources/rs485-1.0.urcap
[33.823s] -- Installing: /home/praj/Desktop/robot_learning/data_collection/data_col_ws/install/ur_robot_driver/share/ur_robot_driver/resources/rtde_output_recipe.txt
[33.823s] -- Up-to-date: /home/praj/Desktop/robot_learning/data_collection/data_col_ws/install/ur_robot_driver/include
[33.823s] -- Up-to-date: /home/praj/Desktop/robot_learning/data_collection/data_col_ws/install/ur_robot_driver/include/ur_robot_driver
[33.823s] -- Up-to-date: /home/praj/Desktop/robot_learning/data_collection/data_col_ws/install/ur_robot_driver/include/ur_robot_driver/controller_stopper.hpp
[33.824s] -- Up-to-date: /home/praj/Desktop/robot_learning/data_collection/data_col_ws/install/ur_robot_driver/include/ur_robot_driver/robot_state_helper.hpp
[33.824s] -- Up-to-date: /home/praj/Desktop/robot_learning/data_collection/data_col_ws/install/ur_robot_driver/include/ur_robot_driver/dashboard_client_ros.hpp
[33.824s] -- Up-to-date: /home/praj/Desktop/robot_learning/data_collection/data_col_ws/install/ur_robot_driver/include/ur_robot_driver/hardware_interface.hpp
[33.824s] -- Up-to-date: /home/praj/Desktop/robot_learning/data_collection/data_col_ws/install/ur_robot_driver/include/ur_robot_driver/urcl_log_handler.hpp
[33.824s] -- Installing: /home/praj/Desktop/robot_learning/data_collection/data_col_ws/install/ur_robot_driver/share/ur_robot_driver/environment/pythonpath.sh
[33.825s] -- Installing: /home/praj/Desktop/robot_learning/data_collection/data_col_ws/install/ur_robot_driver/share/ur_robot_driver/environment/pythonpath.dsv
[33.825s] -- Installing: /home/praj/Desktop/robot_learning/data_collection/data_col_ws/install/ur_robot_driver/local/lib/python3.10/dist-packages/ur_robot_driver-2.5.2-py3.10.egg-info
[33.825s] -- Installing: /home/praj/Desktop/robot_learning/data_collection/data_col_ws/install/ur_robot_driver/local/lib/python3.10/dist-packages/ur_robot_driver-2.5.2-py3.10.egg-info/dependency_links.txt
[33.826s] -- Installing: /home/praj/Desktop/robot_learning/data_collection/data_col_ws/install/ur_robot_driver/local/lib/python3.10/dist-packages/ur_robot_driver-2.5.2-py3.10.egg-info/SOURCES.txt
[33.826s] -- Installing: /home/praj/Desktop/robot_learning/data_collection/data_col_ws/install/ur_robot_driver/local/lib/python3.10/dist-packages/ur_robot_driver-2.5.2-py3.10.egg-info/top_level.txt
[33.826s] -- Installing: /home/praj/Desktop/robot_learning/data_collection/data_col_ws/install/ur_robot_driver/local/lib/python3.10/dist-packages/ur_robot_driver-2.5.2-py3.10.egg-info/PKG-INFO
[33.826s] -- Installing: /home/praj/Desktop/robot_learning/data_collection/data_col_ws/install/ur_robot_driver/local/lib/python3.10/dist-packages/ur_robot_driver
[33.826s] -- Installing: /home/praj/Desktop/robot_learning/data_collection/data_col_ws/install/ur_robot_driver/local/lib/python3.10/dist-packages/ur_robot_driver/__init__.py
[33.857s] Listing '/home/praj/Desktop/robot_learning/data_collection/data_col_ws/install/ur_robot_driver/local/lib/python3.10/dist-packages/ur_robot_driver'...
[33.857s] Compiling '/home/praj/Desktop/robot_learning/data_collection/data_col_ws/install/ur_robot_driver/local/lib/python3.10/dist-packages/ur_robot_driver/__init__.py'...
[33.861s] -- Installing: /home/praj/Desktop/robot_learning/data_collection/data_col_ws/install/ur_robot_driver/lib/ur_robot_driver/tool_communication.py
[33.861s] -- Installing: /home/praj/Desktop/robot_learning/data_collection/data_col_ws/install/ur_robot_driver/lib/ur_robot_driver/example_move.py
[33.861s] -- Installing: /home/praj/Desktop/robot_learning/data_collection/data_col_ws/install/ur_robot_driver/lib/ur_robot_driver/start_ursim.sh
[33.861s] -- Installing: /home/praj/Desktop/robot_learning/data_collection/data_col_ws/install/ur_robot_driver/lib/ur_robot_driver/examples.py
[33.862s] -- Installing: /home/praj/Desktop/robot_learning/data_collection/data_col_ws/install/ur_robot_driver/lib/ur_robot_driver/force_mode.py
[33.862s] -- Installing: /home/praj/Desktop/robot_learning/data_collection/data_col_ws/install/ur_robot_driver/bin/wait_dashboard_server.sh
[33.862s] -- Up-to-date: /home/praj/Desktop/robot_learning/data_collection/data_col_ws/install/ur_robot_driver/lib/ur_robot_driver/start_ursim.sh
[33.862s] -- Installing: /home/praj/Desktop/robot_learning/data_collection/data_col_ws/install/ur_robot_driver/share/ur_robot_driver/config
[33.862s] -- Installing: /home/praj/Desktop/robot_learning/data_collection/data_col_ws/install/ur_robot_driver/share/ur_robot_driver/config/ur5e_update_rate.yaml
[33.862s] -- Installing: /home/praj/Desktop/robot_learning/data_collection/data_col_ws/install/ur_robot_driver/share/ur_robot_driver/config/test_goal_publishers_config.yaml
[33.862s] -- Installing: /home/praj/Desktop/robot_learning/data_collection/data_col_ws/install/ur_robot_driver/share/ur_robot_driver/config/ur3e_update_rate.yaml
[33.863s] -- Installing: /home/praj/Desktop/robot_learning/data_collection/data_col_ws/install/ur_robot_driver/share/ur_robot_driver/config/ur10e_update_rate.yaml
[33.863s] -- Installing: /home/praj/Desktop/robot_learning/data_collection/data_col_ws/install/ur_robot_driver/share/ur_robot_driver/config/ur5_update_rate.yaml
[33.863s] -- Installing: /home/praj/Desktop/robot_learning/data_collection/data_col_ws/install/ur_robot_driver/share/ur_robot_driver/config/test_velocity_goal_publishers_config.yaml
[33.863s] -- Installing: /home/praj/Desktop/robot_learning/data_collection/data_col_ws/install/ur_robot_driver/share/ur_robot_driver/config/ur_controllers.yaml
[33.863s] -- Installing: /home/praj/Desktop/robot_learning/data_collection/data_col_ws/install/ur_robot_driver/share/ur_robot_driver/config/ur10_update_rate.yaml
[33.863s] -- Installing: /home/praj/Desktop/robot_learning/data_collection/data_col_ws/install/ur_robot_driver/share/ur_robot_driver/config/ur16e_update_rate.yaml
[33.864s] -- Installing: /home/praj/Desktop/robot_learning/data_collection/data_col_ws/install/ur_robot_driver/share/ur_robot_driver/config/ur3_update_rate.yaml
[33.864s] -- Installing: /home/praj/Desktop/robot_learning/data_collection/data_col_ws/install/ur_robot_driver/share/ur_robot_driver/config/ur30_update_rate.yaml
[33.864s] -- Installing: /home/praj/Desktop/robot_learning/data_collection/data_col_ws/install/ur_robot_driver/share/ur_robot_driver/config/ur20_update_rate.yaml
[33.864s] -- Installing: /home/praj/Desktop/robot_learning/data_collection/data_col_ws/install/ur_robot_driver/share/ur_robot_driver/launch
[33.864s] -- Installing: /home/praj/Desktop/robot_learning/data_collection/data_col_ws/install/ur_robot_driver/share/ur_robot_driver/launch/ur5e.launch.py
[33.864s] -- Installing: /home/praj/Desktop/robot_learning/data_collection/data_col_ws/install/ur_robot_driver/share/ur_robot_driver/launch/ur3.launch.py
[33.864s] -- Installing: /home/praj/Desktop/robot_learning/data_collection/data_col_ws/install/ur_robot_driver/share/ur_robot_driver/launch/ur10.launch.py
[33.864s] -- Installing: /home/praj/Desktop/robot_learning/data_collection/data_col_ws/install/ur_robot_driver/share/ur_robot_driver/launch/test_scaled_joint_trajectory_controller.launch.py
[33.865s] -- Installing: /home/praj/Desktop/robot_learning/data_collection/data_col_ws/install/ur_robot_driver/share/ur_robot_driver/launch/ur5.launch.py
[33.865s] -- Installing: /home/praj/Desktop/robot_learning/data_collection/data_col_ws/install/ur_robot_driver/share/ur_robot_driver/launch/ur20.launch.py
[33.865s] -- Installing: /home/praj/Desktop/robot_learning/data_collection/data_col_ws/install/ur_robot_driver/share/ur_robot_driver/launch/ur30.launch.py
[33.865s] -- Installing: /home/praj/Desktop/robot_learning/data_collection/data_col_ws/install/ur_robot_driver/share/ur_robot_driver/launch/ur16e.launch.py
[33.865s] -- Installing: /home/praj/Desktop/robot_learning/data_collection/data_col_ws/install/ur_robot_driver/share/ur_robot_driver/launch/ur_dashboard_client.launch.py
[33.865s] -- Installing: /home/praj/Desktop/robot_learning/data_collection/data_col_ws/install/ur_robot_driver/share/ur_robot_driver/launch/test_forward_velocity_controller.launch.py
[33.865s] -- Installing: /home/praj/Desktop/robot_learning/data_collection/data_col_ws/install/ur_robot_driver/share/ur_robot_driver/launch/ur_control.launch.py
[33.865s] -- Installing: /home/praj/Desktop/robot_learning/data_collection/data_col_ws/install/ur_robot_driver/share/ur_robot_driver/launch/ur10e.launch.py
[33.866s] -- Installing: /home/praj/Desktop/robot_learning/data_collection/data_col_ws/install/ur_robot_driver/share/ur_robot_driver/launch/ur3e.launch.py
[33.866s] -- Installing: /home/praj/Desktop/robot_learning/data_collection/data_col_ws/install/ur_robot_driver/share/ur_robot_driver/launch/test_joint_trajectory_controller.launch.py
[33.866s] -- Installing: /home/praj/Desktop/robot_learning/data_collection/data_col_ws/install/ur_robot_driver/share/ament_index/resource_index/package_run_dependencies/ur_robot_driver
[33.866s] -- Installing: /home/praj/Desktop/robot_learning/data_collection/data_col_ws/install/ur_robot_driver/share/ament_index/resource_index/parent_prefix_path/ur_robot_driver
[33.866s] -- Installing: /home/praj/Desktop/robot_learning/data_collection/data_col_ws/install/ur_robot_driver/share/ur_robot_driver/environment/ament_prefix_path.sh
[33.866s] -- Installing: /home/praj/Desktop/robot_learning/data_collection/data_col_ws/install/ur_robot_driver/share/ur_robot_driver/environment/ament_prefix_path.dsv
[33.866s] -- Installing: /home/praj/Desktop/robot_learning/data_collection/data_col_ws/install/ur_robot_driver/share/ur_robot_driver/environment/path.sh
[33.866s] -- Installing: /home/praj/Desktop/robot_learning/data_collection/data_col_ws/install/ur_robot_driver/share/ur_robot_driver/environment/path.dsv
[33.867s] -- Installing: /home/praj/Desktop/robot_learning/data_collection/data_col_ws/install/ur_robot_driver/share/ur_robot_driver/local_setup.bash
[33.867s] -- Installing: /home/praj/Desktop/robot_learning/data_collection/data_col_ws/install/ur_robot_driver/share/ur_robot_driver/local_setup.sh
[33.867s] -- Installing: /home/praj/Desktop/robot_learning/data_collection/data_col_ws/install/ur_robot_driver/share/ur_robot_driver/local_setup.zsh
[33.867s] -- Installing: /home/praj/Desktop/robot_learning/data_collection/data_col_ws/install/ur_robot_driver/share/ur_robot_driver/local_setup.dsv
[33.867s] -- Installing: /home/praj/Desktop/robot_learning/data_collection/data_col_ws/install/ur_robot_driver/share/ur_robot_driver/package.dsv
[33.867s] -- Installing: /home/praj/Desktop/robot_learning/data_collection/data_col_ws/install/ur_robot_driver/share/ament_index/resource_index/packages/ur_robot_driver
[33.868s] -- Installing: /home/praj/Desktop/robot_learning/data_collection/data_col_ws/install/ur_robot_driver/share/ament_index/resource_index/hardware_interface__pluginlib__plugin/ur_robot_driver
[33.868s] -- Installing: /home/praj/Desktop/robot_learning/data_collection/data_col_ws/install/ur_robot_driver/share/ur_robot_driver/cmake/ament_cmake_export_include_directories-extras.cmake
[33.868s] -- Installing: /home/praj/Desktop/robot_learning/data_collection/data_col_ws/install/ur_robot_driver/share/ur_robot_driver/cmake/ament_cmake_export_libraries-extras.cmake
[33.868s] -- Installing: /home/praj/Desktop/robot_learning/data_collection/data_col_ws/install/ur_robot_driver/share/ur_robot_driver/cmake/ament_cmake_export_dependencies-extras.cmake
[33.870s] -- Installing: /home/praj/Desktop/robot_learning/data_collection/data_col_ws/install/ur_robot_driver/share/ur_robot_driver/cmake/ur_robot_driverConfig.cmake
[33.870s] -- Installing: /home/praj/Desktop/robot_learning/data_collection/data_col_ws/install/ur_robot_driver/share/ur_robot_driver/cmake/ur_robot_driverConfig-version.cmake
[33.870s] -- Installing: /home/praj/Desktop/robot_learning/data_collection/data_col_ws/install/ur_robot_driver/share/ur_robot_driver/package.xml
[33.872s] Invoked command in '/home/praj/Desktop/robot_learning/data_collection/data_col_ws/build/ur_robot_driver' returned '0': CMAKE_PREFIX_PATH=/home/praj/Desktop/robot_learning/data_collection/data_col_ws/install/ur_controllers:/home/praj/Desktop/robot_learning/data_collection/data_col_ws/install/ur_dashboard_msgs:/home/praj/Desktop/robot_learning/data_collection/data_col_ws/install/ur:/home/praj/Desktop/robot_learning/data_collection/data_col_ws/install/ur_calibration:/home/praj/Desktop/robot_learning/data_collection/data_col_ws/install/ur_moveit_config:/home/praj/Desktop/robot_learning/data_collection/data_col_ws/install/ur_bringup:/home/praj/Desktop/robot_learning/data_collection/data_col_ws/install/ur_robot_driver:/home/praj/Desktop/robot_learning/data_collection/data_col_ws/install/ur10e_data_collector:/opt/ros/humble /usr/bin/cmake --install /home/praj/Desktop/robot_learning/data_collection/data_col_ws/build/ur_robot_driver
