[0.011s] Invoking command in '/home/praj/Desktop/robot_learning/data_collection/data_col_ws/build/ur_bringup': AMENT_PREFIX_PATH=/home/praj/Desktop/robot_learning/data_collection/data_col_ws/install/ur_controllers:/home/praj/Desktop/robot_learning/data_collection/data_col_ws/install/ur_dashboard_msgs:${AMENT_PREFIX_PATH} CMAKE_PREFIX_PATH=/home/praj/Desktop/robot_learning/data_collection/data_col_ws/install/ur_controllers:/home/praj/Desktop/robot_learning/data_collection/data_col_ws/install/ur_dashboard_msgs:/home/praj/Desktop/robot_learning/data_collection/data_col_ws/install/ur_robot_driver:/home/praj/Desktop/robot_learning/data_collection/data_col_ws/install/ur10e_data_collector:/opt/ros/humble LD_LIBRARY_PATH=/home/praj/Desktop/robot_learning/data_collection/data_col_ws/install/ur_controllers/lib:/home/praj/Desktop/robot_learning/data_collection/data_col_ws/install/ur_dashboard_msgs/lib:${LD_LIBRARY_PATH} PYTHONPATH=/home/praj/Desktop/robot_learning/data_collection/data_col_ws/install/ur_dashboard_msgs/local/lib/python3.10/dist-packages:${PYTHONPATH} /usr/bin/cmake /home/praj/Desktop/robot_learning/data_collection/data_col_ws/src/Universal_Robots_ROS2_Driver/ur_bringup -DCMAKE_INSTALL_PREFIX=/home/praj/Desktop/robot_learning/data_collection/data_col_ws/install/ur_bringup
[0.071s] -- The C compiler identification is GNU 11.4.0
[0.128s] -- The CXX compiler identification is GNU 11.4.0
[0.135s] -- Detecting C compiler ABI info
[0.203s] -- Detecting C compiler ABI info - done
[0.214s] -- Check for working C compiler: /usr/bin/cc - skipped
[0.215s] -- Detecting C compile features
[0.215s] -- Detecting C compile features - done
[0.218s] -- Detecting CXX compiler ABI info
[0.314s] -- Detecting CXX compiler ABI info - done
[0.325s] -- Check for working CXX compiler: /usr/bin/c++ - skipped
[0.325s] -- Detecting CXX compile features
[0.326s] -- Detecting CXX compile features - done
[0.329s] -- Found ament_cmake: 1.3.11 (/opt/ros/humble/share/ament_cmake/cmake)
[0.519s] -- Found Python3: /usr/bin/python3 (found version "3.10.12") found components: Interpreter 
[0.709s] -- Configuring done
[0.713s] -- Generating done
[0.718s] -- Build files have been written to: /home/praj/Desktop/robot_learning/data_collection/data_col_ws/build/ur_bringup
[0.722s] Invoked command in '/home/praj/Desktop/robot_learning/data_collection/data_col_ws/build/ur_bringup' returned '0': AMENT_PREFIX_PATH=/home/praj/Desktop/robot_learning/data_collection/data_col_ws/install/ur_controllers:/home/praj/Desktop/robot_learning/data_collection/data_col_ws/install/ur_dashboard_msgs:${AMENT_PREFIX_PATH} CMAKE_PREFIX_PATH=/home/praj/Desktop/robot_learning/data_collection/data_col_ws/install/ur_controllers:/home/praj/Desktop/robot_learning/data_collection/data_col_ws/install/ur_dashboard_msgs:/home/praj/Desktop/robot_learning/data_collection/data_col_ws/install/ur_robot_driver:/home/praj/Desktop/robot_learning/data_collection/data_col_ws/install/ur10e_data_collector:/opt/ros/humble LD_LIBRARY_PATH=/home/praj/Desktop/robot_learning/data_collection/data_col_ws/install/ur_controllers/lib:/home/praj/Desktop/robot_learning/data_collection/data_col_ws/install/ur_dashboard_msgs/lib:${LD_LIBRARY_PATH} PYTHONPATH=/home/praj/Desktop/robot_learning/data_collection/data_col_ws/install/ur_dashboard_msgs/local/lib/python3.10/dist-packages:${PYTHONPATH} /usr/bin/cmake /home/praj/Desktop/robot_learning/data_collection/data_col_ws/src/Universal_Robots_ROS2_Driver/ur_bringup -DCMAKE_INSTALL_PREFIX=/home/praj/Desktop/robot_learning/data_collection/data_col_ws/install/ur_bringup
[0.725s] Invoking command in '/home/praj/Desktop/robot_learning/data_collection/data_col_ws/build/ur_bringup': AMENT_PREFIX_PATH=/home/praj/Desktop/robot_learning/data_collection/data_col_ws/install/ur_controllers:/home/praj/Desktop/robot_learning/data_collection/data_col_ws/install/ur_dashboard_msgs:${AMENT_PREFIX_PATH} CMAKE_PREFIX_PATH=/home/praj/Desktop/robot_learning/data_collection/data_col_ws/install/ur_controllers:/home/praj/Desktop/robot_learning/data_collection/data_col_ws/install/ur_dashboard_msgs:/home/praj/Desktop/robot_learning/data_collection/data_col_ws/install/ur_robot_driver:/home/praj/Desktop/robot_learning/data_collection/data_col_ws/install/ur10e_data_collector:/opt/ros/humble LD_LIBRARY_PATH=/home/praj/Desktop/robot_learning/data_collection/data_col_ws/install/ur_controllers/lib:/home/praj/Desktop/robot_learning/data_collection/data_col_ws/install/ur_dashboard_msgs/lib:${LD_LIBRARY_PATH} PYTHONPATH=/home/praj/Desktop/robot_learning/data_collection/data_col_ws/install/ur_dashboard_msgs/local/lib/python3.10/dist-packages:${PYTHONPATH} /usr/bin/cmake --build /home/praj/Desktop/robot_learning/data_collection/data_col_ws/build/ur_bringup -- -j12 -l12
[0.773s] Invoked command in '/home/praj/Desktop/robot_learning/data_collection/data_col_ws/build/ur_bringup' returned '0': AMENT_PREFIX_PATH=/home/praj/Desktop/robot_learning/data_collection/data_col_ws/install/ur_controllers:/home/praj/Desktop/robot_learning/data_collection/data_col_ws/install/ur_dashboard_msgs:${AMENT_PREFIX_PATH} CMAKE_PREFIX_PATH=/home/praj/Desktop/robot_learning/data_collection/data_col_ws/install/ur_controllers:/home/praj/Desktop/robot_learning/data_collection/data_col_ws/install/ur_dashboard_msgs:/home/praj/Desktop/robot_learning/data_collection/data_col_ws/install/ur_robot_driver:/home/praj/Desktop/robot_learning/data_collection/data_col_ws/install/ur10e_data_collector:/opt/ros/humble LD_LIBRARY_PATH=/home/praj/Desktop/robot_learning/data_collection/data_col_ws/install/ur_controllers/lib:/home/praj/Desktop/robot_learning/data_collection/data_col_ws/install/ur_dashboard_msgs/lib:${LD_LIBRARY_PATH} PYTHONPATH=/home/praj/Desktop/robot_learning/data_collection/data_col_ws/install/ur_dashboard_msgs/local/lib/python3.10/dist-packages:${PYTHONPATH} /usr/bin/cmake --build /home/praj/Desktop/robot_learning/data_collection/data_col_ws/build/ur_bringup -- -j12 -l12
[0.775s] Invoking command in '/home/praj/Desktop/robot_learning/data_collection/data_col_ws/build/ur_bringup': AMENT_PREFIX_PATH=/home/praj/Desktop/robot_learning/data_collection/data_col_ws/install/ur_controllers:/home/praj/Desktop/robot_learning/data_collection/data_col_ws/install/ur_dashboard_msgs:${AMENT_PREFIX_PATH} CMAKE_PREFIX_PATH=/home/praj/Desktop/robot_learning/data_collection/data_col_ws/install/ur_controllers:/home/praj/Desktop/robot_learning/data_collection/data_col_ws/install/ur_dashboard_msgs:/home/praj/Desktop/robot_learning/data_collection/data_col_ws/install/ur_robot_driver:/home/praj/Desktop/robot_learning/data_collection/data_col_ws/install/ur10e_data_collector:/opt/ros/humble LD_LIBRARY_PATH=/home/praj/Desktop/robot_learning/data_collection/data_col_ws/install/ur_controllers/lib:/home/praj/Desktop/robot_learning/data_collection/data_col_ws/install/ur_dashboard_msgs/lib:${LD_LIBRARY_PATH} PYTHONPATH=/home/praj/Desktop/robot_learning/data_collection/data_col_ws/install/ur_dashboard_msgs/local/lib/python3.10/dist-packages:${PYTHONPATH} /usr/bin/cmake --install /home/praj/Desktop/robot_learning/data_collection/data_col_ws/build/ur_bringup
[0.782s] -- Install configuration: ""
[0.783s] -- Installing: /home/praj/Desktop/robot_learning/data_collection/data_col_ws/install/ur_bringup/share/ur_bringup/config
[0.783s] -- Installing: /home/praj/Desktop/robot_learning/data_collection/data_col_ws/install/ur_bringup/share/ur_bringup/config/ur5e_update_rate.yaml
[0.783s] -- Installing: /home/praj/Desktop/robot_learning/data_collection/data_col_ws/install/ur_bringup/share/ur_bringup/config/test_goal_publishers_config.yaml
[0.783s] -- Installing: /home/praj/Desktop/robot_learning/data_collection/data_col_ws/install/ur_bringup/share/ur_bringup/config/ur3e_update_rate.yaml
[0.783s] -- Installing: /home/praj/Desktop/robot_learning/data_collection/data_col_ws/install/ur_bringup/share/ur_bringup/config/ur10e_update_rate.yaml
[0.783s] -- Installing: /home/praj/Desktop/robot_learning/data_collection/data_col_ws/install/ur_bringup/share/ur_bringup/config/ur5_update_rate.yaml
[0.784s] -- Installing: /home/praj/Desktop/robot_learning/data_collection/data_col_ws/install/ur_bringup/share/ur_bringup/config/test_velocity_goal_publishers_config.yaml
[0.784s] -- Installing: /home/praj/Desktop/robot_learning/data_collection/data_col_ws/install/ur_bringup/share/ur_bringup/config/ur_controllers.yaml
[0.784s] -- Installing: /home/praj/Desktop/robot_learning/data_collection/data_col_ws/install/ur_bringup/share/ur_bringup/config/ur10_update_rate.yaml
[0.784s] -- Installing: /home/praj/Desktop/robot_learning/data_collection/data_col_ws/install/ur_bringup/share/ur_bringup/config/ur16e_update_rate.yaml
[0.784s] -- Installing: /home/praj/Desktop/robot_learning/data_collection/data_col_ws/install/ur_bringup/share/ur_bringup/config/ur3_update_rate.yaml
[0.784s] -- Installing: /home/praj/Desktop/robot_learning/data_collection/data_col_ws/install/ur_bringup/share/ur_bringup/launch
[0.784s] -- Installing: /home/praj/Desktop/robot_learning/data_collection/data_col_ws/install/ur_bringup/share/ur_bringup/launch/ur5e.launch.py
[0.785s] -- Installing: /home/praj/Desktop/robot_learning/data_collection/data_col_ws/install/ur_bringup/share/ur_bringup/launch/ur3.launch.py
[0.785s] -- Installing: /home/praj/Desktop/robot_learning/data_collection/data_col_ws/install/ur_bringup/share/ur_bringup/launch/ur10.launch.py
[0.785s] -- Installing: /home/praj/Desktop/robot_learning/data_collection/data_col_ws/install/ur_bringup/share/ur_bringup/launch/test_scaled_joint_trajectory_controller.launch.py
[0.785s] -- Installing: /home/praj/Desktop/robot_learning/data_collection/data_col_ws/install/ur_bringup/share/ur_bringup/launch/ur5.launch.py
[0.785s] -- Installing: /home/praj/Desktop/robot_learning/data_collection/data_col_ws/install/ur_bringup/share/ur_bringup/launch/ur16e.launch.py
[0.785s] -- Installing: /home/praj/Desktop/robot_learning/data_collection/data_col_ws/install/ur_bringup/share/ur_bringup/launch/ur_dashboard_client.launch.py
[0.785s] -- Installing: /home/praj/Desktop/robot_learning/data_collection/data_col_ws/install/ur_bringup/share/ur_bringup/launch/test_forward_velocity_controller.launch.py
[0.785s] -- Installing: /home/praj/Desktop/robot_learning/data_collection/data_col_ws/install/ur_bringup/share/ur_bringup/launch/ur_control.launch.py
[0.786s] -- Installing: /home/praj/Desktop/robot_learning/data_collection/data_col_ws/install/ur_bringup/share/ur_bringup/launch/ur10e.launch.py
[0.786s] -- Installing: /home/praj/Desktop/robot_learning/data_collection/data_col_ws/install/ur_bringup/share/ur_bringup/launch/ur3e.launch.py
[0.786s] -- Installing: /home/praj/Desktop/robot_learning/data_collection/data_col_ws/install/ur_bringup/share/ur_bringup/launch/test_joint_trajectory_controller.launch.py
[0.786s] -- Installing: /home/praj/Desktop/robot_learning/data_collection/data_col_ws/install/ur_bringup/lib/ur_bringup/start_ursim.sh
[0.786s] -- Installing: /home/praj/Desktop/robot_learning/data_collection/data_col_ws/install/ur_bringup/share/ament_index/resource_index/package_run_dependencies/ur_bringup
[0.786s] -- Installing: /home/praj/Desktop/robot_learning/data_collection/data_col_ws/install/ur_bringup/share/ament_index/resource_index/parent_prefix_path/ur_bringup
[0.786s] -- Installing: /home/praj/Desktop/robot_learning/data_collection/data_col_ws/install/ur_bringup/share/ur_bringup/environment/ament_prefix_path.sh
[0.787s] -- Installing: /home/praj/Desktop/robot_learning/data_collection/data_col_ws/install/ur_bringup/share/ur_bringup/environment/ament_prefix_path.dsv
[0.787s] -- Installing: /home/praj/Desktop/robot_learning/data_collection/data_col_ws/install/ur_bringup/share/ur_bringup/environment/path.sh
[0.787s] -- Installing: /home/praj/Desktop/robot_learning/data_collection/data_col_ws/install/ur_bringup/share/ur_bringup/environment/path.dsv
[0.787s] -- Installing: /home/praj/Desktop/robot_learning/data_collection/data_col_ws/install/ur_bringup/share/ur_bringup/local_setup.bash
[0.788s] -- Installing: /home/praj/Desktop/robot_learning/data_collection/data_col_ws/install/ur_bringup/share/ur_bringup/local_setup.sh
[0.788s] -- Installing: /home/praj/Desktop/robot_learning/data_collection/data_col_ws/install/ur_bringup/share/ur_bringup/local_setup.zsh
[0.788s] -- Installing: /home/praj/Desktop/robot_learning/data_collection/data_col_ws/install/ur_bringup/share/ur_bringup/local_setup.dsv
[0.788s] -- Installing: /home/praj/Desktop/robot_learning/data_collection/data_col_ws/install/ur_bringup/share/ur_bringup/package.dsv
[0.788s] -- Installing: /home/praj/Desktop/robot_learning/data_collection/data_col_ws/install/ur_bringup/share/ament_index/resource_index/packages/ur_bringup
[0.788s] -- Installing: /home/praj/Desktop/robot_learning/data_collection/data_col_ws/install/ur_bringup/share/ur_bringup/cmake/ur_bringupConfig.cmake
[0.788s] -- Installing: /home/praj/Desktop/robot_learning/data_collection/data_col_ws/install/ur_bringup/share/ur_bringup/cmake/ur_bringupConfig-version.cmake
[0.789s] -- Installing: /home/praj/Desktop/robot_learning/data_collection/data_col_ws/install/ur_bringup/share/ur_bringup/package.xml
[0.792s] Invoked command in '/home/praj/Desktop/robot_learning/data_collection/data_col_ws/build/ur_bringup' returned '0': AMENT_PREFIX_PATH=/home/praj/Desktop/robot_learning/data_collection/data_col_ws/install/ur_controllers:/home/praj/Desktop/robot_learning/data_collection/data_col_ws/install/ur_dashboard_msgs:${AMENT_PREFIX_PATH} CMAKE_PREFIX_PATH=/home/praj/Desktop/robot_learning/data_collection/data_col_ws/install/ur_controllers:/home/praj/Desktop/robot_learning/data_collection/data_col_ws/install/ur_dashboard_msgs:/home/praj/Desktop/robot_learning/data_collection/data_col_ws/install/ur_robot_driver:/home/praj/Desktop/robot_learning/data_collection/data_col_ws/install/ur10e_data_collector:/opt/ros/humble LD_LIBRARY_PATH=/home/praj/Desktop/robot_learning/data_collection/data_col_ws/install/ur_controllers/lib:/home/praj/Desktop/robot_learning/data_collection/data_col_ws/install/ur_dashboard_msgs/lib:${LD_LIBRARY_PATH} PYTHONPATH=/home/praj/Desktop/robot_learning/data_collection/data_col_ws/install/ur_dashboard_msgs/local/lib/python3.10/dist-packages:${PYTHONPATH} /usr/bin/cmake --install /home/praj/Desktop/robot_learning/data_collection/data_col_ws/build/ur_bringup
