[0.776s] Invoking command in '/home/praj/Desktop/robot_learning/data_collection/data_col_ws/src/ur10e_data_collector': AMENT_PREFIX_PATH=/home/praj/Desktop/robot_learning/data_collection/data_col_ws/install/ur_controllers:/home/praj/Desktop/robot_learning/data_collection/data_col_ws/install/ur_dashboard_msgs:${AMENT_PREFIX_PATH} CMAKE_PREFIX_PATH=${CMAKE_PREFIX_PATH}:/home/praj/Desktop/robot_learning/data_collection/data_col_ws/install/ur_controllers:/home/praj/Desktop/robot_learning/data_collection/data_col_ws/install/ur_dashboard_msgs LD_LIBRARY_PATH=/home/praj/Desktop/robot_learning/data_collection/data_col_ws/install/ur_robot_driver/lib:/home/praj/Desktop/robot_learning/data_collection/data_col_ws/install/ur_controllers/lib:/home/praj/Desktop/robot_learning/data_collection/data_col_ws/install/ur_dashboard_msgs/lib:/opt/ros/humble/opt/rviz_ogre_vendor/lib:/opt/ros/humble/lib/x86_64-linux-gnu:/opt/ros/humble/lib PYTHONPATH=/home/praj/Desktop/robot_learning/data_collection/data_col_ws/build/ur10e_data_collector/prefix_override:/usr/lib/python3/dist-packages/colcon_core/task/python/colcon_distutils_commands:/home/praj/Desktop/robot_learning/data_collection/data_col_ws/install/ur10e_data_collector/lib/python3.10/site-packages:/home/praj/Desktop/robot_learning/data_collection/data_col_ws/install/ur_dashboard_msgs/local/lib/python3.10/dist-packages:${PYTHONPATH} /usr/bin/python3 -W ignore:setup.py install is deprecated -W ignore:easy_install command is deprecated setup.py egg_info --egg-base ../../build/ur10e_data_collector build --build-base /home/praj/Desktop/robot_learning/data_collection/data_col_ws/build/ur10e_data_collector/build install --record /home/praj/Desktop/robot_learning/data_collection/data_col_ws/build/ur10e_data_collector/install.log --single-version-externally-managed install_data
[1.040s] running egg_info
[1.041s] creating ../../build/ur10e_data_collector/ur10e_data_collector.egg-info
[1.041s] writing ../../build/ur10e_data_collector/ur10e_data_collector.egg-info/PKG-INFO
[1.041s] writing dependency_links to ../../build/ur10e_data_collector/ur10e_data_collector.egg-info/dependency_links.txt
[1.041s] writing entry points to ../../build/ur10e_data_collector/ur10e_data_collector.egg-info/entry_points.txt
[1.042s] writing requirements to ../../build/ur10e_data_collector/ur10e_data_collector.egg-info/requires.txt
[1.042s] writing top-level names to ../../build/ur10e_data_collector/ur10e_data_collector.egg-info/top_level.txt
[1.042s] writing manifest file '../../build/ur10e_data_collector/ur10e_data_collector.egg-info/SOURCES.txt'
[1.043s] reading manifest file '../../build/ur10e_data_collector/ur10e_data_collector.egg-info/SOURCES.txt'
[1.044s] writing manifest file '../../build/ur10e_data_collector/ur10e_data_collector.egg-info/SOURCES.txt'
[1.044s] running build
[1.044s] running build_py
[1.045s] creating /home/praj/Desktop/robot_learning/data_collection/data_col_ws/build/ur10e_data_collector/build
[1.045s] creating /home/praj/Desktop/robot_learning/data_collection/data_col_ws/build/ur10e_data_collector/build/lib
[1.045s] creating /home/praj/Desktop/robot_learning/data_collection/data_col_ws/build/ur10e_data_collector/build/lib/ur10e_data_collector
[1.045s] copying ur10e_data_collector/data_collector.py -> /home/praj/Desktop/robot_learning/data_collection/data_col_ws/build/ur10e_data_collector/build/lib/ur10e_data_collector
[1.045s] copying ur10e_data_collector/__init__.py -> /home/praj/Desktop/robot_learning/data_collection/data_col_ws/build/ur10e_data_collector/build/lib/ur10e_data_collector
[1.045s] running install
[1.045s] running install_lib
[1.047s] creating /home/praj/Desktop/robot_learning/data_collection/data_col_ws/install/ur10e_data_collector/lib/python3.10/site-packages/ur10e_data_collector
[1.047s] copying /home/praj/Desktop/robot_learning/data_collection/data_col_ws/build/ur10e_data_collector/build/lib/ur10e_data_collector/data_collector.py -> /home/praj/Desktop/robot_learning/data_collection/data_col_ws/install/ur10e_data_collector/lib/python3.10/site-packages/ur10e_data_collector
[1.047s] copying /home/praj/Desktop/robot_learning/data_collection/data_col_ws/build/ur10e_data_collector/build/lib/ur10e_data_collector/__init__.py -> /home/praj/Desktop/robot_learning/data_collection/data_col_ws/install/ur10e_data_collector/lib/python3.10/site-packages/ur10e_data_collector
[1.048s] byte-compiling /home/praj/Desktop/robot_learning/data_collection/data_col_ws/install/ur10e_data_collector/lib/python3.10/site-packages/ur10e_data_collector/data_collector.py to data_collector.cpython-310.pyc
[1.049s] byte-compiling /home/praj/Desktop/robot_learning/data_collection/data_col_ws/install/ur10e_data_collector/lib/python3.10/site-packages/ur10e_data_collector/__init__.py to __init__.cpython-310.pyc
[1.049s] running install_data
[1.049s] creating /home/praj/Desktop/robot_learning/data_collection/data_col_ws/install/ur10e_data_collector/share/ur10e_data_collector/launch
[1.049s] copying launch/ur10e_data_collection.launch.py -> /home/praj/Desktop/robot_learning/data_collection/data_col_ws/install/ur10e_data_collector/share/ur10e_data_collector/launch
[1.049s] running install_egg_info
[1.051s] Copying ../../build/ur10e_data_collector/ur10e_data_collector.egg-info to /home/praj/Desktop/robot_learning/data_collection/data_col_ws/install/ur10e_data_collector/lib/python3.10/site-packages/ur10e_data_collector-0.1.0-py3.10.egg-info
[1.052s] running install_scripts
[1.074s] Installing data_collector script to /home/praj/Desktop/robot_learning/data_collection/data_col_ws/install/ur10e_data_collector/lib/ur10e_data_collector
[1.074s] writing list of installed files to '/home/praj/Desktop/robot_learning/data_collection/data_col_ws/build/ur10e_data_collector/install.log'
[1.105s] Invoked command in '/home/praj/Desktop/robot_learning/data_collection/data_col_ws/src/ur10e_data_collector' returned '0': AMENT_PREFIX_PATH=/home/praj/Desktop/robot_learning/data_collection/data_col_ws/install/ur_controllers:/home/praj/Desktop/robot_learning/data_collection/data_col_ws/install/ur_dashboard_msgs:${AMENT_PREFIX_PATH} CMAKE_PREFIX_PATH=${CMAKE_PREFIX_PATH}:/home/praj/Desktop/robot_learning/data_collection/data_col_ws/install/ur_controllers:/home/praj/Desktop/robot_learning/data_collection/data_col_ws/install/ur_dashboard_msgs LD_LIBRARY_PATH=/home/praj/Desktop/robot_learning/data_collection/data_col_ws/install/ur_robot_driver/lib:/home/praj/Desktop/robot_learning/data_collection/data_col_ws/install/ur_controllers/lib:/home/praj/Desktop/robot_learning/data_collection/data_col_ws/install/ur_dashboard_msgs/lib:/opt/ros/humble/opt/rviz_ogre_vendor/lib:/opt/ros/humble/lib/x86_64-linux-gnu:/opt/ros/humble/lib PYTHONPATH=/home/praj/Desktop/robot_learning/data_collection/data_col_ws/build/ur10e_data_collector/prefix_override:/usr/lib/python3/dist-packages/colcon_core/task/python/colcon_distutils_commands:/home/praj/Desktop/robot_learning/data_collection/data_col_ws/install/ur10e_data_collector/lib/python3.10/site-packages:/home/praj/Desktop/robot_learning/data_collection/data_col_ws/install/ur_dashboard_msgs/local/lib/python3.10/dist-packages:${PYTHONPATH} /usr/bin/python3 -W ignore:setup.py install is deprecated -W ignore:easy_install command is deprecated setup.py egg_info --egg-base ../../build/ur10e_data_collector build --build-base /home/praj/Desktop/robot_learning/data_collection/data_col_ws/build/ur10e_data_collector/build install --record /home/praj/Desktop/robot_learning/data_collection/data_col_ws/build/ur10e_data_collector/install.log --single-version-externally-managed install_data
